#
# A fatal error has been detected by the Java Runtime Environment:
#
#  SIGBUS (0x7) at pc=0x00007f63e3dfbe3d, pid=21616, tid=0x00007f63c8495700
#
# JRE version: OpenJDK Runtime Environment (8.0_212-b03) (build 1.8.0_212-8u212-b03-0ubuntu1.16.04.1-b03)
# Java VM: OpenJDK 64-Bit Server VM (25.212-b03 mixed mode linux-amd64 compressed oops)
# Problematic frame:
# C  [libzip.so+0x4e3d]
#
# Failed to write core dump. Core dumps have been disabled. To enable core dumping, try "ulimit -c unlimited" before starting Java again
#
# If you would like to submit a bug report, please visit:
#   http://bugreport.java.com/bugreport/crash.jsp
# The crash happened outside the Java Virtual Machine in native code.
# See problematic frame for where to report the bug.
#

---------------  T H R E A D  ---------------

Current thread (0x00007f637c099000):  JavaThread "grpc-default-worker-ELG-3-1" daemon [_thread_in_native, id=21802, stack(0x00007f63c8395000,0x00007f63c8496000)]

siginfo: si_signo: 7 (SIGBUS), si_code: 2 (BUS_ADRERR), si_addr: 0x00007f63c91077ad

Registers:
RAX=0x00007f637006d770, RBX=0x00007f63e4233840, RCX=0x00007f63c910778d, RDX=0x00007f637006d770
RSP=0x00007f63c8492390, RBP=0x00007f63c8492400, RSI=0x00007f6370000038, RDI=0x0000000000000003
R8 =0x00007f637005c150, R9 =0x00007f63ea6901a0, R10=0x00007f63d4f1dd58, R11=0x0000000000000009
R12=0x00007f63e4275d38, R13=0x00007f63c84924a6, R14=0x00007f6364000c10, R15=0x00007f637006d770
RIP=0x00007f63e3dfbe3d, EFLAGS=0x0000000000010206, CSGSFS=0x002b000000000033, ERR=0x0000000000000004
  TRAPNO=0x000000000000000e

Top of Stack: (sp=0x00007f63c8492390)
0x00007f63c8492390:   00007f63cbaa9598 00007f63c8492468
0x00007f63c84923a0:   00007f63c8492458 00007f6300000000
0x00007f63c84923b0:   00007f6300000000 00007f63c8492470
0x00007f63c84923c0:   000000007c099000 00007f63ea0075a0
0x00007f63c84923d0:   0000000000000037 00007f63e4275d30
0x00007f63c84923e0:   000000005582cf2a 00007f63c84924a6
0x00007f63c84923f0:   00007f6364000c10 00007f63e4233840
0x00007f63c8492400:   00007f63c8492450 00007f63e3dfcbd4
0x00007f63c8492410:   00007f63c8492470 0000003701bdac00
0x00007f63c8492420:   00007f63c8492450 0000000000000037
0x00007f63c8492430:   00007f637c0991e0 0000000098017ea0
0x00007f63c8492440:   00007f63c84928c8 00007f63e4233840
0x00007f63c8492450:   00007f63c84928b0 00007f63e3dfab3c
0x00007f63c8492460:   00007f63c8492470 00000001ead6192d
0x00007f63c8492470:   797474656e2f6f69 6c656e6e6168632f
0x00007f63c8492480:   636172747362412f 6c656e6e61684374
0x00007f63c8492490:   6361727473624124 24656661736e5574
0x00007f63c84924a0:   007373616c632e37 00007f63c8492560
0x00007f63c84924b0:   00007f6300000000 00007f6300000000
0x00007f63c84924c0:   0000000000000000 00007f63c8492520
0x00007f63c84924d0:   00007f6300000000 0000000000000000
0x00007f63c84924e0:   00007f63c8492570 00007f6300000000
0x00007f63c84924f0:   00007f6300000000 00007f6300000044
0x00007f63c8492500:   0000000000000000 00007f6300000044
0x00007f63c8492510:   00007f63ea252683 0000000100000000
0x00007f63c8492520:   00007f63c84925c0 0000000000000000
0x00007f63c8492530:   ffffffffffffffff 0000000000000000
0x00007f63c8492540:   00007f63c84925e0 00007f63ea252683
0x00007f63c8492550:   ffffffffffffffff 0000000000000000
0x00007f63c8492560:   00007f63c86116c8 00007f63ea23cbbe
0x00007f63c8492570:   00007f6380f9c9d0 00007f63cbe8b4c8
0x00007f63c8492580:   00007f63cbf7d688 0000003000000010 

Instructions: (pc=0x00007f63e3dfbe3d)
0x00007f63e3dfbe1d:   40 30 00 00 00 00 48 c7 40 28 00 00 00 00 0f 84
0x00007f63e3dfbe2d:   bf 01 00 00 49 8b 0c 24 48 2b 4b 28 48 03 4b 18
0x00007f63e3dfbe3d:   0f b7 41 20 44 0f b7 69 1c 49 89 ce 44 0f b7 61
0x00007f63e3dfbe4d:   1e 89 45 c0 41 8b 46 0c 48 c7 45 c8 00 00 00 00 

Register to memory mapping:

RAX=0x00007f637006d770 is an unknown value
RBX=0x00007f63e4233840 is an unknown value
RCX=0x00007f63c910778d is an unknown value
RDX=0x00007f637006d770 is an unknown value
RSP=0x00007f63c8492390 is pointing into the stack for thread: 0x00007f637c099000
RBP=0x00007f63c8492400 is pointing into the stack for thread: 0x00007f637c099000
RSI=0x00007f6370000038 is an unknown value
RDI=0x0000000000000003 is an unknown value
R8 =0x00007f637005c150 is an unknown value
R9 =0x00007f63ea6901a0: <offset 0xf071a0> in /usr/lib/jvm/java-8-openjdk-amd64/jre/lib/amd64/server/libjvm.so at 0x00007f63e9789000
R10=0x00007f63d4f1dd58 is at entry_point+88 in (nmethod*)0x00007f63d4f1db90
R11=0x0000000000000009 is an unknown value
R12=0x00007f63e4275d38 is an unknown value
R13=0x00007f63c84924a6 is pointing into the stack for thread: 0x00007f637c099000
R14=0x00007f6364000c10 is an unknown value
R15=0x00007f637006d770 is an unknown value


Stack: [0x00007f63c8395000,0x00007f63c8496000],  sp=0x00007f63c8492390,  free space=1012k
Native frames: (J=compiled Java code, j=interpreted, Vv=VM code, C=native code)
C  [libzip.so+0x4e3d]
C  [libzip.so+0x5bd4]
C  [libzip.so+0x3b3c]  Java_java_util_zip_ZipFile_getEntry+0xfc
J 67  java.util.zip.ZipFile.getEntry(J[BZ)J (0 bytes) @ 0x00007f63d4f1ddce [0x00007f63d4f1dd00+0xce]
J 334 C2 sun.misc.URLClassPath$JarLoader.getResource(Ljava/lang/String;Z)Lsun/misc/Resource; (85 bytes) @ 0x00007f63d4fee160 [0x00007f63d4fedda0+0x3c0]
J 117 C1 sun.misc.URLClassPath.getResource(Ljava/lang/String;Z)Lsun/misc/Resource; (83 bytes) @ 0x00007f63d4f428ac [0x00007f63d4f42740+0x16c]
J 173 C1 java.net.URLClassLoader$1.run()Ljava/lang/Class; (63 bytes) @ 0x00007f63d4f61c2c [0x00007f63d4f61a20+0x20c]
J 172 C1 java.net.URLClassLoader$1.run()Ljava/lang/Object; (5 bytes) @ 0x00007f63d4f6168c [0x00007f63d4f61600+0x8c]
v  ~StubRoutines::call_stub
V  [libjvm.so+0x6679eb]
V  [libjvm.so+0x6b7ab9]  JVM_DoPrivileged+0x429
J 162  java.security.AccessController.doPrivileged(Ljava/security/PrivilegedExceptionAction;Ljava/security/AccessControlContext;)Ljava/lang/Object; (0 bytes) @ 0x00007f63d4f58495 [0x00007f63d4f583c0+0xd5]
J 141 C1 java.net.URLClassLoader.findClass(Ljava/lang/String;)Ljava/lang/Class; (47 bytes) @ 0x00007f63d4f4fec4 [0x00007f63d4f4fd40+0x184]
J 92 C1 java.lang.ClassLoader.loadClass(Ljava/lang/String;Z)Ljava/lang/Class; (122 bytes) @ 0x00007f63d4f3745c [0x00007f63d4f36b00+0x95c]
J 165 C1 sun.misc.Launcher$AppClassLoader.loadClass(Ljava/lang/String;Z)Ljava/lang/Class; (85 bytes) @ 0x00007f63d4f5ea0c [0x00007f63d4f5e080+0x98c]
J 164 C1 java.lang.ClassLoader.loadClass(Ljava/lang/String;)Ljava/lang/Class; (7 bytes) @ 0x00007f63d4f57d44 [0x00007f63d4f57c40+0x104]
v  ~StubRoutines::call_stub
V  [libjvm.so+0x6679eb]
V  [libjvm.so+0x664fc4]
V  [libjvm.so+0x665623]
V  [libjvm.so+0x9eb96d]
V  [libjvm.so+0x9ea2e6]
V  [libjvm.so+0x9ec42a]
V  [libjvm.so+0x4b997f]
V  [libjvm.so+0x6544bf]
j  io.netty.channel.AbstractChannel$AbstractUnsafe.deregister(Lio/netty/channel/ChannelPromise;Z)V+27
j  io.netty.channel.AbstractChannel$AbstractUnsafe.fireChannelInactiveAndDeregister(Z)V+24
j  io.netty.channel.AbstractChannel$AbstractUnsafe.close(Lio/netty/channel/ChannelPromise;Ljava/lang/Throwable;Ljava/nio/channels/ClosedChannelException;Z)V+188
j  io.netty.channel.AbstractChannel$AbstractUnsafe.close(Lio/netty/channel/ChannelPromise;)V+13
j  io.netty.channel.nio.AbstractNioByteChannel$NioByteUnsafe.closeOnRead(Lio/netty/channel/ChannelPipeline;)V+87
j  io.netty.channel.nio.AbstractNioByteChannel$NioByteUnsafe.read()V+167
j  io.netty.channel.nio.NioEventLoop.processSelectedKey(Ljava/nio/channels/SelectionKey;Lio/netty/channel/nio/AbstractNioChannel;)V+119
J 1083 C1 io.netty.channel.nio.NioEventLoop.processSelectedKeysOptimized([Ljava/nio/channels/SelectionKey;)V (104 bytes) @ 0x00007f63d50ba2b4 [0x00007f63d50b9de0+0x4d4]
J 1084 C1 io.netty.channel.nio.NioEventLoop.processSelectedKeys()V (33 bytes) @ 0x00007f63d5098eac [0x00007f63d5098d40+0x16c]
j  io.netty.channel.nio.NioEventLoop.run()V+126
j  io.netty.util.concurrent.SingleThreadEventExecutor$5.run()V+44
j  io.netty.util.concurrent.DefaultThreadFactory$DefaultRunnableDecorator.run()V+4
j  java.lang.Thread.run()V+11
v  ~StubRoutines::call_stub
V  [libjvm.so+0x6679eb]
V  [libjvm.so+0x664fc4]
V  [libjvm.so+0x6655a7]
V  [libjvm.so+0x6a8814]
V  [libjvm.so+0xa1a177]
V  [libjvm.so+0xa1a560]
V  [libjvm.so+0x8bfaf2]
C  [libpthread.so.0+0x76ba]  start_thread+0xca

Java frames: (J=compiled Java code, j=interpreted, Vv=VM code)
J 67  java.util.zip.ZipFile.getEntry(J[BZ)J (0 bytes) @ 0x00007f63d4f1dd58 [0x00007f63d4f1dd00+0x58]
J 334 C2 sun.misc.URLClassPath$JarLoader.getResource(Ljava/lang/String;Z)Lsun/misc/Resource; (85 bytes) @ 0x00007f63d4fee160 [0x00007f63d4fedda0+0x3c0]
J 117 C1 sun.misc.URLClassPath.getResource(Ljava/lang/String;Z)Lsun/misc/Resource; (83 bytes) @ 0x00007f63d4f428ac [0x00007f63d4f42740+0x16c]
J 173 C1 java.net.URLClassLoader$1.run()Ljava/lang/Class; (63 bytes) @ 0x00007f63d4f61c2c [0x00007f63d4f61a20+0x20c]
J 172 C1 java.net.URLClassLoader$1.run()Ljava/lang/Object; (5 bytes) @ 0x00007f63d4f6168c [0x00007f63d4f61600+0x8c]
v  ~StubRoutines::call_stub
J 162  java.security.AccessController.doPrivileged(Ljava/security/PrivilegedExceptionAction;Ljava/security/AccessControlContext;)Ljava/lang/Object; (0 bytes) @ 0x00007f63d4f58423 [0x00007f63d4f583c0+0x63]
J 141 C1 java.net.URLClassLoader.findClass(Ljava/lang/String;)Ljava/lang/Class; (47 bytes) @ 0x00007f63d4f4fec4 [0x00007f63d4f4fd40+0x184]
J 92 C1 java.lang.ClassLoader.loadClass(Ljava/lang/String;Z)Ljava/lang/Class; (122 bytes) @ 0x00007f63d4f3745c [0x00007f63d4f36b00+0x95c]
J 165 C1 sun.misc.Launcher$AppClassLoader.loadClass(Ljava/lang/String;Z)Ljava/lang/Class; (85 bytes) @ 0x00007f63d4f5ea0c [0x00007f63d4f5e080+0x98c]
J 164 C1 java.lang.ClassLoader.loadClass(Ljava/lang/String;)Ljava/lang/Class; (7 bytes) @ 0x00007f63d4f57d44 [0x00007f63d4f57c40+0x104]
v  ~StubRoutines::call_stub
j  io.netty.channel.AbstractChannel$AbstractUnsafe.deregister(Lio/netty/channel/ChannelPromise;Z)V+27
j  io.netty.channel.AbstractChannel$AbstractUnsafe.fireChannelInactiveAndDeregister(Z)V+24
j  io.netty.channel.AbstractChannel$AbstractUnsafe.close(Lio/netty/channel/ChannelPromise;Ljava/lang/Throwable;Ljava/nio/channels/ClosedChannelException;Z)V+188
j  io.netty.channel.AbstractChannel$AbstractUnsafe.close(Lio/netty/channel/ChannelPromise;)V+13
j  io.netty.channel.nio.AbstractNioByteChannel$NioByteUnsafe.closeOnRead(Lio/netty/channel/ChannelPipeline;)V+87
j  io.netty.channel.nio.AbstractNioByteChannel$NioByteUnsafe.read()V+167
j  io.netty.channel.nio.NioEventLoop.processSelectedKey(Ljava/nio/channels/SelectionKey;Lio/netty/channel/nio/AbstractNioChannel;)V+119
J 1083 C1 io.netty.channel.nio.NioEventLoop.processSelectedKeysOptimized([Ljava/nio/channels/SelectionKey;)V (104 bytes) @ 0x00007f63d50ba2b4 [0x00007f63d50b9de0+0x4d4]
J 1084 C1 io.netty.channel.nio.NioEventLoop.processSelectedKeys()V (33 bytes) @ 0x00007f63d5098eac [0x00007f63d5098d40+0x16c]
j  io.netty.channel.nio.NioEventLoop.run()V+126
j  io.netty.util.concurrent.SingleThreadEventExecutor$5.run()V+44
j  io.netty.util.concurrent.DefaultThreadFactory$DefaultRunnableDecorator.run()V+4
j  java.lang.Thread.run()V+11
v  ~StubRoutines::call_stub

---------------  P R O C E S S  ---------------

Java Threads: ( => current thread )
  0x00007f6340002800 JavaThread "grpc-default-executor-3" daemon [_thread_blocked, id=24269, stack(0x00007f63c8193000,0x00007f63c8294000)]
  0x00007f63e400a800 JavaThread "DestroyJavaVM" [_thread_blocked, id=21620, stack(0x00007f63eb3f0000,0x00007f63eb4f1000)]
  0x00007f6360026000 JavaThread "grpc-default-worker-ELG-3-4" daemon [_thread_blocked, id=22395, stack(0x00007f63808fa000,0x00007f63809fb000)]
  0x00007f635c005000 JavaThread "grpc-default-worker-ELG-3-3" daemon [_thread_in_native, id=22394, stack(0x00007f63809fb000,0x00007f6380afc000)]
  0x00007f637c07d000 JavaThread "grpc-default-worker-ELG-3-2" daemon [_thread_in_native, id=22393, stack(0x00007f6380afc000,0x00007f6380bfd000)]
  0x00007f6374001800 JavaThread "grpc-timer-0" daemon [_thread_blocked, id=22387, stack(0x00007f63c8092000,0x00007f63c8193000)]
  0x00007f637004a000 JavaThread "threadDeathWatcher-4-1" daemon [_thread_blocked, id=21804, stack(0x00007f63c8294000,0x00007f63c8395000)]
=>0x00007f637c099000 JavaThread "grpc-default-worker-ELG-3-1" daemon [_thread_in_native, id=21802, stack(0x00007f63c8395000,0x00007f63c8496000)]
  0x00007f63e465e800 JavaThread "computer" [_thread_blocked, id=21680, stack(0x00007f63c8696000,0x00007f63c8797000)]
  0x00007f63e465c800 JavaThread "127.0.0.1:50051" [_thread_blocked, id=21679, stack(0x00007f63c8797000,0x00007f63c8898000)]
  0x00007f63e465a000 JavaThread "127.0.0.1:50053" [_thread_blocked, id=21678, stack(0x00007f63c8898000,0x00007f63c8999000)]
  0x00007f63e460d800 JavaThread "grpc-default-boss-ELG-1-1" daemon [_thread_in_native, id=21675, stack(0x00007f63c8999000,0x00007f63c8a9a000)]
  0x00007f63e4212000 JavaThread "Service Thread" daemon [_thread_blocked, id=21669, stack(0x00007f63c9254000,0x00007f63c9355000)]
  0x00007f63e420f000 JavaThread "C1 CompilerThread3" daemon [_thread_blocked, id=21664, stack(0x00007f63c9355000,0x00007f63c9456000)]
  0x00007f63e420d000 JavaThread "C2 CompilerThread2" daemon [_thread_blocked, id=21661, stack(0x00007f63c9456000,0x00007f63c9557000)]
  0x00007f63e420b000 JavaThread "C2 CompilerThread1" daemon [_thread_blocked, id=21658, stack(0x00007f63c9557000,0x00007f63c9658000)]
  0x00007f63e4208800 JavaThread "C2 CompilerThread0" daemon [_thread_blocked, id=21656, stack(0x00007f63c9658000,0x00007f63c9759000)]
  0x00007f63e4207000 JavaThread "Signal Dispatcher" daemon [_thread_blocked, id=21654, stack(0x00007f63c9759000,0x00007f63c985a000)]
  0x00007f63e41d3800 JavaThread "Finalizer" daemon [_thread_blocked, id=21653, stack(0x00007f63c9ce5000,0x00007f63c9de6000)]
  0x00007f63e41d1000 JavaThread "Reference Handler" daemon [_thread_blocked, id=21650, stack(0x00007f63c9de6000,0x00007f63c9ee7000)]

Other Threads:
  0x00007f63e41c7800 VMThread [stack: 0x00007f63c9ee7000,0x00007f63c9fe8000] [id=21647]
  0x00007f63e4214000 WatcherThread [stack: 0x00007f63c9153000,0x00007f63c9254000] [id=21670]

VM state:not at safepoint (normal execution)

VM Mutex/Monitor currently owned by a thread: None

heap address: 0x0000000097c00000, size: 1668 MB, Compressed Oops mode: 32-bit
Narrow klass base: 0x0000000000000000, Narrow klass shift: 3
Compressed class space size: 1073741824 Address: 0x0000000100000000

Heap:
 PSYoungGen      total 228864K, used 112854K [0x00000000dd400000, 0x00000000ebd00000, 0x0000000100000000)
  eden space 220672K, 51% used [0x00000000dd400000,0x00000000e4225920,0x00000000eab80000)
  from space 8192K, 0% used [0x00000000eb400000,0x00000000eb410000,0x00000000ebc00000)
  to   space 8704K, 0% used [0x00000000eab80000,0x00000000eab80000,0x00000000eb400000)
 ParOldGen       total 72704K, used 7460K [0x0000000097c00000, 0x000000009c300000, 0x00000000dd400000)
  object space 72704K, 10% used [0x0000000097c00000,0x0000000098349390,0x000000009c300000)
 Metaspace       used 13475K, capacity 13640K, committed 13824K, reserved 1060864K
  class space    used 1616K, capacity 1690K, committed 1792K, reserved 1048576K

Card table byte_map: [0x00007f63d46f4000,0x00007f63d4a37000] byte_map_base: 0x00007f63d4236000

Marking Bits: (ParMarkBitMap*) 0x00007f63ea6bc580
 Begin Bits: [0x00007f63d08a0000, 0x00007f63d22b0000)
 End Bits:   [0x00007f63d22b0000, 0x00007f63d3cc0000)

Polling page: 0x00007f63eb50f000

CodeCache: size=245760Kb used=3256Kb max_used=3736Kb free=242503Kb
 bounds [0x00007f63d4df7000, 0x00007f63d51a7000, 0x00007f63e3df7000]
 total_blobs=1352 nmethods=974 adapters=293
 compilation: enabled

Compilation events (10 events):
Event: 136.554 Thread 0x00007f63e420f000 nmethod 1118 0x00007f63d4f43510 code [0x00007f63d4f43720, 0x00007f63d4f44218]
Event: 136.554 Thread 0x00007f63e420f000 1117       3       io.netty.util.ThreadDeathWatcher$Watcher::fetchWatchees (55 bytes)
Event: 136.554 Thread 0x00007f63e420f000 nmethod 1117 0x00007f63d508cb50 code [0x00007f63d508cd00, 0x00007f63d508d288]
Event: 179.744 Thread 0x00007f63e4208800 1119       4       java.util.AbstractCollection::isEmpty (13 bytes)
Event: 179.745 Thread 0x00007f63e4208800 nmethod 1119 0x00007f63d50c1510 code [0x00007f63d50c1660, 0x00007f63d50c1758]
Event: 223.560 Thread 0x00007f63e420f000 1120       3       java.util.ArrayList::isEmpty (13 bytes)
Event: 223.560 Thread 0x00007f63e420f000 nmethod 1120 0x00007f63d51016d0 code [0x00007f63d5101840, 0x00007f63d51019f0]
Event: 359.894 Thread 0x00007f63e4208800 1122       4       io.netty.util.concurrent.SingleThreadEventExecutor::hasTasks (39 bytes)
Event: 359.895 Thread 0x00007f63e4208800 nmethod 1122 0x00007f63d50b32d0 code [0x00007f63d50b3420, 0x00007f63d50b3538]
Event: 492.945 Thread 0x00007f63e420f000 1123  s    3       java.util.Vector::elementAt (48 bytes)

GC Heap History (10 events):
Event: 19.759 GC heap before
{Heap before GC invocations=4 (full 0):
 PSYoungGen      total 31744K, used 31264K [0x00000000dd400000, 0x00000000e1200000, 0x0000000100000000)
  eden space 27648K, 100% used [0x00000000dd400000,0x00000000def00000,0x00000000def00000)
  from space 4096K, 88% used [0x00000000def00000,0x00000000df288110,0x00000000df300000)
  to   space 4096K, 0% used [0x00000000e0e00000,0x00000000e0e00000,0x00000000e1200000)
 ParOldGen       total 72704K, used 3735K [0x0000000097c00000, 0x000000009c300000, 0x00000000dd400000)
  object space 72704K, 5% used [0x0000000097c00000,0x0000000097fa5d60,0x000000009c300000)
 Metaspace       used 12752K, capacity 12904K, committed 13184K, reserved 1060864K
  class space    used 1522K, capacity 1594K, committed 1664K, reserved 1048576K
Event: 19.776 GC heap after
Heap after GC invocations=4 (full 0):
 PSYoungGen      total 59392K, used 3648K [0x00000000dd400000, 0x00000000e1200000, 0x0000000100000000)
  eden space 55296K, 0% used [0x00000000dd400000,0x00000000dd400000,0x00000000e0a00000)
  from space 4096K, 89% used [0x00000000e0e00000,0x00000000e1190110,0x00000000e1200000)
  to   space 4096K, 0% used [0x00000000e0a00000,0x00000000e0a00000,0x00000000e0e00000)
 ParOldGen       total 72704K, used 3735K [0x0000000097c00000, 0x000000009c300000, 0x00000000dd400000)
  object space 72704K, 5% used [0x0000000097c00000,0x0000000097fa5d60,0x000000009c300000)
 Metaspace       used 12752K, capacity 12904K, committed 13184K, reserved 1060864K
  class space    used 1522K, capacity 1594K, committed 1664K, reserved 1048576K
}
Event: 20.350 GC heap before
{Heap before GC invocations=5 (full 0):
 PSYoungGen      total 59392K, used 58944K [0x00000000dd400000, 0x00000000e1200000, 0x0000000100000000)
  eden space 55296K, 100% used [0x00000000dd400000,0x00000000e0a00000,0x00000000e0a00000)
  from space 4096K, 89% used [0x00000000e0e00000,0x00000000e1190110,0x00000000e1200000)
  to   space 4096K, 0% used [0x00000000e0a00000,0x00000000e0a00000,0x00000000e0e00000)
 ParOldGen       total 72704K, used 3735K [0x0000000097c00000, 0x000000009c300000, 0x00000000dd400000)
  object space 72704K, 5% used [0x0000000097c00000,0x0000000097fa5d60,0x000000009c300000)
 Metaspace       used 12754K, capacity 12904K, committed 13184K, reserved 1060864K
  class space    used 1523K, capacity 1594K, committed 1664K, reserved 1048576K
Event: 20.362 GC heap after
Heap after GC invocations=5 (full 0):
 PSYoungGen      total 59392K, used 3648K [0x00000000dd400000, 0x00000000e5000000, 0x0000000100000000)
  eden space 55296K, 0% used [0x00000000dd400000,0x00000000dd400000,0x00000000e0a00000)
  from space 4096K, 89% used [0x00000000e0a00000,0x00000000e0d90110,0x00000000e0e00000)
  to   space 8192K, 0% used [0x00000000e4800000,0x00000000e4800000,0x00000000e5000000)
 ParOldGen       total 72704K, used 3743K [0x0000000097c00000, 0x000000009c300000, 0x00000000dd400000)
  object space 72704K, 5% used [0x0000000097c00000,0x0000000097fa7d60,0x000000009c300000)
 Metaspace       used 12754K, capacity 12904K, committed 13184K, reserved 1060864K
  class space    used 1523K, capacity 1594K, committed 1664K, reserved 1048576K
}
Event: 20.588 GC heap before
{Heap before GC invocations=6 (full 0):
 PSYoungGen      total 59392K, used 58944K [0x00000000dd400000, 0x00000000e5000000, 0x0000000100000000)
  eden space 55296K, 100% used [0x00000000dd400000,0x00000000e0a00000,0x00000000e0a00000)
  from space 4096K, 89% used [0x00000000e0a00000,0x00000000e0d90110,0x00000000e0e00000)
  to   space 8192K, 0% used [0x00000000e4800000,0x00000000e4800000,0x00000000e5000000)
 ParOldGen       total 72704K, used 3743K [0x0000000097c00000, 0x000000009c300000, 0x00000000dd400000)
  object space 72704K, 5% used [0x0000000097c00000,0x0000000097fa7d60,0x000000009c300000)
 Metaspace       used 12754K, capacity 12904K, committed 13184K, reserved 1060864K
  class space    used 1523K, capacity 1594K, committed 1664K, reserved 1048576K
Event: 20.596 GC heap after
Heap after GC invocations=6 (full 0):
 PSYoungGen      total 117760K, used 3648K [0x00000000dd400000, 0x00000000e4f00000, 0x0000000100000000)
  eden space 110592K, 0% used [0x00000000dd400000,0x00000000dd400000,0x00000000e4000000)
  from space 7168K, 50% used [0x00000000e4800000,0x00000000e4b90110,0x00000000e4f00000)
  to   space 7680K, 0% used [0x00000000e4000000,0x00000000e4000000,0x00000000e4780000)
 ParOldGen       total 72704K, used 3751K [0x0000000097c00000, 0x000000009c300000, 0x00000000dd400000)
  object space 72704K, 5% used [0x0000000097c00000,0x0000000097fa9d60,0x000000009c300000)
 Metaspace       used 12754K, capacity 12904K, committed 13184K, reserved 1060864K
  class space    used 1523K, capacity 1594K, committed 1664K, reserved 1048576K
}
Event: 20.949 GC heap before
{Heap before GC invocations=7 (full 0):
 PSYoungGen      total 117760K, used 114240K [0x00000000dd400000, 0x00000000e4f00000, 0x0000000100000000)
  eden space 110592K, 100% used [0x00000000dd400000,0x00000000e4000000,0x00000000e4000000)
  from space 7168K, 50% used [0x00000000e4800000,0x00000000e4b90110,0x00000000e4f00000)
  to   space 7680K, 0% used [0x00000000e4000000,0x00000000e4000000,0x00000000e4780000)
 ParOldGen       total 72704K, used 3751K [0x0000000097c00000, 0x000000009c300000, 0x00000000dd400000)
  object space 72704K, 5% used [0x0000000097c00000,0x0000000097fa9d60,0x000000009c300000)
 Metaspace       used 12754K, capacity 12904K, committed 13184K, reserved 1060864K
  class space    used 1523K, capacity 1594K, committed 1664K, reserved 1048576K
Event: 20.976 GC heap after
Heap after GC invocations=7 (full 0):
 PSYoungGen      total 118272K, used 128K [0x00000000dd400000, 0x00000000ebc00000, 0x0000000100000000)
  eden space 110592K, 0% used [0x00000000dd400000,0x00000000dd400000,0x00000000e4000000)
  from space 7680K, 1% used [0x00000000e4000000,0x00000000e4020000,0x00000000e4780000)
  to   space 8192K, 0% used [0x00000000eb400000,0x00000000eb400000,0x00000000ebc00000)
 ParOldGen       total 72704K, used 7460K [0x0000000097c00000, 0x000000009c300000, 0x00000000dd400000)
  object space 72704K, 10% used [0x0000000097c00000,0x0000000098349390,0x000000009c300000)
 Metaspace       used 12754K, capacity 12904K, committed 13184K, reserved 1060864K
  class space    used 1523K, capacity 1594K, committed 1664K, reserved 1048576K
}
Event: 21.341 GC heap before
{Heap before GC invocations=8 (full 0):
 PSYoungGen      total 118272K, used 110720K [0x00000000dd400000, 0x00000000ebc00000, 0x0000000100000000)
  eden space 110592K, 100% used [0x00000000dd400000,0x00000000e4000000,0x00000000e4000000)
  from space 7680K, 1% used [0x00000000e4000000,0x00000000e4020000,0x00000000e4780000)
  to   space 8192K, 0% used [0x00000000eb400000,0x00000000eb400000,0x00000000ebc00000)
 ParOldGen       total 72704K, used 7460K [0x0000000097c00000, 0x000000009c300000, 0x00000000dd400000)
  object space 72704K, 10% used [0x0000000097c00000,0x0000000098349390,0x000000009c300000)
 Metaspace       used 12754K, capacity 12904K, committed 13184K, reserved 1060864K
  class space    used 1523K, capacity 1594K, committed 1664K, reserved 1048576K
Event: 21.343 GC heap after
Heap after GC invocations=8 (full 0):
 PSYoungGen      total 228864K, used 64K [0x00000000dd400000, 0x00000000ebd00000, 0x0000000100000000)
  eden space 220672K, 0% used [0x00000000dd400000,0x00000000dd400000,0x00000000eab80000)
  from space 8192K, 0% used [0x00000000eb400000,0x00000000eb410000,0x00000000ebc00000)
  to   space 8704K, 0% used [0x00000000eab80000,0x00000000eab80000,0x00000000eb400000)
 ParOldGen       total 72704K, used 7460K [0x0000000097c00000, 0x000000009c300000, 0x00000000dd400000)
  object space 72704K, 10% used [0x0000000097c00000,0x0000000098349390,0x000000009c300000)
 Metaspace       used 12754K, capacity 12904K, committed 13184K, reserved 1060864K
  class space    used 1523K, capacity 1594K, committed 1664K, reserved 1048576K
}

Deoptimization events (10 events):
Event: 21.561 Thread 0x00007f637c07d000 Uncommon trap: reason=class_check action=maybe_recompile pc=0x00007f63d510f570 method=sun.reflect.DelegatingConstructorAccessorImpl.newInstance([Ljava/lang/Object;)Ljava/lang/Object; @ 5
Event: 21.568 Thread 0x00007f637c07d000 Uncommon trap: reason=speculate_class_check action=maybe_recompile pc=0x00007f63d510a304 method=java.nio.charset.CharsetEncoder.replaceWith([B)Ljava/nio/charset/CharsetEncoder; @ 53
Event: 21.573 Thread 0x00007f6370076800 Uncommon trap: reason=class_check action=maybe_recompile pc=0x00007f63d511255c method=java.nio.charset.CharsetEncoder.replaceWith([B)Ljava/nio/charset/CharsetEncoder; @ 53
Event: 21.574 Thread 0x00007f6370076800 Uncommon trap: reason=class_check action=maybe_recompile pc=0x00007f63d510f570 method=sun.reflect.DelegatingConstructorAccessorImpl.newInstance([Ljava/lang/Object;)Ljava/lang/Object; @ 5
Event: 21.585 Thread 0x00007f6374007800 Uncommon trap: reason=unstable_if action=reinterpret pc=0x00007f63d5110ae0 method=java.lang.Class.reflectionData()Ljava/lang/Class$ReflectionData; @ 17
Event: 21.585 Thread 0x00007f6374007800 Uncommon trap: reason=class_check action=maybe_recompile pc=0x00007f63d510f570 method=sun.reflect.DelegatingConstructorAccessorImpl.newInstance([Ljava/lang/Object;)Ljava/lang/Object; @ 5
Event: 21.588 Thread 0x00007f637006f000 Uncommon trap: reason=class_check action=maybe_recompile pc=0x00007f63d510f570 method=sun.reflect.DelegatingConstructorAccessorImpl.newInstance([Ljava/lang/Object;)Ljava/lang/Object; @ 5
Event: 21.621 Thread 0x00007f637006f000 Uncommon trap: reason=class_check action=maybe_recompile pc=0x00007f63d511255c method=java.nio.charset.CharsetEncoder.replaceWith([B)Ljava/nio/charset/CharsetEncoder; @ 53
Event: 21.622 Thread 0x00007f637006f000 Uncommon trap: reason=class_check action=maybe_recompile pc=0x00007f63d511255c method=java.nio.charset.CharsetEncoder.replaceWith([B)Ljava/nio/charset/CharsetEncoder; @ 53
Event: 21.650 Thread 0x00007f637006f000 Uncommon trap: reason=unstable_if action=reinterpret pc=0x00007f63d5111684 method=com.google.gson.internal.LinkedTreeMap.find(Ljava/lang/Object;Z)Lcom/google/gson/internal/LinkedTreeMap$Node; @ 16

Classes redefined (0 events):
No events

Internal exceptions (10 events):
Event: 0.360 Thread 0x00007f63e400a800 Exception <a 'java/lang/ClassNotFoundException': android/app/Application> (0x00000000de3923e8) thrown at [/build/openjdk-8-lHVHKD/openjdk-8-8u212-b03/src/hotspot/src/share/vm/classfile/systemDictionary.cpp, line 210]
Event: 0.360 Thread 0x00007f63e400a800 Exception <a 'java/lang/ClassNotFoundException': android/app/Application> (0x00000000de392650) thrown at [/build/openjdk-8-lHVHKD/openjdk-8-8u212-b03/src/hotspot/src/share/vm/classfile/systemDictionary.cpp, line 210]
Event: 9.425 Thread 0x00007f63e460d800 Exception <a 'java/lang/NoSuchFieldError': method resolution failed> (0x00000000de58f290) thrown at [/build/openjdk-8-lHVHKD/openjdk-8-8u212-b03/src/hotspot/src/share/vm/prims/methodHandles.cpp, line 1167]
Event: 9.426 Thread 0x00007f63e460d800 Exception <a 'java/lang/NoSuchFieldError': method resolution failed> (0x00000000de59c950) thrown at [/build/openjdk-8-lHVHKD/openjdk-8-8u212-b03/src/hotspot/src/share/vm/prims/methodHandles.cpp, line 1167]
Event: 9.550 Thread 0x00007f637c099000 Exception <a 'java/lang/ArrayIndexOutOfBoundsException': 32> (0x00000000decd3078) thrown at [/build/openjdk-8-lHVHKD/openjdk-8-8u212-b03/src/hotspot/src/share/vm/interpreter/interpreterRuntime.cpp, line 368]
Event: 21.440 Thread 0x00007f637c099000 Exception <a 'java/lang/ArrayIndexOutOfBoundsException': 32> (0x00000000dfed6838) thrown at [/build/openjdk-8-lHVHKD/openjdk-8-8u212-b03/src/hotspot/src/share/vm/interpreter/interpreterRuntime.cpp, line 368]
Event: 21.514 Thread 0x00007f63e465a000 Implicit null exception at 0x00007f63d511312d to 0x00007f63d51131d1
Event: 21.566 Thread 0x00007f637c07d000 Exception <a 'java/lang/ArrayIndexOutOfBoundsException': 32> (0x00000000e2aae760) thrown at [/build/openjdk-8-lHVHKD/openjdk-8-8u212-b03/src/hotspot/src/share/vm/interpreter/interpreterRuntime.cpp, line 368]
Event: 21.585 Thread 0x00007f6374007800 Implicit null exception at 0x00007f63d51109a1 to 0x00007f63d5110ac5
Event: 21.650 Thread 0x00007f637006f000 Implicit null exception at 0x00007f63d5111474 to 0x00007f63d5111665

Events (10 events):
Event: 81.651 Thread 0x00007f6374007800 Thread exited: 0x00007f6374007800
Event: 82.548 loading class io/netty/buffer/PoolArena$1
Event: 82.548 loading class io/netty/buffer/PoolArena$1 done
Event: 105.288 Executing VM operation: RevokeBias
Event: 105.288 Executing VM operation: RevokeBias done
Event: 105.288 Thread 0x00007f637006f000 Thread exited: 0x00007f637006f000
Event: 492.945 Executing VM operation: RevokeBias
Event: 492.945 Executing VM operation: RevokeBias done
Event: 492.945 loading class io/netty/channel/AbstractChannel$AbstractUnsafe$7
Event: 492.945 loading class io/netty/channel/AbstractChannel$AbstractUnsafe$7 done


Dynamic libraries:
00400000-00401000 r-xp 00000000 08:01 4992117                            /usr/lib/jvm/java-8-openjdk-amd64/jre/bin/java
00600000-00601000 r--p 00000000 08:01 4992117                            /usr/lib/jvm/java-8-openjdk-amd64/jre/bin/java
00601000-00602000 rw-p 00001000 08:01 4992117                            /usr/lib/jvm/java-8-openjdk-amd64/jre/bin/java
00fd8000-00ff9000 rw-p 00000000 00:00 0                                  [heap]
97c00000-9c300000 rw-p 00000000 00:00 0 
9c300000-dd400000 ---p 00000000 00:00 0 
dd400000-ebd00000 rw-p 00000000 00:00 0 
ebd00000-100000000 ---p 00000000 00:00 0 
100000000-1001c0000 rw-p 00000000 00:00 0 
1001c0000-140000000 ---p 00000000 00:00 0 
7f6340000000-7f6340021000 rw-p 00000000 00:00 0 
7f6340021000-7f6344000000 ---p 00000000 00:00 0 
7f6346fff000-7f6348000000 rw-p 00000000 00:00 0 
7f6348000000-7f6348021000 rw-p 00000000 00:00 0 
7f6348021000-7f634c000000 ---p 00000000 00:00 0 
7f634cffd000-7f6350000000 rw-p 00000000 00:00 0 
7f6350000000-7f6350021000 rw-p 00000000 00:00 0 
7f6350021000-7f6354000000 ---p 00000000 00:00 0 
7f6354000000-7f6354021000 rw-p 00000000 00:00 0 
7f6354021000-7f6358000000 ---p 00000000 00:00 0 
7f6358000000-7f6358021000 rw-p 00000000 00:00 0 
7f6358021000-7f635c000000 ---p 00000000 00:00 0 
7f635c000000-7f635c021000 rw-p 00000000 00:00 0 
7f635c021000-7f6360000000 ---p 00000000 00:00 0 
7f6360000000-7f636002f000 rw-p 00000000 00:00 0 
7f636002f000-7f6364000000 ---p 00000000 00:00 0 
7f6364000000-7f6364021000 rw-p 00000000 00:00 0 
7f6364021000-7f6368000000 ---p 00000000 00:00 0 
7f6368ffd000-7f636c000000 rw-p 00000000 00:00 0 
7f636c000000-7f636c05f000 rw-p 00000000 00:00 0 
7f636c05f000-7f6370000000 ---p 00000000 00:00 0 
7f6370000000-7f637008d000 rw-p 00000000 00:00 0 
7f637008d000-7f6374000000 ---p 00000000 00:00 0 
7f6374000000-7f6374021000 rw-p 00000000 00:00 0 
7f6374021000-7f6378000000 ---p 00000000 00:00 0 
7f6378000000-7f6378021000 rw-p 00000000 00:00 0 
7f6378021000-7f637c000000 ---p 00000000 00:00 0 
7f637c000000-7f637c09b000 rw-p 00000000 00:00 0 
7f637c09b000-7f6380000000 ---p 00000000 00:00 0 
7f63808fa000-7f63808fd000 ---p 00000000 00:00 0 
7f63808fd000-7f63809fb000 rw-p 00000000 00:00 0 
7f63809fb000-7f63809fe000 ---p 00000000 00:00 0 
7f63809fe000-7f6380afc000 rw-p 00000000 00:00 0 
7f6380afc000-7f6380aff000 ---p 00000000 00:00 0 
7f6380aff000-7f6380bfd000 rw-p 00000000 00:00 0 
7f6380bfd000-7f6380c00000 ---p 00000000 00:00 0 
7f6380c00000-7f6380cfe000 rw-p 00000000 00:00 0 
7f6380cfe000-7f6380d01000 ---p 00000000 00:00 0 
7f6380d01000-7f6380fbf000 rw-p 00000000 00:00 0 
7f6380fbf000-7f6380fff000 ---p 00000000 00:00 0 
7f6380fff000-7f6384000000 rw-p 00000000 00:00 0 
7f6384000000-7f6384021000 rw-p 00000000 00:00 0 
7f6384021000-7f6388000000 ---p 00000000 00:00 0 
7f6388000000-7f6388021000 rw-p 00000000 00:00 0 
7f6388021000-7f638c000000 ---p 00000000 00:00 0 
7f638c000000-7f638c6ec000 rw-p 00000000 00:00 0 
7f638c6ec000-7f6390000000 ---p 00000000 00:00 0 
7f6390000000-7f63903c2000 rw-p 00000000 00:00 0 
7f63903c2000-7f6394000000 ---p 00000000 00:00 0 
7f6394000000-7f639479d000 rw-p 00000000 00:00 0 
7f639479d000-7f6398000000 ---p 00000000 00:00 0 
7f6398000000-7f63997d3000 rw-p 00000000 00:00 0 
7f63997d3000-7f639c000000 ---p 00000000 00:00 0 
7f639c000000-7f639c021000 rw-p 00000000 00:00 0 
7f639c021000-7f63a0000000 ---p 00000000 00:00 0 
7f63a0000000-7f63a0021000 rw-p 00000000 00:00 0 
7f63a0021000-7f63a4000000 ---p 00000000 00:00 0 
7f63a4000000-7f63a4051000 rw-p 00000000 00:00 0 
7f63a4051000-7f63a8000000 ---p 00000000 00:00 0 
7f63a8000000-7f63a8021000 rw-p 00000000 00:00 0 
7f63a8021000-7f63ac000000 ---p 00000000 00:00 0 
7f63ac000000-7f63ac021000 rw-p 00000000 00:00 0 
7f63ac021000-7f63b0000000 ---p 00000000 00:00 0 
7f63b0000000-7f63b0021000 rw-p 00000000 00:00 0 
7f63b0021000-7f63b4000000 ---p 00000000 00:00 0 
7f63b4000000-7f63b4021000 rw-p 00000000 00:00 0 
7f63b4021000-7f63b8000000 ---p 00000000 00:00 0 
7f63b8000000-7f63b8021000 rw-p 00000000 00:00 0 
7f63b8021000-7f63bc000000 ---p 00000000 00:00 0 
7f63bc000000-7f63bc021000 rw-p 00000000 00:00 0 
7f63bc021000-7f63c0000000 ---p 00000000 00:00 0 
7f63c0000000-7f63c0021000 rw-p 00000000 00:00 0 
7f63c0021000-7f63c4000000 ---p 00000000 00:00 0 
7f63c4000000-7f63c4021000 rw-p 00000000 00:00 0 
7f63c4021000-7f63c8000000 ---p 00000000 00:00 0 
7f63c8092000-7f63c8095000 ---p 00000000 00:00 0 
7f63c8095000-7f63c8193000 rw-p 00000000 00:00 0 
7f63c8193000-7f63c8196000 ---p 00000000 00:00 0 
7f63c8196000-7f63c8294000 rw-p 00000000 00:00 0 
7f63c8294000-7f63c8297000 ---p 00000000 00:00 0 
7f63c8297000-7f63c8395000 rw-p 00000000 00:00 0 
7f63c8395000-7f63c8398000 ---p 00000000 00:00 0 
7f63c8398000-7f63c8696000 rw-p 00000000 00:00 0 
7f63c8696000-7f63c8699000 ---p 00000000 00:00 0 
7f63c8699000-7f63c8797000 rw-p 00000000 00:00 0 
7f63c8797000-7f63c879a000 ---p 00000000 00:00 0 
7f63c879a000-7f63c8898000 rw-p 00000000 00:00 0 
7f63c8898000-7f63c889b000 ---p 00000000 00:00 0 
7f63c889b000-7f63c8999000 rw-p 00000000 00:00 0 
7f63c8999000-7f63c899c000 ---p 00000000 00:00 0 
7f63c899c000-7f63c8a9a000 rw-p 00000000 00:00 0 
7f63c8a9a000-7f63c8aa3000 r-xp 00000000 08:01 4992141                    /usr/lib/jvm/java-8-openjdk-amd64/jre/lib/amd64/libmanagement.so
7f63c8aa3000-7f63c8ca2000 ---p 00009000 08:01 4992141                    /usr/lib/jvm/java-8-openjdk-amd64/jre/lib/amd64/libmanagement.so
7f63c8ca2000-7f63c8ca3000 r--p 00008000 08:01 4992141                    /usr/lib/jvm/java-8-openjdk-amd64/jre/lib/amd64/libmanagement.so
7f63c8ca3000-7f63c8ca4000 rw-p 00009000 08:01 4992141                    /usr/lib/jvm/java-8-openjdk-amd64/jre/lib/amd64/libmanagement.so
7f63c8ca4000-7f63c8cba000 r-xp 00000000 08:01 4992163                    /usr/lib/jvm/java-8-openjdk-amd64/jre/lib/amd64/libnet.so
7f63c8cba000-7f63c8eba000 ---p 00016000 08:01 4992163                    /usr/lib/jvm/java-8-openjdk-amd64/jre/lib/amd64/libnet.so
7f63c8eba000-7f63c8ebb000 r--p 00016000 08:01 4992163                    /usr/lib/jvm/java-8-openjdk-amd64/jre/lib/amd64/libnet.so
7f63c8ebb000-7f63c8ebc000 rw-p 00017000 08:01 4992163                    /usr/lib/jvm/java-8-openjdk-amd64/jre/lib/amd64/libnet.so
7f63c8ebc000-7f63c8ecd000 r-xp 00000000 08:01 4992137                    /usr/lib/jvm/java-8-openjdk-amd64/jre/lib/amd64/libnio.so
7f63c8ecd000-7f63c90cc000 ---p 00011000 08:01 4992137                    /usr/lib/jvm/java-8-openjdk-amd64/jre/lib/amd64/libnio.so
7f63c90cc000-7f63c90cd000 r--p 00010000 08:01 4992137                    /usr/lib/jvm/java-8-openjdk-amd64/jre/lib/amd64/libnio.so
7f63c90cd000-7f63c90ce000 rw-p 00011000 08:01 4992137                    /usr/lib/jvm/java-8-openjdk-amd64/jre/lib/amd64/libnio.so
7f63c90ce000-7f63c9153000 r--s 00715000 08:01 1580664                    /home/nuz/workspace/os/project/project4/blockdb_java/target/original-blockchaindb-1.0.jar
7f63c9153000-7f63c9154000 ---p 00000000 00:00 0 
7f63c9154000-7f63c9254000 rw-p 00000000 00:00 0 
7f63c9254000-7f63c9257000 ---p 00000000 00:00 0 
7f63c9257000-7f63c9355000 rw-p 00000000 00:00 0 
7f63c9355000-7f63c9358000 ---p 00000000 00:00 0 
7f63c9358000-7f63c9456000 rw-p 00000000 00:00 0 
7f63c9456000-7f63c9459000 ---p 00000000 00:00 0 
7f63c9459000-7f63c9557000 rw-p 00000000 00:00 0 
7f63c9557000-7f63c955a000 ---p 00000000 00:00 0 
7f63c955a000-7f63c9658000 rw-p 00000000 00:00 0 
7f63c9658000-7f63c965b000 ---p 00000000 00:00 0 
7f63c965b000-7f63c9759000 rw-p 00000000 00:00 0 
7f63c9759000-7f63c975c000 ---p 00000000 00:00 0 
7f63c975c000-7f63c985a000 rw-p 00000000 00:00 0 
7f63c985a000-7f63c9ce5000 r--p 00000000 08:01 3933817                    /usr/lib/locale/locale-archive
7f63c9ce5000-7f63c9ce8000 ---p 00000000 00:00 0 
7f63c9ce8000-7f63c9de6000 rw-p 00000000 00:00 0 
7f63c9de6000-7f63c9de9000 ---p 00000000 00:00 0 
7f63c9de9000-7f63c9ee7000 rw-p 00000000 00:00 0 
7f63c9ee7000-7f63c9ee8000 ---p 00000000 00:00 0 
7f63c9ee8000-7f63cc000000 rw-p 00000000 00:00 0 
7f63cc000000-7f63cc021000 rw-p 00000000 00:00 0 
7f63cc021000-7f63d0000000 ---p 00000000 00:00 0 
7f63d0016000-7f63d0319000 rw-p 00000000 00:00 0 
7f63d0319000-7f63d04e8000 r--s 03c3b000 08:01 4992170                    /usr/lib/jvm/java-8-openjdk-amd64/jre/lib/rt.jar
7f63d04e8000-7f63d3cc0000 rw-p 00000000 00:00 0 
7f63d3cc0000-7f63d3cc1000 ---p 00000000 00:00 0 
7f63d3cc1000-7f63d3dc1000 rw-p 00000000 00:00 0 
7f63d3dc1000-7f63d3dc2000 ---p 00000000 00:00 0 
7f63d3dc2000-7f63d3ec2000 rw-p 00000000 00:00 0 
7f63d3ec2000-7f63d3ec3000 ---p 00000000 00:00 0 
7f63d3ec3000-7f63d3fc3000 rw-p 00000000 00:00 0 
7f63d3fc3000-7f63d3fc4000 ---p 00000000 00:00 0 
7f63d3fc4000-7f63d40c4000 rw-p 00000000 00:00 0 
7f63d40c4000-7f63d40c5000 ---p 00000000 00:00 0 
7f63d40c5000-7f63d41c5000 rw-p 00000000 00:00 0 
7f63d41c5000-7f63d41c6000 ---p 00000000 00:00 0 
7f63d41c6000-7f63d42c6000 rw-p 00000000 00:00 0 
7f63d42c6000-7f63d42c7000 ---p 00000000 00:00 0 
7f63d42c7000-7f63d43c7000 rw-p 00000000 00:00 0 
7f63d43c7000-7f63d43c8000 ---p 00000000 00:00 0 
7f63d43c8000-7f63d44ec000 rw-p 00000000 00:00 0 
7f63d44ec000-7f63d46f4000 ---p 00000000 00:00 0 
7f63d46f4000-7f63d4718000 rw-p 00000000 00:00 0 
7f63d4718000-7f63d4920000 ---p 00000000 00:00 0 
7f63d4920000-7f63d4995000 rw-p 00000000 00:00 0 
7f63d4995000-7f63d4a36000 ---p 00000000 00:00 0 
7f63d4a36000-7f63d4a46000 rw-p 00000000 00:00 0 
7f63d4a46000-7f63d4df7000 ---p 00000000 00:00 0 
7f63d4df7000-7f63d51a7000 rwxp 00000000 00:00 0 
7f63d51a7000-7f63e3df7000 ---p 00000000 00:00 0 
7f63e3df7000-7f63e3dff000 r-xp 00000000 08:01 4992169                    /usr/lib/jvm/java-8-openjdk-amd64/jre/lib/amd64/libzip.so
7f63e3dff000-7f63e3ffe000 ---p 00008000 08:01 4992169                    /usr/lib/jvm/java-8-openjdk-amd64/jre/lib/amd64/libzip.so
7f63e3ffe000-7f63e3fff000 r--p 00007000 08:01 4992169                    /usr/lib/jvm/java-8-openjdk-amd64/jre/lib/amd64/libzip.so
7f63e3fff000-7f63e4000000 rw-p 00008000 08:01 4992169                    /usr/lib/jvm/java-8-openjdk-amd64/jre/lib/amd64/libzip.so
7f63e4000000-7f63e4663000 rw-p 00000000 00:00 0 
7f63e4663000-7f63e8000000 ---p 00000000 00:00 0 
7f63e802b000-7f63e8046000 r--s 001d6000 08:01 4992197                    /usr/lib/jvm/java-8-openjdk-amd64/jre/lib/ext/nashorn.jar
7f63e8046000-7f63e8061000 r--s 00394000 08:01 4992196                    /usr/lib/jvm/java-8-openjdk-amd64/jre/lib/ext/cldrdata.jar
7f63e8061000-7f63e806c000 r-xp 00000000 08:01 1065545                    /lib/x86_64-linux-gnu/libnss_files-2.23.so
7f63e806c000-7f63e826b000 ---p 0000b000 08:01 1065545                    /lib/x86_64-linux-gnu/libnss_files-2.23.so
7f63e826b000-7f63e826c000 r--p 0000a000 08:01 1065545                    /lib/x86_64-linux-gnu/libnss_files-2.23.so
7f63e826c000-7f63e826d000 rw-p 0000b000 08:01 1065545                    /lib/x86_64-linux-gnu/libnss_files-2.23.so
7f63e826d000-7f63e8273000 rw-p 00000000 00:00 0 
7f63e8273000-7f63e827e000 r-xp 00000000 08:01 1065538                    /lib/x86_64-linux-gnu/libnss_nis-2.23.so
7f63e827e000-7f63e847d000 ---p 0000b000 08:01 1065538                    /lib/x86_64-linux-gnu/libnss_nis-2.23.so
7f63e847d000-7f63e847e000 r--p 0000a000 08:01 1065538                    /lib/x86_64-linux-gnu/libnss_nis-2.23.so
7f63e847e000-7f63e847f000 rw-p 0000b000 08:01 1065538                    /lib/x86_64-linux-gnu/libnss_nis-2.23.so
7f63e847f000-7f63e8495000 r-xp 00000000 08:01 1065543                    /lib/x86_64-linux-gnu/libnsl-2.23.so
7f63e8495000-7f63e8694000 ---p 00016000 08:01 1065543                    /lib/x86_64-linux-gnu/libnsl-2.23.so
7f63e8694000-7f63e8695000 r--p 00015000 08:01 1065543                    /lib/x86_64-linux-gnu/libnsl-2.23.so
7f63e8695000-7f63e8696000 rw-p 00016000 08:01 1065543                    /lib/x86_64-linux-gnu/libnsl-2.23.so
7f63e8696000-7f63e8698000 rw-p 00000000 00:00 0 
7f63e8698000-7f63e86a0000 r-xp 00000000 08:01 1065549                    /lib/x86_64-linux-gnu/libnss_compat-2.23.so
7f63e86a0000-7f63e889f000 ---p 00008000 08:01 1065549                    /lib/x86_64-linux-gnu/libnss_compat-2.23.so
7f63e889f000-7f63e88a0000 r--p 00007000 08:01 1065549                    /lib/x86_64-linux-gnu/libnss_compat-2.23.so
7f63e88a0000-7f63e88a1000 rw-p 00008000 08:01 1065549                    /lib/x86_64-linux-gnu/libnss_compat-2.23.so
7f63e88a1000-7f63e88cd000 r-xp 00000000 08:01 4992151                    /usr/lib/jvm/java-8-openjdk-amd64/jre/lib/amd64/libjava.so
7f63e88cd000-7f63e8acc000 ---p 0002c000 08:01 4992151                    /usr/lib/jvm/java-8-openjdk-amd64/jre/lib/amd64/libjava.so
7f63e8acc000-7f63e8acd000 r--p 0002b000 08:01 4992151                    /usr/lib/jvm/java-8-openjdk-amd64/jre/lib/amd64/libjava.so
7f63e8acd000-7f63e8acf000 rw-p 0002c000 08:01 4992151                    /usr/lib/jvm/java-8-openjdk-amd64/jre/lib/amd64/libjava.so
7f63e8acf000-7f63e8ade000 r-xp 00000000 08:01 4992140                    /usr/lib/jvm/java-8-openjdk-amd64/jre/lib/amd64/libverify.so
7f63e8ade000-7f63e8cdd000 ---p 0000f000 08:01 4992140                    /usr/lib/jvm/java-8-openjdk-amd64/jre/lib/amd64/libverify.so
7f63e8cdd000-7f63e8cdf000 r--p 0000e000 08:01 4992140                    /usr/lib/jvm/java-8-openjdk-amd64/jre/lib/amd64/libverify.so
7f63e8cdf000-7f63e8ce0000 rw-p 00010000 08:01 4992140                    /usr/lib/jvm/java-8-openjdk-amd64/jre/lib/amd64/libverify.so
7f63e8ce0000-7f63e8ce7000 r-xp 00000000 08:01 1065531                    /lib/x86_64-linux-gnu/librt-2.23.so
7f63e8ce7000-7f63e8ee6000 ---p 00007000 08:01 1065531                    /lib/x86_64-linux-gnu/librt-2.23.so
7f63e8ee6000-7f63e8ee7000 r--p 00006000 08:01 1065531                    /lib/x86_64-linux-gnu/librt-2.23.so
7f63e8ee7000-7f63e8ee8000 rw-p 00007000 08:01 1065531                    /lib/x86_64-linux-gnu/librt-2.23.so
7f63e8ee8000-7f63e8efe000 r-xp 00000000 08:01 1053211                    /lib/x86_64-linux-gnu/libgcc_s.so.1
7f63e8efe000-7f63e90fd000 ---p 00016000 08:01 1053211                    /lib/x86_64-linux-gnu/libgcc_s.so.1
7f63e90fd000-7f63e90fe000 rw-p 00015000 08:01 1053211                    /lib/x86_64-linux-gnu/libgcc_s.so.1
7f63e90fe000-7f63e9206000 r-xp 00000000 08:01 1065551                    /lib/x86_64-linux-gnu/libm-2.23.so
7f63e9206000-7f63e9405000 ---p 00108000 08:01 1065551                    /lib/x86_64-linux-gnu/libm-2.23.so
7f63e9405000-7f63e9406000 r--p 00107000 08:01 1065551                    /lib/x86_64-linux-gnu/libm-2.23.so
7f63e9406000-7f63e9407000 rw-p 00108000 08:01 1065551                    /lib/x86_64-linux-gnu/libm-2.23.so
7f63e9407000-7f63e9579000 r-xp 00000000 08:01 3932559                    /usr/lib/x86_64-linux-gnu/libstdc++.so.6.0.21
7f63e9579000-7f63e9779000 ---p 00172000 08:01 3932559                    /usr/lib/x86_64-linux-gnu/libstdc++.so.6.0.21
7f63e9779000-7f63e9783000 r--p 00172000 08:01 3932559                    /usr/lib/x86_64-linux-gnu/libstdc++.so.6.0.21
7f63e9783000-7f63e9785000 rw-p 0017c000 08:01 3932559                    /usr/lib/x86_64-linux-gnu/libstdc++.so.6.0.21
7f63e9785000-7f63e9789000 rw-p 00000000 00:00 0 
7f63e9789000-7f63ea3ed000 r-xp 00000000 08:01 4992149                    /usr/lib/jvm/java-8-openjdk-amd64/jre/lib/amd64/server/libjvm.so
7f63ea3ed000-7f63ea5ec000 ---p 00c64000 08:01 4992149                    /usr/lib/jvm/java-8-openjdk-amd64/jre/lib/amd64/server/libjvm.so
7f63ea5ec000-7f63ea680000 r--p 00c63000 08:01 4992149                    /usr/lib/jvm/java-8-openjdk-amd64/jre/lib/amd64/server/libjvm.so
7f63ea680000-7f63ea6a9000 rw-p 00cf7000 08:01 4992149                    /usr/lib/jvm/java-8-openjdk-amd64/jre/lib/amd64/server/libjvm.so
7f63ea6a9000-7f63ea6d9000 rw-p 00000000 00:00 0 
7f63ea6d9000-7f63ea6f1000 r-xp 00000000 08:01 1065535                    /lib/x86_64-linux-gnu/libpthread-2.23.so
7f63ea6f1000-7f63ea8f0000 ---p 00018000 08:01 1065535                    /lib/x86_64-linux-gnu/libpthread-2.23.so
7f63ea8f0000-7f63ea8f1000 r--p 00017000 08:01 1065535                    /lib/x86_64-linux-gnu/libpthread-2.23.so
7f63ea8f1000-7f63ea8f2000 rw-p 00018000 08:01 1065535                    /lib/x86_64-linux-gnu/libpthread-2.23.so
7f63ea8f2000-7f63ea8f6000 rw-p 00000000 00:00 0 
7f63ea8f6000-7f63ea8f9000 r-xp 00000000 08:01 1065533                    /lib/x86_64-linux-gnu/libdl-2.23.so
7f63ea8f9000-7f63eaaf8000 ---p 00003000 08:01 1065533                    /lib/x86_64-linux-gnu/libdl-2.23.so
7f63eaaf8000-7f63eaaf9000 r--p 00002000 08:01 1065533                    /lib/x86_64-linux-gnu/libdl-2.23.so
7f63eaaf9000-7f63eaafa000 rw-p 00003000 08:01 1065533                    /lib/x86_64-linux-gnu/libdl-2.23.so
7f63eaafa000-7f63eab13000 r-xp 00000000 08:01 1065754                    /lib/x86_64-linux-gnu/libz.so.1.2.8
7f63eab13000-7f63ead12000 ---p 00019000 08:01 1065754                    /lib/x86_64-linux-gnu/libz.so.1.2.8
7f63ead12000-7f63ead13000 r--p 00018000 08:01 1065754                    /lib/x86_64-linux-gnu/libz.so.1.2.8
7f63ead13000-7f63ead14000 rw-p 00019000 08:01 1065754                    /lib/x86_64-linux-gnu/libz.so.1.2.8
7f63ead14000-7f63eaed4000 r-xp 00000000 08:01 1065548                    /lib/x86_64-linux-gnu/libc-2.23.so
7f63eaed4000-7f63eb0d4000 ---p 001c0000 08:01 1065548                    /lib/x86_64-linux-gnu/libc-2.23.so
7f63eb0d4000-7f63eb0d8000 r--p 001c0000 08:01 1065548                    /lib/x86_64-linux-gnu/libc-2.23.so
7f63eb0d8000-7f63eb0da000 rw-p 001c4000 08:01 1065548                    /lib/x86_64-linux-gnu/libc-2.23.so
7f63eb0da000-7f63eb0de000 rw-p 00000000 00:00 0 
7f63eb0de000-7f63eb0eb000 r-xp 00000000 08:01 4992168                    /usr/lib/jvm/java-8-openjdk-amd64/jre/lib/amd64/jli/libjli.so
7f63eb0eb000-7f63eb2ea000 ---p 0000d000 08:01 4992168                    /usr/lib/jvm/java-8-openjdk-amd64/jre/lib/amd64/jli/libjli.so
7f63eb2ea000-7f63eb2eb000 r--p 0000c000 08:01 4992168                    /usr/lib/jvm/java-8-openjdk-amd64/jre/lib/amd64/jli/libjli.so
7f63eb2eb000-7f63eb2ec000 rw-p 0000d000 08:01 4992168                    /usr/lib/jvm/java-8-openjdk-amd64/jre/lib/amd64/jli/libjli.so
7f63eb2ec000-7f63eb312000 r-xp 00000000 08:01 1065534                    /lib/x86_64-linux-gnu/ld-2.23.so
7f63eb318000-7f63eb31c000 r--s 000a1000 08:01 4992174                    /usr/lib/jvm/java-8-openjdk-amd64/jre/lib/jsse.jar
7f63eb31c000-7f63eb326000 r--s 00116000 08:01 4992203                    /usr/lib/jvm/java-8-openjdk-amd64/jre/lib/ext/localedata.jar
7f63eb326000-7f63eb3f0000 rw-p 00000000 00:00 0 
7f63eb3f0000-7f63eb3f3000 ---p 00000000 00:00 0 
7f63eb3f3000-7f63eb4f5000 rw-p 00000000 00:00 0 
7f63eb4f5000-7f63eb4f8000 r--s 0000f000 08:01 4992195                    /usr/lib/jvm/java-8-openjdk-amd64/jre/lib/ext/icedtea-sound.jar
7f63eb4f8000-7f63eb4fa000 r--s 00008000 08:01 4992199                    /usr/lib/jvm/java-8-openjdk-amd64/jre/lib/ext/sunec.jar
7f63eb4fa000-7f63eb4fd000 r--s 00039000 08:01 4992204                    /usr/lib/jvm/java-8-openjdk-amd64/jre/lib/ext/sunpkcs11.jar
7f63eb4fd000-7f63eb4fe000 r--s 0000a000 08:01 4992201                    /usr/lib/jvm/java-8-openjdk-amd64/jre/lib/ext/jaccess.jar
7f63eb4fe000-7f63eb4ff000 r--s 00010000 08:01 4992198                    /usr/lib/jvm/java-8-openjdk-amd64/jre/lib/ext/zipfs.jar
7f63eb4ff000-7f63eb504000 r--s 0003c000 08:01 4992200                    /usr/lib/jvm/java-8-openjdk-amd64/jre/lib/ext/sunjce_provider.jar
7f63eb504000-7f63eb506000 r--s 00001000 08:01 4992202                    /usr/lib/jvm/java-8-openjdk-amd64/jre/lib/ext/dnsns.jar
7f63eb506000-7f63eb50e000 rw-s 00000000 08:01 2883753                    /tmp/hsperfdata_nuz/21616
7f63eb50e000-7f63eb50f000 rw-p 00000000 00:00 0 
7f63eb50f000-7f63eb510000 r--p 00000000 00:00 0 
7f63eb510000-7f63eb511000 rw-p 00000000 00:00 0 
7f63eb511000-7f63eb512000 r--p 00025000 08:01 1065534                    /lib/x86_64-linux-gnu/ld-2.23.so
7f63eb512000-7f63eb513000 rw-p 00026000 08:01 1065534                    /lib/x86_64-linux-gnu/ld-2.23.so
7f63eb513000-7f63eb514000 rw-p 00000000 00:00 0 
7ffe9dfd0000-7ffe9dff1000 rw-p 00000000 00:00 0                          [stack]
7ffe9dff4000-7ffe9dff6000 r--p 00000000 00:00 0                          [vvar]
7ffe9dff6000-7ffe9dff8000 r-xp 00000000 00:00 0                          [vdso]
ffffffffff600000-ffffffffff601000 r-xp 00000000 00:00 0                  [vsyscall]

VM Arguments:
java_command: target/blockchaindb-1.0.jar --id 2
java_class_path (initial): target/blockchaindb-1.0.jar
Launcher Type: SUN_STANDARD

Environment Variables:
PATH=/home/nuz/bin:/home/nuz/.local/bin:/usr/local/sbin:/usr/local/bin:/usr/sbin:/usr/bin:/sbin:/bin:/usr/games:/usr/local/games:/snap/bin:/home/nuz/workspace/gopackages/bin:/usr/lib/go/bin
SHELL=/bin/bash
DISPLAY=:0

Signal Handlers:
SIGSEGV: [libjvm.so+0xa765a0], sa_mask[0]=11111111011111111101111111111110, sa_flags=SA_RESTART|SA_SIGINFO
SIGBUS: [libjvm.so+0xa765a0], sa_mask[0]=11111111011111111101111111111110, sa_flags=SA_RESTART|SA_SIGINFO
SIGFPE: [libjvm.so+0x8bd800], sa_mask[0]=11111111011111111101111111111110, sa_flags=SA_RESTART|SA_SIGINFO
SIGPIPE: [libjvm.so+0x8bd800], sa_mask[0]=11111111011111111101111111111110, sa_flags=SA_RESTART|SA_SIGINFO
SIGXFSZ: [libjvm.so+0x8bd800], sa_mask[0]=11111111011111111101111111111110, sa_flags=SA_RESTART|SA_SIGINFO
SIGILL: [libjvm.so+0x8bd800], sa_mask[0]=11111111011111111101111111111110, sa_flags=SA_RESTART|SA_SIGINFO
SIGUSR1: SIG_DFL, sa_mask[0]=00000000000000000000000000000000, sa_flags=none
SIGUSR2: [libjvm.so+0x8bd6b0], sa_mask[0]=00000000000000000000000000000000, sa_flags=SA_RESTART|SA_SIGINFO
SIGHUP: [libjvm.so+0x8bdd40], sa_mask[0]=11111111011111111101111111111110, sa_flags=SA_RESTART|SA_SIGINFO
SIGINT: SIG_IGN, sa_mask[0]=00000000000000000000000000000000, sa_flags=none
SIGTERM: [libjvm.so+0x8bdd40], sa_mask[0]=11111111011111111101111111111110, sa_flags=SA_RESTART|SA_SIGINFO
SIGQUIT: [libjvm.so+0x8bdd40], sa_mask[0]=11111111011111111101111111111110, sa_flags=SA_RESTART|SA_SIGINFO


---------------  S Y S T E M  ---------------

OS:DISTRIB_ID=Ubuntu
DISTRIB_RELEASE=16.04
DISTRIB_CODENAME=xenial
DISTRIB_DESCRIPTION="Ubuntu 16.04.2 LTS"

uname:Linux 4.8.0-36-generic #36~16.04.1-Ubuntu SMP Sun Feb 5 09:39:57 UTC 2017 x86_64
libc:glibc 2.23 NPTL 2.23 
rlimit: STACK 8192k, CORE 0k, NPROC 26494, NOFILE 1048576, AS infinity
load average:1.80 1.40 1.14

/proc/meminfo:
MemTotal:        6825212 kB
MemFree:         1755760 kB
MemAvailable:    2118956 kB
Buffers:           26648 kB
Cached:          1098916 kB
SwapCached:          152 kB
Active:          3836952 kB
Inactive:         941820 kB
Active(anon):    3508740 kB
Inactive(anon):   736044 kB
Active(file):     328212 kB
Inactive(file):   205776 kB
Unevictable:        8620 kB
Mlocked:            8620 kB
SwapTotal:       7017468 kB
SwapFree:        7005580 kB
Dirty:              8724 kB
Writeback:             0 kB
AnonPages:       3408628 kB
Mapped:           515656 kB
Shmem:            583596 kB
Slab:             148788 kB
SReclaimable:      97016 kB
SUnreclaim:        51772 kB
KernelStack:       17392 kB
PageTables:        52592 kB
NFS_Unstable:          0 kB
Bounce:                0 kB
WritebackTmp:          0 kB
CommitLimit:    10430072 kB
Committed_AS:    9593612 kB
VmallocTotal:   34359738367 kB
VmallocUsed:           0 kB
VmallocChunk:          0 kB
HardwareCorrupted:     0 kB
AnonHugePages:   1746944 kB
ShmemHugePages:        0 kB
ShmemPmdMapped:        0 kB
CmaTotal:              0 kB
CmaFree:               0 kB
HugePages_Total:       0
HugePages_Free:        0
HugePages_Rsvd:        0
HugePages_Surp:        0
Hugepagesize:       2048 kB
DirectMap4k:      119500 kB
DirectMap2M:     6899712 kB

container (cgroup) information:
container_type: cgroupv1
cpu_cpuset_cpus: 0-7
cpu_memory_nodes: 0
active_processor_count: 8
cpu_quota: -1
cpu_period: 100000
cpu_shares: -1
memory_limit_in_bytes: -1
memory_and_swap_limit_in_bytes: -2
memory_soft_limit_in_bytes: -1
memory_usage_in_bytes: 4903346176
memory_max_usage_in_bytes: 557150208


CPU:total 8 (initial active 8) (4 cores per cpu, 2 threads per core) family 6 model 58 stepping 9, cmov, cx8, fxsr, mmx, sse, sse2, sse3, ssse3, sse4.1, sse4.2, popcnt, avx, aes, clmul, erms, ht, tsc, tscinvbit, tscinv

/proc/cpuinfo:
processor	: 0
vendor_id	: GenuineIntel
cpu family	: 6
model		: 58
model name	: Intel(R) Core(TM) i7-3740QM CPU @ 2.70GHz
stepping	: 9
microcode	: 0x12
cpu MHz		: 3365.277
cache size	: 6144 KB
physical id	: 0
siblings	: 8
core id		: 0
cpu cores	: 4
apicid		: 0
initial apicid	: 0
fpu		: yes
fpu_exception	: yes
cpuid level	: 13
wp		: yes
flags		: fpu vme de pse tsc msr pae mce cx8 apic sep mtrr pge mca cmov pat pse36 clflush dts acpi mmx fxsr sse sse2 ss ht tm pbe syscall nx rdtscp lm constant_tsc arch_perfmon pebs bts rep_good nopl xtopology nonstop_tsc aperfmperf eagerfpu pni pclmulqdq dtes64 monitor ds_cpl vmx smx est tm2 ssse3 cx16 xtpr pdcm pcid sse4_1 sse4_2 x2apic popcnt tsc_deadline_timer aes xsave avx f16c rdrand lahf_lm epb tpr_shadow vnmi flexpriority ept vpid fsgsbase smep erms xsaveopt dtherm ida arat pln pts
bugs		:
bogomips	: 5387.92
clflush size	: 64
cache_alignment	: 64
address sizes	: 36 bits physical, 48 bits virtual
power management:

processor	: 1
vendor_id	: GenuineIntel
cpu family	: 6
model		: 58
model name	: Intel(R) Core(TM) i7-3740QM CPU @ 2.70GHz
stepping	: 9
microcode	: 0x12
cpu MHz		: 2851.611
cache size	: 6144 KB
physical id	: 0
siblings	: 8
core id		: 0
cpu cores	: 4
apicid		: 1
initial apicid	: 1
fpu		: yes
fpu_exception	: yes
cpuid level	: 13
wp		: yes
flags		: fpu vme de pse tsc msr pae mce cx8 apic sep mtrr pge mca cmov pat pse36 clflush dts acpi mmx fxsr sse sse2 ss ht tm pbe syscall nx rdtscp lm constant_tsc arch_perfmon pebs bts rep_good nopl xtopology nonstop_tsc aperfmperf eagerfpu pni pclmulqdq dtes64 monitor ds_cpl vmx smx est tm2 ssse3 cx16 xtpr pdcm pcid sse4_1 sse4_2 x2apic popcnt tsc_deadline_timer aes xsave avx f16c rdrand lahf_lm epb tpr_shadow vnmi flexpriority ept vpid fsgsbase smep erms xsaveopt dtherm ida arat pln pts
bugs		:
bogomips	: 5387.92
clflush size	: 64
cache_alignment	: 64
address sizes	: 36 bits physical, 48 bits virtual
power management:

processor	: 2
vendor_id	: GenuineIntel
cpu family	: 6
model		: 58
model name	: Intel(R) Core(TM) i7-3740QM CPU @ 2.70GHz
stepping	: 9
microcode	: 0x12
cpu MHz		: 3162.579
cache size	: 6144 KB
physical id	: 0
siblings	: 8
core id		: 1
cpu cores	: 4
apicid		: 2
initial apicid	: 2
fpu		: yes
fpu_exception	: yes
cpuid level	: 13
wp		: yes
flags		: fpu vme de pse tsc msr pae mce cx8 apic sep mtrr pge mca cmov pat pse36 clflush dts acpi mmx fxsr sse sse2 ss ht tm pbe syscall nx rdtscp lm constant_tsc arch_perfmon pebs bts rep_good nopl xtopology nonstop_tsc aperfmperf eagerfpu pni pclmulqdq dtes64 monitor ds_cpl vmx smx est tm2 ssse3 cx16 xtpr pdcm pcid sse4_1 sse4_2 x2apic popcnt tsc_deadline_timer aes xsave avx f16c rdrand lahf_lm epb tpr_shadow vnmi flexpriority ept vpid fsgsbase smep erms xsaveopt dtherm ida arat pln pts
bugs		:
bogomips	: 5387.92
clflush size	: 64
cache_alignment	: 64
address sizes	: 36 bits physical, 48 bits virtual
power management:

processor	: 3
vendor_id	: GenuineIntel
cpu family	: 6
model		: 58
model name	: Intel(R) Core(TM) i7-3740QM CPU @ 2.70GHz
stepping	: 9
microcode	: 0x12
cpu MHz		: 3183.013
cache size	: 6144 KB
physical id	: 0
siblings	: 8
core id		: 1
cpu cores	: 4
apicid		: 3
initial apicid	: 3
fpu		: yes
fpu_exception	: yes
cpuid level	: 13
wp		: yes
flags		: fpu vme de pse tsc msr pae mce cx8 apic sep mtrr pge mca cmov pat pse36 clflush dts acpi mmx fxsr sse sse2 ss ht tm pbe syscall nx rdtscp lm constant_tsc arch_perfmon pebs bts rep_good nopl xtopology nonstop_tsc aperfmperf eagerfpu pni pclmulqdq dtes64 monitor ds_cpl vmx smx est tm2 ssse3 cx16 xtpr pdcm pcid sse4_1 sse4_2 x2apic popcnt tsc_deadline_timer aes xsave avx f16c rdrand lahf_lm epb tpr_shadow vnmi flexpriority ept vpid fsgsbase smep erms xsaveopt dtherm ida arat pln pts
bugs		:
bogomips	: 5387.92
clflush size	: 64
cache_alignment	: 64
address sizes	: 36 bits physical, 48 bits virtual
power management:

processor	: 4
vendor_id	: GenuineIntel
cpu family	: 6
model		: 58
model name	: Intel(R) Core(TM) i7-3740QM CPU @ 2.70GHz
stepping	: 9
microcode	: 0x12
cpu MHz		: 3193.890
cache size	: 6144 KB
physical id	: 0
siblings	: 8
core id		: 2
cpu cores	: 4
apicid		: 4
initial apicid	: 4
fpu		: yes
fpu_exception	: yes
cpuid level	: 13
wp		: yes
flags		: fpu vme de pse tsc msr pae mce cx8 apic sep mtrr pge mca cmov pat pse36 clflush dts acpi mmx fxsr sse sse2 ss ht tm pbe syscall nx rdtscp lm constant_tsc arch_perfmon pebs bts rep_good nopl xtopology nonstop_tsc aperfmperf eagerfpu pni pclmulqdq dtes64 monitor ds_cpl vmx smx est tm2 ssse3 cx16 xtpr pdcm pcid sse4_1 sse4_2 x2apic popcnt tsc_deadline_timer aes xsave avx f16c rdrand lahf_lm epb tpr_shadow vnmi flexpriority ept vpid fsgsbase smep erms xsaveopt dtherm ida arat pln pts
bugs		:
bogomips	: 5387.92
clflush size	: 64
cache_alignment	: 64
address sizes	: 36 bits physical, 48 bits virtual
power management:

processor	: 5
vendor_id	: GenuineIntel
cpu family	: 6
model		: 58
model name	: Intel(R) Core(TM) i7-3740QM CPU @ 2.70GHz
stepping	: 9
microcode	: 0x12
cpu MHz		: 3191.748
cache size	: 6144 KB
physical id	: 0
siblings	: 8
core id		: 2
cpu cores	: 4
apicid		: 5
initial apicid	: 5
fpu		: yes
fpu_exception	: yes
cpuid level	: 13
wp		: yes
flags		: fpu vme de pse tsc msr pae mce cx8 apic sep mtrr pge mca cmov pat pse36 clflush dts acpi mmx fxsr sse sse2 ss ht tm pbe syscall nx rdtscp lm constant_tsc arch_perfmon pebs bts rep_good nopl xtopology nonstop_tsc aperfmperf eagerfpu pni pclmulqdq dtes64 monitor ds_cpl vmx smx est tm2 ssse3 cx16 xtpr pdcm pcid sse4_1 sse4_2 x2apic popcnt tsc_deadline_timer aes xsave avx f16c rdrand lahf_lm epb tpr_shadow vnmi flexpriority ept vpid fsgsbase smep erms xsaveopt dtherm ida arat pln pts
bugs		:
bogomips	: 5387.92
clflush size	: 64
cache_alignment	: 64
address sizes	: 36 bits physical, 48 bits virtual
power management:

processor	: 6
vendor_id	: GenuineIntel
cpu family	: 6
model		: 58
model name	: Intel(R) Core(TM) i7-3740QM CPU @ 2.70GHz
stepping	: 9
microcode	: 0x12
cpu MHz		: 3210.699
cache size	: 6144 KB
physical id	: 0
siblings	: 8
core id		: 3
cpu cores	: 4
apicid		: 6
initial apicid	: 6
fpu		: yes
fpu_exception	: yes
cpuid level	: 13
wp		: yes
flags		: fpu vme de pse tsc msr pae mce cx8 apic sep mtrr pge mca cmov pat pse36 clflush dts acpi mmx fxsr sse sse2 ss ht tm pbe syscall nx rdtscp lm constant_tsc arch_perfmon pebs bts rep_good nopl xtopology nonstop_tsc aperfmperf eagerfpu pni pclmulqdq dtes64 monitor ds_cpl vmx smx est tm2 ssse3 cx16 xtpr pdcm pcid sse4_1 sse4_2 x2apic popcnt tsc_deadline_timer aes xsave avx f16c rdrand lahf_lm epb tpr_shadow vnmi flexpriority ept vpid fsgsbase smep erms xsaveopt dtherm ida arat pln pts
bugs		:
bogomips	: 5387.92
clflush size	: 64
cache_alignment	: 64
address sizes	: 36 bits physical, 48 bits virtual
power management:

processor	: 7
vendor_id	: GenuineIntel
cpu family	: 6
model		: 58
model name	: Intel(R) Core(TM) i7-3740QM CPU @ 2.70GHz
stepping	: 9
microcode	: 0x12
cpu MHz		: 3318.475
cache size	: 6144 KB
physical id	: 0
siblings	: 8
core id		: 3
cpu cores	: 4
apicid		: 7
initial apicid	: 7
fpu		: yes
fpu_exception	: yes
cpuid level	: 13
wp		: yes
flags		: fpu vme de pse tsc msr pae mce cx8 apic sep mtrr pge mca cmov pat pse36 clflush dts acpi mmx fxsr sse sse2 ss ht tm pbe syscall nx rdtscp lm constant_tsc arch_perfmon pebs bts rep_good nopl xtopology nonstop_tsc aperfmperf eagerfpu pni pclmulqdq dtes64 monitor ds_cpl vmx smx est tm2 ssse3 cx16 xtpr pdcm pcid sse4_1 sse4_2 x2apic popcnt tsc_deadline_timer aes xsave avx f16c rdrand lahf_lm epb tpr_shadow vnmi flexpriority ept vpid fsgsbase smep erms xsaveopt dtherm ida arat pln pts
bugs		:
bogomips	: 5387.92
clflush size	: 64
cache_alignment	: 64
address sizes	: 36 bits physical, 48 bits virtual
power management:



Memory: 4k page, physical 6825212k(1755760k free), swap 7017468k(7005580k free)

vm_info: OpenJDK 64-Bit Server VM (25.212-b03) for linux-amd64 JRE (1.8.0_212-8u212-b03-0ubuntu1.16.04.1-b03), built on Apr 26 2019 02:02:50 by "buildd" with gcc 5.4.0 20160609

time: Tue Jun 25 01:29:15 2019
timezone: CST
elapsed time: 492 seconds (0d 0h 8m 12s)

