#
# A fatal error has been detected by the Java Runtime Environment:
#
#  SIGBUS (0x7) at pc=0x00007fb4a3be9e3d, pid=22573, tid=0x00007fb48035d700
#
# JRE version: OpenJDK Runtime Environment (8.0_212-b03) (build 1.8.0_212-8u212-b03-0ubuntu1.16.04.1-b03)
# Java VM: OpenJDK 64-Bit Server VM (25.212-b03 mixed mode linux-amd64 compressed oops)
# Problematic frame:
# C  [libzip.so+0x4e3d]
#
# Failed to write core dump. Core dumps have been disabled. To enable core dumping, try "ulimit -c unlimited" before starting Java again
#
# If you would like to submit a bug report, please visit:
#   http://bugreport.java.com/bugreport/crash.jsp
# The crash happened outside the Java Virtual Machine in native code.
# See problematic frame for where to report the bug.
#

---------------  T H R E A D  ---------------

Current thread (0x00007fb420017800):  JavaThread "Thread-1" [_thread_in_native, id=25944, stack(0x00007fb48025d000,0x00007fb48035e000)]

siginfo: si_signo: 7 (SIGBUS), si_code: 2 (BUS_ADRERR), si_addr: 0x00007fb4810d1774

Registers:
RAX=0x00007fb42401a0e0, RBX=0x00007fb4a4233840, RCX=0x00007fb4810d1754, RDX=0x00007fb42401a0e0
RSP=0x00007fb48035a650, RBP=0x00007fb48035a6c0, RSI=0x000000008200000c, RDI=0x0000000000000140
R8 =0x00007fb424000258, R9 =0x00007fb4aa6211a0, R10=0x00007fb494d15f18, R11=0x0000000000000009
R12=0x00007fb4a4275ef8, R13=0x00007fb48035a766, R14=0x00007fb430000c40, R15=0x00007fb42401a0e0
RIP=0x00007fb4a3be9e3d, EFLAGS=0x0000000000010202, CSGSFS=0x002b000000000033, ERR=0x0000000000000004
  TRAPNO=0x000000000000000e

Top of Stack: (sp=0x00007fb48035a650)
0x00007fb48035a650:   6169726583ac23d0 00007fb48035a728
0x00007fb48035a660:   00007fb48035a718 2932353100000000
0x00007fb48035a670:   76616a2000000000 00007fb48035a730
0x00007fb48035a680:   0000000020017800 00007fb4a9f985a0
0x00007fb48035a690:   0000000000000037 00007fb4a4275ef0
0x00007fb48035a6a0:   000000005cf53e6c 00007fb48035a766
0x00007fb48035a6b0:   00007fb430000c40 00007fb4a4233840
0x00007fb48035a6c0:   00007fb48035a710 00007fb4a3beabd4
0x00007fb48035a6d0:   00007fb48035a730 00000037014c5a00
0x00007fb48035a6e0:   00007fb48035a710 0000000000000037
0x00007fb48035a6f0:   00007fb4200179e0 000000009804e4b0
0x00007fb48035a700:   00007fb48035ab88 00007fb4a4233840
0x00007fb48035a710:   00007fb48035ab70 00007fb4a3be8b3c
0x00007fb48035a720:   00007fb48035a730 00000001aacf292d
0x00007fb48035a730:   797474656e2f6f69 6c656e6e6168632f
0x00007fb48035a740:   636172747362412f 6c656e6e61684374
0x00007fb48035a750:   4372656c646e6148 3124747865746e6f
0x00007fb48035a760:   007373616c632e33 00007fb48035a820
0x00007fb48035a770:   00007fb400000000 0000000000000000
0x00007fb48035a780:   0000000000000000 00007fb48035a820
0x00007fb48035a790:   00007fb400000000 00007fb400000000
0x00007fb48035a7a0:   00007fb48035a830 00007fb400000000
0x00007fb48035a7b0:   0000000100000000 00007fb400000044
0x00007fb48035a7c0:   0000000000000000 00007fb400000044
0x00007fb48035a7d0:   00007fb4aa1e3683 0000000100000000
0x00007fb48035a7e0:   00007fb48035a880 0000000000000000
0x00007fb48035a7f0:   ffffffffffffffff 0000000000000000
0x00007fb48035a800:   00007fb48035a8a0 00007fb4aa1e3683
0x00007fb48035a810:   ffffffffffffffff 0000000000000000
0x00007fb48035a820:   00007fb480714550 00007fb4aa1cdbbe
0x00007fb48035a830:   00007fb4805b9348 00007fb480755648
0x00007fb48035a840:   00007fb483949350 0000003000000010 

Instructions: (pc=0x00007fb4a3be9e3d)
0x00007fb4a3be9e1d:   40 30 00 00 00 00 48 c7 40 28 00 00 00 00 0f 84
0x00007fb4a3be9e2d:   bf 01 00 00 49 8b 0c 24 48 2b 4b 28 48 03 4b 18
0x00007fb4a3be9e3d:   0f b7 41 20 44 0f b7 69 1c 49 89 ce 44 0f b7 61
0x00007fb4a3be9e4d:   1e 89 45 c0 41 8b 46 0c 48 c7 45 c8 00 00 00 00 

Register to memory mapping:

RAX=0x00007fb42401a0e0 is an unknown value
RBX=0x00007fb4a4233840 is an unknown value
RCX=0x00007fb4810d1754 is an unknown value
RDX=0x00007fb42401a0e0 is an unknown value
RSP=0x00007fb48035a650 is pointing into the stack for thread: 0x00007fb420017800
RBP=0x00007fb48035a6c0 is pointing into the stack for thread: 0x00007fb420017800
RSI=0x000000008200000c is an unknown value
RDI=0x0000000000000140 is an unknown value
R8 =0x00007fb424000258 is an unknown value
R9 =0x00007fb4aa6211a0: <offset 0xf071a0> in /usr/lib/jvm/java-8-openjdk-amd64/jre/lib/amd64/server/libjvm.so at 0x00007fb4a971a000
R10=0x00007fb494d15f18 is at entry_point+88 in (nmethod*)0x00007fb494d15d50
R11=0x0000000000000009 is an unknown value
R12=0x00007fb4a4275ef8 is an unknown value
R13=0x00007fb48035a766 is pointing into the stack for thread: 0x00007fb420017800
R14=0x00007fb430000c40 is an unknown value
R15=0x00007fb42401a0e0 is an unknown value


Stack: [0x00007fb48025d000,0x00007fb48035e000],  sp=0x00007fb48035a650,  free space=1013k
Native frames: (J=compiled Java code, j=interpreted, Vv=VM code, C=native code)
C  [libzip.so+0x4e3d]
C  [libzip.so+0x5bd4]
C  [libzip.so+0x3b3c]  Java_java_util_zip_ZipFile_getEntry+0xfc
J 68  java.util.zip.ZipFile.getEntry(J[BZ)J (0 bytes) @ 0x00007fb494d15f8e [0x00007fb494d15ec0+0xce]
J 346 C2 sun.misc.URLClassPath$JarLoader.getResource(Ljava/lang/String;Z)Lsun/misc/Resource; (85 bytes) @ 0x00007fb494ddb760 [0x00007fb494ddb3a0+0x3c0]
J 128 C1 sun.misc.URLClassPath.getResource(Ljava/lang/String;Z)Lsun/misc/Resource; (83 bytes) @ 0x00007fb494d355ac [0x00007fb494d35440+0x16c]
J 181 C1 java.net.URLClassLoader$1.run()Ljava/lang/Class; (63 bytes) @ 0x00007fb494d5086c [0x00007fb494d50660+0x20c]
J 180 C1 java.net.URLClassLoader$1.run()Ljava/lang/Object; (5 bytes) @ 0x00007fb494d502cc [0x00007fb494d50240+0x8c]
v  ~StubRoutines::call_stub
V  [libjvm.so+0x6679eb]
V  [libjvm.so+0x6b7ab9]  JVM_DoPrivileged+0x429
J 172  java.security.AccessController.doPrivileged(Ljava/security/PrivilegedExceptionAction;Ljava/security/AccessControlContext;)Ljava/lang/Object; (0 bytes) @ 0x00007fb494d4cad5 [0x00007fb494d4ca00+0xd5]
J 178 C1 java.net.URLClassLoader.findClass(Ljava/lang/String;)Ljava/lang/Class; (47 bytes) @ 0x00007fb494d4f584 [0x00007fb494d4f400+0x184]
J 108 C1 java.lang.ClassLoader.loadClass(Ljava/lang/String;Z)Ljava/lang/Class; (122 bytes) @ 0x00007fb494d28e9c [0x00007fb494d28540+0x95c]
J 174 C1 sun.misc.Launcher$AppClassLoader.loadClass(Ljava/lang/String;Z)Ljava/lang/Class; (85 bytes) @ 0x00007fb494d4df8c [0x00007fb494d4d600+0x98c]
J 173 C1 java.lang.ClassLoader.loadClass(Ljava/lang/String;)Ljava/lang/Class; (7 bytes) @ 0x00007fb494d4d244 [0x00007fb494d4d140+0x104]
v  ~StubRoutines::call_stub
V  [libjvm.so+0x6679eb]
V  [libjvm.so+0x664fc4]
V  [libjvm.so+0x665623]
V  [libjvm.so+0x9eb96d]
V  [libjvm.so+0x9ea2e6]
V  [libjvm.so+0x9ec42a]
V  [libjvm.so+0x4b997f]
V  [libjvm.so+0x6544bf]
j  io.netty.channel.AbstractChannelHandlerContext.close(Lio/netty/channel/ChannelPromise;)Lio/netty/channel/ChannelFuture;+39
j  io.netty.channel.AbstractChannelHandlerContext.close()Lio/netty/channel/ChannelFuture;+5
j  io.netty.channel.DefaultChannelPipeline.close()Lio/netty/channel/ChannelFuture;+4
j  io.netty.channel.AbstractChannel.close()Lio/netty/channel/ChannelFuture;+4
j  io.grpc.netty.NettyServer.shutdown()V+24
j  io.grpc.internal.ServerImpl.shutdown()Lio/grpc/internal/ServerImpl;+59
j  io.grpc.internal.ServerImpl.shutdown()Lio/grpc/Server;+1
j  iiis.systems.os.blockchaindb.BlockChainMinerServer.stop()V+11
j  iiis.systems.os.blockchaindb.BlockChainMinerServer.access$000(Liiis/systems/os/blockchaindb/BlockChainMinerServer;)V+1
j  iiis.systems.os.blockchaindb.BlockChainMinerServer$1.run()V+12
v  ~StubRoutines::call_stub
V  [libjvm.so+0x6679eb]
V  [libjvm.so+0x664fc4]
V  [libjvm.so+0x6655a7]
V  [libjvm.so+0x6a8814]
V  [libjvm.so+0xa1a177]
V  [libjvm.so+0xa1a560]
V  [libjvm.so+0x8bfaf2]
C  [libpthread.so.0+0x76ba]  start_thread+0xca

Java frames: (J=compiled Java code, j=interpreted, Vv=VM code)
J 68  java.util.zip.ZipFile.getEntry(J[BZ)J (0 bytes) @ 0x00007fb494d15f18 [0x00007fb494d15ec0+0x58]
J 346 C2 sun.misc.URLClassPath$JarLoader.getResource(Ljava/lang/String;Z)Lsun/misc/Resource; (85 bytes) @ 0x00007fb494ddb760 [0x00007fb494ddb3a0+0x3c0]
J 128 C1 sun.misc.URLClassPath.getResource(Ljava/lang/String;Z)Lsun/misc/Resource; (83 bytes) @ 0x00007fb494d355ac [0x00007fb494d35440+0x16c]
J 181 C1 java.net.URLClassLoader$1.run()Ljava/lang/Class; (63 bytes) @ 0x00007fb494d5086c [0x00007fb494d50660+0x20c]
J 180 C1 java.net.URLClassLoader$1.run()Ljava/lang/Object; (5 bytes) @ 0x00007fb494d502cc [0x00007fb494d50240+0x8c]
v  ~StubRoutines::call_stub
J 172  java.security.AccessController.doPrivileged(Ljava/security/PrivilegedExceptionAction;Ljava/security/AccessControlContext;)Ljava/lang/Object; (0 bytes) @ 0x00007fb494d4ca63 [0x00007fb494d4ca00+0x63]
J 178 C1 java.net.URLClassLoader.findClass(Ljava/lang/String;)Ljava/lang/Class; (47 bytes) @ 0x00007fb494d4f584 [0x00007fb494d4f400+0x184]
J 108 C1 java.lang.ClassLoader.loadClass(Ljava/lang/String;Z)Ljava/lang/Class; (122 bytes) @ 0x00007fb494d28e9c [0x00007fb494d28540+0x95c]
J 174 C1 sun.misc.Launcher$AppClassLoader.loadClass(Ljava/lang/String;Z)Ljava/lang/Class; (85 bytes) @ 0x00007fb494d4df8c [0x00007fb494d4d600+0x98c]
J 173 C1 java.lang.ClassLoader.loadClass(Ljava/lang/String;)Ljava/lang/Class; (7 bytes) @ 0x00007fb494d4d244 [0x00007fb494d4d140+0x104]
v  ~StubRoutines::call_stub
j  io.netty.channel.AbstractChannelHandlerContext.close(Lio/netty/channel/ChannelPromise;)Lio/netty/channel/ChannelFuture;+39
j  io.netty.channel.AbstractChannelHandlerContext.close()Lio/netty/channel/ChannelFuture;+5
j  io.netty.channel.DefaultChannelPipeline.close()Lio/netty/channel/ChannelFuture;+4
j  io.netty.channel.AbstractChannel.close()Lio/netty/channel/ChannelFuture;+4
j  io.grpc.netty.NettyServer.shutdown()V+24
j  io.grpc.internal.ServerImpl.shutdown()Lio/grpc/internal/ServerImpl;+59
j  io.grpc.internal.ServerImpl.shutdown()Lio/grpc/Server;+1
j  iiis.systems.os.blockchaindb.BlockChainMinerServer.stop()V+11
j  iiis.systems.os.blockchaindb.BlockChainMinerServer.access$000(Liiis/systems/os/blockchaindb/BlockChainMinerServer;)V+1
j  iiis.systems.os.blockchaindb.BlockChainMinerServer$1.run()V+12
v  ~StubRoutines::call_stub

---------------  P R O C E S S  ---------------

Java Threads: ( => current thread )
  0x00007fb420018800 JavaThread "Thread-0" [_thread_in_Java, id=25945, stack(0x00007fb428afa000,0x00007fb428bfb000)]
=>0x00007fb420017800 JavaThread "Thread-1" [_thread_in_native, id=25944, stack(0x00007fb48025d000,0x00007fb48035e000)]
  0x00007fb454001000 JavaThread "SIGINT handler" daemon [_thread_blocked, id=25943, stack(0x00007fb478dfd000,0x00007fb478efe000)]
  0x00007fb44003e800 JavaThread "grpc-default-worker-ELG-3-16" daemon [_thread_in_native, id=23208, stack(0x00007fb428dfb000,0x00007fb428efc000)]
  0x00007fb44003d000 JavaThread "grpc-default-worker-ELG-3-15" daemon [_thread_in_native, id=23207, stack(0x00007fb428efc000,0x00007fb428ffd000)]
  0x00007fb41c007800 JavaThread "grpc-default-worker-ELG-3-14" daemon [_thread_in_native, id=23198, stack(0x00007fb4780f0000,0x00007fb4781f1000)]
  0x00007fb44003b000 JavaThread "grpc-default-worker-ELG-3-13" daemon [_thread_in_native, id=23106, stack(0x00007fb4781f1000,0x00007fb4782f2000)]
  0x00007fb440039800 JavaThread "grpc-default-worker-ELG-3-12" daemon [_thread_in_native, id=23105, stack(0x00007fb4782f2000,0x00007fb4783f3000)]
  0x00007fb440037800 JavaThread "grpc-default-worker-ELG-3-11" daemon [_thread_in_native, id=23003, stack(0x00007fb4783f3000,0x00007fb4784f4000)]
  0x00007fb440035800 JavaThread "grpc-default-worker-ELG-3-10" daemon [_thread_in_native, id=23002, stack(0x00007fb4784f4000,0x00007fb4785f5000)]
  0x00007fb41c005800 JavaThread "grpc-default-worker-ELG-3-9" daemon [_thread_in_native, id=22991, stack(0x00007fb4785f5000,0x00007fb4786f6000)]
  0x00007fb440034000 JavaThread "grpc-default-worker-ELG-3-8" daemon [_thread_in_native, id=22910, stack(0x00007fb4786f6000,0x00007fb4787f7000)]
  0x00007fb440032800 JavaThread "grpc-default-worker-ELG-3-7" daemon [_thread_in_native, id=22909, stack(0x00007fb4787f7000,0x00007fb4788f8000)]
  0x00007fb41c004000 JavaThread "grpc-default-worker-ELG-3-6" daemon [_thread_in_native, id=22812, stack(0x00007fb4788f8000,0x00007fb4789f9000)]
  0x00007fb440030800 JavaThread "grpc-default-worker-ELG-3-5" daemon [_thread_in_native, id=22811, stack(0x00007fb4789f9000,0x00007fb478afa000)]
  0x00007fb44002f800 JavaThread "grpc-default-worker-ELG-3-4" daemon [_thread_in_native, id=22810, stack(0x00007fb478afa000,0x00007fb478bfb000)]
  0x00007fb41c001000 JavaThread "grpc-default-worker-ELG-3-3" daemon [_thread_in_native, id=22710, stack(0x00007fb478bfb000,0x00007fb478cfc000)]
  0x00007fb42000c000 JavaThread "grpc-default-worker-ELG-3-2" daemon [_thread_in_native, id=22709, stack(0x00007fb478cfc000,0x00007fb478dfd000)]
  0x00007fb434003000 JavaThread "grpc-timer-0" daemon [_thread_blocked, id=22707, stack(0x00007fb478efe000,0x00007fb478fff000)]
  0x00007fb42c085000 JavaThread "threadDeathWatcher-4-1" daemon [_thread_blocked, id=22705, stack(0x00007fb48035e000,0x00007fb48045f000)]
  0x00007fb44002d000 JavaThread "grpc-default-worker-ELG-3-1" daemon [_thread_in_native, id=22704, stack(0x00007fb48045f000,0x00007fb480560000)]
  0x00007fb4a4686800 JavaThread "computer" [_thread_blocked, id=22595, stack(0x00007fb480760000,0x00007fb480861000)]
  0x00007fb4a4683800 JavaThread "127.0.0.1:50052" [_thread_blocked, id=22594, stack(0x00007fb480861000,0x00007fb480962000)]
  0x00007fb4a4613800 JavaThread "grpc-default-boss-ELG-1-1" daemon [_thread_in_native, id=22593, stack(0x00007fb480962000,0x00007fb480a63000)]
  0x00007fb4a4212000 JavaThread "Service Thread" daemon [_thread_blocked, id=22591, stack(0x00007fb481254000,0x00007fb481355000)]
  0x00007fb4a420f000 JavaThread "C1 CompilerThread3" daemon [_thread_blocked, id=22590, stack(0x00007fb481355000,0x00007fb481456000)]
  0x00007fb4a420d000 JavaThread "C2 CompilerThread2" daemon [_thread_blocked, id=22589, stack(0x00007fb481456000,0x00007fb481557000)]
  0x00007fb4a420b000 JavaThread "C2 CompilerThread1" daemon [_thread_blocked, id=22588, stack(0x00007fb481557000,0x00007fb481658000)]
  0x00007fb4a4208800 JavaThread "C2 CompilerThread0" daemon [_thread_blocked, id=22587, stack(0x00007fb481658000,0x00007fb481759000)]
  0x00007fb4a4207000 JavaThread "Signal Dispatcher" daemon [_thread_blocked, id=22586, stack(0x00007fb481759000,0x00007fb48185a000)]
  0x00007fb4a41d3800 JavaThread "Finalizer" daemon [_thread_blocked, id=22585, stack(0x00007fb481ce5000,0x00007fb481de6000)]
  0x00007fb4a41d1000 JavaThread "Reference Handler" daemon [_thread_blocked, id=22584, stack(0x00007fb481de6000,0x00007fb481ee7000)]
  0x00007fb4a400a800 JavaThread "main" [_thread_in_Java, id=22574, stack(0x00007fb4ab381000,0x00007fb4ab482000)]

Other Threads:
  0x00007fb4a41c7800 VMThread [stack: 0x00007fb481ee7000,0x00007fb481fe8000] [id=22583]
  0x00007fb4a4214000 WatcherThread [stack: 0x00007fb481153000,0x00007fb481254000] [id=22592]

VM state:not at safepoint (normal execution)

VM Mutex/Monitor currently owned by a thread: None

heap address: 0x0000000097c00000, size: 1668 MB, Compressed Oops mode: 32-bit
Narrow klass base: 0x0000000000000000, Narrow klass shift: 3
Compressed class space size: 1073741824 Address: 0x0000000100000000

Heap:
 PSYoungGen      total 487936K, used 96815K [0x00000000dd400000, 0x0000000100000000, 0x0000000100000000)
  eden space 487424K, 19% used [0x00000000dd400000,0x00000000e3273e78,0x00000000fb000000)
  from space 512K, 18% used [0x00000000fff80000,0x00000000fff98000,0x0000000100000000)
  to   space 512K, 0% used [0x00000000fff00000,0x00000000fff00000,0x00000000fff80000)
 ParOldGen       total 72704K, used 16141K [0x0000000097c00000, 0x000000009c300000, 0x00000000dd400000)
  object space 72704K, 22% used [0x0000000097c00000,0x0000000098bc3578,0x000000009c300000)
 Metaspace       used 14271K, capacity 14388K, committed 14592K, reserved 1062912K
  class space    used 1673K, capacity 1724K, committed 1792K, reserved 1048576K

Card table byte_map: [0x00007fb4944e2000,0x00007fb494825000] byte_map_base: 0x00007fb494024000

Marking Bits: (ParMarkBitMap*) 0x00007fb4aa64d580
 Begin Bits: [0x00007fb490890000, 0x00007fb4922a0000)
 End Bits:   [0x00007fb4922a0000, 0x00007fb493cb0000)

Polling page: 0x00007fb4ab4a0000

CodeCache: size=245760Kb used=5068Kb max_used=5078Kb free=240691Kb
 bounds [0x00007fb494be5000, 0x00007fb4950e5000, 0x00007fb4a3be5000]
 total_blobs=1944 nmethods=1560 adapters=298
 compilation: enabled

Compilation events (10 events):
Event: 142.071 Thread 0x00007fb4a4208800 1769       4       io.netty.util.internal.shaded.org.jctools.queues.MpscChunkedArrayQueue::poll (108 bytes)
Event: 142.073 Thread 0x00007fb4a4208800 nmethod 1769 0x00007fb4950dfcd0 code [0x00007fb4950dfe20, 0x00007fb4950dffc8]
Event: 143.299 Thread 0x00007fb4a420b000 1770       4       java.util.HashSet::isEmpty (8 bytes)
Event: 143.300 Thread 0x00007fb4a420b000 nmethod 1770 0x00007fb4950d5990 code [0x00007fb4950d5ae0, 0x00007fb4950d5b58]
Event: 147.740 Thread 0x00007fb4a420d000 1771   !   4       sun.nio.ch.SelectorImpl::processDeregisterQueue (101 bytes)
Event: 147.746 Thread 0x00007fb4a420d000 nmethod 1771 0x00007fb4950d3290 code [0x00007fb4950d3440, 0x00007fb4950d3be8]
Event: 210.123 Thread 0x00007fb4a420f000 1772       3       java.util.ArrayList::isEmpty (13 bytes)
Event: 210.123 Thread 0x00007fb4a420f000 nmethod 1772 0x00007fb4950d2f10 code [0x00007fb4950d3080, 0x00007fb4950d3230]
Event: 291.027 Thread 0x00007fb4a4208800 1774       4       io.netty.channel.nio.NioEventLoop::pollTask (18 bytes)
Event: 291.029 Thread 0x00007fb4a4208800 nmethod 1774 0x00007fb4950e1fd0 code [0x00007fb4950e2140, 0x00007fb4950e23a8]

GC Heap History (10 events):
Event: 73.476 GC heap before
{Heap before GC invocations=154 (full 0):
 PSYoungGen      total 492544K, used 492128K [0x00000000dd400000, 0x0000000100000000, 0x0000000100000000)
  eden space 492032K, 100% used [0x00000000dd400000,0x00000000fb480000,0x00000000fb480000)
  from space 512K, 18% used [0x00000000fff00000,0x00000000fff18000,0x00000000fff80000)
  to   space 512K, 0% used [0x00000000fff80000,0x00000000fff80000,0x0000000100000000)
 ParOldGen       total 72704K, used 16141K [0x0000000097c00000, 0x000000009c300000, 0x00000000dd400000)
  object space 72704K, 22% used [0x0000000097c00000,0x0000000098bc3578,0x000000009c300000)
 Metaspace       used 14229K, capacity 14388K, committed 14592K, reserved 1062912K
  class space    used 1671K, capacity 1724K, committed 1792K, reserved 1048576K
Event: 73.477 GC heap after
Heap after GC invocations=154 (full 0):
 PSYoungGen      total 469504K, used 64K [0x00000000dd400000, 0x0000000100000000, 0x0000000100000000)
  eden space 468992K, 0% used [0x00000000dd400000,0x00000000dd400000,0x00000000f9e00000)
  from space 512K, 12% used [0x00000000fff80000,0x00000000fff90000,0x0000000100000000)
  to   space 512K, 0% used [0x00000000fff00000,0x00000000fff00000,0x00000000fff80000)
 ParOldGen       total 72704K, used 16141K [0x0000000097c00000, 0x000000009c300000, 0x00000000dd400000)
  object space 72704K, 22% used [0x0000000097c00000,0x0000000098bc3578,0x000000009c300000)
 Metaspace       used 14229K, capacity 14388K, committed 14592K, reserved 1062912K
  class space    used 1671K, capacity 1724K, committed 1792K, reserved 1048576K
}
Event: 73.927 GC heap before
{Heap before GC invocations=155 (full 0):
 PSYoungGen      total 469504K, used 469056K [0x00000000dd400000, 0x0000000100000000, 0x0000000100000000)
  eden space 468992K, 100% used [0x00000000dd400000,0x00000000f9e00000,0x00000000f9e00000)
  from space 512K, 12% used [0x00000000fff80000,0x00000000fff90000,0x0000000100000000)
  to   space 512K, 0% used [0x00000000fff00000,0x00000000fff00000,0x00000000fff80000)
 ParOldGen       total 72704K, used 16141K [0x0000000097c00000, 0x000000009c300000, 0x00000000dd400000)
  object space 72704K, 22% used [0x0000000097c00000,0x0000000098bc3578,0x000000009c300000)
 Metaspace       used 14229K, capacity 14388K, committed 14592K, reserved 1062912K
  class space    used 1671K, capacity 1724K, committed 1792K, reserved 1048576K
Event: 73.928 GC heap after
Heap after GC invocations=155 (full 0):
 PSYoungGen      total 447488K, used 64K [0x00000000dd400000, 0x0000000100000000, 0x0000000100000000)
  eden space 446976K, 0% used [0x00000000dd400000,0x00000000dd400000,0x00000000f8880000)
  from space 512K, 12% used [0x00000000fff00000,0x00000000fff10000,0x00000000fff80000)
  to   space 512K, 0% used [0x00000000fff80000,0x00000000fff80000,0x0000000100000000)
 ParOldGen       total 72704K, used 16141K [0x0000000097c00000, 0x000000009c300000, 0x00000000dd400000)
  object space 72704K, 22% used [0x0000000097c00000,0x0000000098bc3578,0x000000009c300000)
 Metaspace       used 14229K, capacity 14388K, committed 14592K, reserved 1062912K
  class space    used 1671K, capacity 1724K, committed 1792K, reserved 1048576K
}
Event: 74.354 GC heap before
{Heap before GC invocations=156 (full 0):
 PSYoungGen      total 447488K, used 447040K [0x00000000dd400000, 0x0000000100000000, 0x0000000100000000)
  eden space 446976K, 100% used [0x00000000dd400000,0x00000000f8880000,0x00000000f8880000)
  from space 512K, 12% used [0x00000000fff00000,0x00000000fff10000,0x00000000fff80000)
  to   space 512K, 0% used [0x00000000fff80000,0x00000000fff80000,0x0000000100000000)
 ParOldGen       total 72704K, used 16141K [0x0000000097c00000, 0x000000009c300000, 0x00000000dd400000)
  object space 72704K, 22% used [0x0000000097c00000,0x0000000098bc3578,0x000000009c300000)
 Metaspace       used 14229K, capacity 14388K, committed 14592K, reserved 1062912K
  class space    used 1671K, capacity 1724K, committed 1792K, reserved 1048576K
Event: 74.355 GC heap after
Heap after GC invocations=156 (full 0):
 PSYoungGen      total 426496K, used 64K [0x00000000dd400000, 0x0000000100000000, 0x0000000100000000)
  eden space 425984K, 0% used [0x00000000dd400000,0x00000000dd400000,0x00000000f7400000)
  from space 512K, 12% used [0x00000000fff80000,0x00000000fff90000,0x0000000100000000)
  to   space 512K, 0% used [0x00000000fff00000,0x00000000fff00000,0x00000000fff80000)
 ParOldGen       total 72704K, used 16141K [0x0000000097c00000, 0x000000009c300000, 0x00000000dd400000)
  object space 72704K, 22% used [0x0000000097c00000,0x0000000098bc3578,0x000000009c300000)
 Metaspace       used 14229K, capacity 14388K, committed 14592K, reserved 1062912K
  class space    used 1671K, capacity 1724K, committed 1792K, reserved 1048576K
}
Event: 74.765 GC heap before
{Heap before GC invocations=157 (full 0):
 PSYoungGen      total 426496K, used 426048K [0x00000000dd400000, 0x0000000100000000, 0x0000000100000000)
  eden space 425984K, 100% used [0x00000000dd400000,0x00000000f7400000,0x00000000f7400000)
  from space 512K, 12% used [0x00000000fff80000,0x00000000fff90000,0x0000000100000000)
  to   space 512K, 0% used [0x00000000fff00000,0x00000000fff00000,0x00000000fff80000)
 ParOldGen       total 72704K, used 16141K [0x0000000097c00000, 0x000000009c300000, 0x00000000dd400000)
  object space 72704K, 22% used [0x0000000097c00000,0x0000000098bc3578,0x000000009c300000)
 Metaspace       used 14229K, capacity 14388K, committed 14592K, reserved 1062912K
  class space    used 1671K, capacity 1724K, committed 1792K, reserved 1048576K
Event: 74.773 GC heap after
Heap after GC invocations=157 (full 0):
 PSYoungGen      total 406528K, used 64K [0x00000000dd400000, 0x0000000100000000, 0x0000000100000000)
  eden space 406016K, 0% used [0x00000000dd400000,0x00000000dd400000,0x00000000f6080000)
  from space 512K, 12% used [0x00000000fff00000,0x00000000fff10000,0x00000000fff80000)
  to   space 512K, 0% used [0x00000000fff80000,0x00000000fff80000,0x0000000100000000)
 ParOldGen       total 72704K, used 16141K [0x0000000097c00000, 0x000000009c300000, 0x00000000dd400000)
  object space 72704K, 22% used [0x0000000097c00000,0x0000000098bc3578,0x000000009c300000)
 Metaspace       used 14229K, capacity 14388K, committed 14592K, reserved 1062912K
  class space    used 1671K, capacity 1724K, committed 1792K, reserved 1048576K
}
Event: 75.169 GC heap before
{Heap before GC invocations=158 (full 0):
 PSYoungGen      total 406528K, used 406080K [0x00000000dd400000, 0x0000000100000000, 0x0000000100000000)
  eden space 406016K, 100% used [0x00000000dd400000,0x00000000f6080000,0x00000000f6080000)
  from space 512K, 12% used [0x00000000fff00000,0x00000000fff10000,0x00000000fff80000)
  to   space 512K, 0% used [0x00000000fff80000,0x00000000fff80000,0x0000000100000000)
 ParOldGen       total 72704K, used 16141K [0x0000000097c00000, 0x000000009c300000, 0x00000000dd400000)
  object space 72704K, 22% used [0x0000000097c00000,0x0000000098bc3578,0x000000009c300000)
 Metaspace       used 14229K, capacity 14388K, committed 14592K, reserved 1062912K
  class space    used 1671K, capacity 1724K, committed 1792K, reserved 1048576K
Event: 75.178 GC heap after
Heap after GC invocations=158 (full 0):
 PSYoungGen      total 487936K, used 96K [0x00000000dd400000, 0x0000000100000000, 0x0000000100000000)
  eden space 487424K, 0% used [0x00000000dd400000,0x00000000dd400000,0x00000000fb000000)
  from space 512K, 18% used [0x00000000fff80000,0x00000000fff98000,0x0000000100000000)
  to   space 512K, 0% used [0x00000000fff00000,0x00000000fff00000,0x00000000fff80000)
 ParOldGen       total 72704K, used 16141K [0x0000000097c00000, 0x000000009c300000, 0x00000000dd400000)
  object space 72704K, 22% used [0x0000000097c00000,0x0000000098bc3578,0x000000009c300000)
 Metaspace       used 14229K, capacity 14388K, committed 14592K, reserved 1062912K
  class space    used 1671K, capacity 1724K, committed 1792K, reserved 1048576K
}

Deoptimization events (10 events):
Event: 40.375 Thread 0x00007fb434009800 Uncommon trap: reason=class_check action=maybe_recompile pc=0x00007fb494fbf9d8 method=java.util.regex.Pattern$BranchConn.match(Ljava/util/regex/Matcher;ILjava/lang/CharSequence;)Z @ 7
Event: 40.386 Thread 0x00007fb434009800 Uncommon trap: reason=unstable_if action=reinterpret pc=0x00007fb494ee0f94 method=java.util.concurrent.ConcurrentHashMap.get(Ljava/lang/Object;)Ljava/lang/Object; @ 138
Event: 45.780 Thread 0x00007fb440030800 Uncommon trap: reason=speculate_class_check action=maybe_recompile pc=0x00007fb495015a84 method=java.nio.charset.CharsetEncoder.replaceWith([B)Ljava/nio/charset/CharsetEncoder; @ 53
Event: 45.781 Thread 0x00007fb42c0b0000 Uncommon trap: reason=speculate_class_check action=maybe_recompile pc=0x00007fb495015a84 method=java.nio.charset.CharsetEncoder.replaceWith([B)Ljava/nio/charset/CharsetEncoder; @ 53
Event: 69.116 Thread 0x00007fb4a4686800 Uncommon trap: reason=unstable_if action=reinterpret pc=0x00007fb494ef8c64 method=sun.security.provider.SHA2.implDigest([BI)V @ 21
Event: 69.116 Thread 0x00007fb4a4686800 Uncommon trap: reason=unstable_if action=reinterpret pc=0x00007fb494ee1734 method=sun.security.provider.DigestBase.engineUpdate([BII)V @ 119
Event: 75.218 Thread 0x00007fb4a4683800 Uncommon trap: reason=speculate_class_check action=maybe_recompile pc=0x00007fb49508f760 method=java.lang.StringCoding.encode(Ljava/nio/charset/Charset;[CII)[B @ 99
Event: 75.219 Thread 0x00007fb4a4683800 Uncommon trap: reason=speculate_class_check action=maybe_recompile pc=0x00007fb49508f760 method=java.lang.StringCoding.encode(Ljava/nio/charset/Charset;[CII)[B @ 99
Event: 75.220 Thread 0x00007fb4a4683800 Uncommon trap: reason=speculate_class_check action=maybe_recompile pc=0x00007fb495094020 method=java.lang.StringCoding.encode(Ljava/nio/charset/Charset;[CII)[B @ 99
Event: 75.224 Thread 0x00007fb4a4683800 Uncommon trap: reason=speculate_class_check action=maybe_recompile pc=0x00007fb495094020 method=java.lang.StringCoding.encode(Ljava/nio/charset/Charset;[CII)[B @ 99

Classes redefined (0 events):
No events

Internal exceptions (10 events):
Event: 47.977 Thread 0x00007fb41c004000 Exception <a 'java/lang/ArrayIndexOutOfBoundsException'> (0x00000000f79410d0) thrown at [/build/openjdk-8-lHVHKD/openjdk-8-8u212-b03/src/hotspot/src/share/vm/runtime/sharedRuntime.cpp, line 605]
Event: 50.080 Thread 0x00007fb41c005800 Exception <a 'java/lang/ArrayIndexOutOfBoundsException'> (0x00000000e37dd4c8) thrown at [/build/openjdk-8-lHVHKD/openjdk-8-8u212-b03/src/hotspot/src/share/vm/runtime/sharedRuntime.cpp, line 605]
Event: 51.929 Thread 0x00007fb440037800 Exception <a 'java/lang/ArrayIndexOutOfBoundsException'> (0x00000000dea50450) thrown at [/build/openjdk-8-lHVHKD/openjdk-8-8u212-b03/src/hotspot/src/share/vm/runtime/sharedRuntime.cpp, line 605]
Event: 53.816 Thread 0x00007fb440039800 Exception <a 'java/lang/ArrayIndexOutOfBoundsException'> (0x00000000ff338438) thrown at [/build/openjdk-8-lHVHKD/openjdk-8-8u212-b03/src/hotspot/src/share/vm/runtime/sharedRuntime.cpp, line 605]
Event: 54.077 Thread 0x00007fb42c0b0000 Exception <a 'java/io/FileNotFoundException'> (0x00000000ed15ba78) thrown at [/build/openjdk-8-lHVHKD/openjdk-8-8u212-b03/src/hotspot/src/share/vm/prims/jni.cpp, line 710]
Event: 55.649 Thread 0x00007fb44003d000 Exception <a 'java/lang/ArrayIndexOutOfBoundsException'> (0x00000000dde5dd90) thrown at [/build/openjdk-8-lHVHKD/openjdk-8-8u212-b03/src/hotspot/src/share/vm/runtime/sharedRuntime.cpp, line 605]
Event: 57.425 Thread 0x00007fb44003e800 Exception <a 'java/lang/ArrayIndexOutOfBoundsException'> (0x00000000f1255060) thrown at [/build/openjdk-8-lHVHKD/openjdk-8-8u212-b03/src/hotspot/src/share/vm/runtime/sharedRuntime.cpp, line 605]
Event: 58.135 Thread 0x00007fb3f4005000 Exception <a 'java/io/FileNotFoundException'> (0x00000000fc62bf00) thrown at [/build/openjdk-8-lHVHKD/openjdk-8-8u212-b03/src/hotspot/src/share/vm/prims/jni.cpp, line 710]
Event: 66.705 Thread 0x00007fb3f4003800 Exception <a 'java/io/FileNotFoundException'> (0x00000000f1ddf9e8) thrown at [/build/openjdk-8-lHVHKD/openjdk-8-8u212-b03/src/hotspot/src/share/vm/prims/jni.cpp, line 710]
Event: 75.227 Thread 0x00007fb3f4005000 Exception <a 'java/io/FileNotFoundException'> (0x00000000e0943580) thrown at [/build/openjdk-8-lHVHKD/openjdk-8-8u212-b03/src/hotspot/src/share/vm/prims/jni.cpp, line 710]

Events (10 events):
Event: 293.109 loading class sun/misc/Signal$1
Event: 293.109 loading class sun/misc/Signal$1 done
Event: 293.109 Thread 0x00007fb454001000 Thread added: 0x00007fb454001000
Event: 293.110 loading class java/util/IdentityHashMap$KeyIterator
Event: 293.110 loading class java/util/IdentityHashMap$IdentityHashMapIterator
Event: 293.110 loading class java/util/IdentityHashMap$IdentityHashMapIterator done
Event: 293.110 loading class java/util/IdentityHashMap$KeyIterator done
Event: 293.110 Thread 0x00007fb420017800 Thread added: 0x00007fb420017800
Event: 293.111 loading class io/netty/channel/AbstractChannelHandlerContext$13
Event: 293.111 loading class io/netty/channel/AbstractChannelHandlerContext$13 done


Dynamic libraries:
00400000-00401000 r-xp 00000000 08:01 4992117                            /usr/lib/jvm/java-8-openjdk-amd64/jre/bin/java
00600000-00601000 r--p 00000000 08:01 4992117                            /usr/lib/jvm/java-8-openjdk-amd64/jre/bin/java
00601000-00602000 rw-p 00001000 08:01 4992117                            /usr/lib/jvm/java-8-openjdk-amd64/jre/bin/java
02481000-024a2000 rw-p 00000000 00:00 0                                  [heap]
97c00000-9c300000 rw-p 00000000 00:00 0 
9c300000-dd400000 ---p 00000000 00:00 0 
dd400000-100000000 rw-p 00000000 00:00 0 
100000000-1001c0000 rw-p 00000000 00:00 0 
1001c0000-140000000 ---p 00000000 00:00 0 
7fb3c0000000-7fb3c0021000 rw-p 00000000 00:00 0 
7fb3c0021000-7fb3c4000000 ---p 00000000 00:00 0 
7fb3c4000000-7fb3c4021000 rw-p 00000000 00:00 0 
7fb3c4021000-7fb3c8000000 ---p 00000000 00:00 0 
7fb3c8000000-7fb3c8021000 rw-p 00000000 00:00 0 
7fb3c8021000-7fb3cc000000 ---p 00000000 00:00 0 
7fb3cc000000-7fb3cc021000 rw-p 00000000 00:00 0 
7fb3cc021000-7fb3d0000000 ---p 00000000 00:00 0 
7fb3d0000000-7fb3d0021000 rw-p 00000000 00:00 0 
7fb3d0021000-7fb3d4000000 ---p 00000000 00:00 0 
7fb3d4000000-7fb3d4021000 rw-p 00000000 00:00 0 
7fb3d4021000-7fb3d8000000 ---p 00000000 00:00 0 
7fb3d8000000-7fb3d8021000 rw-p 00000000 00:00 0 
7fb3d8021000-7fb3dc000000 ---p 00000000 00:00 0 
7fb3dc000000-7fb3dc021000 rw-p 00000000 00:00 0 
7fb3dc021000-7fb3e0000000 ---p 00000000 00:00 0 
7fb3e0ffd000-7fb3e4000000 rw-p 00000000 00:00 0 
7fb3e4000000-7fb3e4021000 rw-p 00000000 00:00 0 
7fb3e4021000-7fb3e8000000 ---p 00000000 00:00 0 
7fb3e8000000-7fb3e8021000 rw-p 00000000 00:00 0 
7fb3e8021000-7fb3ec000000 ---p 00000000 00:00 0 
7fb3ec000000-7fb3ec021000 rw-p 00000000 00:00 0 
7fb3ec021000-7fb3f0000000 ---p 00000000 00:00 0 
7fb3f0ffd000-7fb3f4000000 rw-p 00000000 00:00 0 
7fb3f4000000-7fb3f4021000 rw-p 00000000 00:00 0 
7fb3f4021000-7fb3f8000000 ---p 00000000 00:00 0 
7fb3f8000000-7fb3f8021000 rw-p 00000000 00:00 0 
7fb3f8021000-7fb3fc000000 ---p 00000000 00:00 0 
7fb3fc000000-7fb3fc021000 rw-p 00000000 00:00 0 
7fb3fc021000-7fb400000000 ---p 00000000 00:00 0 
7fb400ffd000-7fb404000000 rw-p 00000000 00:00 0 
7fb404000000-7fb404021000 rw-p 00000000 00:00 0 
7fb404021000-7fb408000000 ---p 00000000 00:00 0 
7fb408000000-7fb408021000 rw-p 00000000 00:00 0 
7fb408021000-7fb40c000000 ---p 00000000 00:00 0 
7fb40c000000-7fb40c021000 rw-p 00000000 00:00 0 
7fb40c021000-7fb410000000 ---p 00000000 00:00 0 
7fb410ffd000-7fb414000000 rw-p 00000000 00:00 0 
7fb414000000-7fb414021000 rw-p 00000000 00:00 0 
7fb414021000-7fb418000000 ---p 00000000 00:00 0 
7fb418000000-7fb418021000 rw-p 00000000 00:00 0 
7fb418021000-7fb41c000000 ---p 00000000 00:00 0 
7fb41c000000-7fb41c021000 rw-p 00000000 00:00 0 
7fb41c021000-7fb420000000 ---p 00000000 00:00 0 
7fb420000000-7fb420022000 rw-p 00000000 00:00 0 
7fb420022000-7fb424000000 ---p 00000000 00:00 0 
7fb424000000-7fb424034000 rw-p 00000000 00:00 0 
7fb424034000-7fb428000000 ---p 00000000 00:00 0 
7fb4287f7000-7fb4287fa000 ---p 00000000 00:00 0 
7fb4287fa000-7fb4288f8000 rw-p 00000000 00:00 0 
7fb4288f8000-7fb4288fb000 ---p 00000000 00:00 0 
7fb4288fb000-7fb4289f9000 rw-p 00000000 00:00 0 
7fb4289f9000-7fb4289fc000 ---p 00000000 00:00 0 
7fb4289fc000-7fb428afa000 rw-p 00000000 00:00 0 
7fb428afa000-7fb428afd000 ---p 00000000 00:00 0 
7fb428afd000-7fb428c7b000 rw-p 00000000 00:00 0 
7fb428c7b000-7fb428dfb000 ---p 00000000 00:00 0 
7fb428dfb000-7fb428dfe000 ---p 00000000 00:00 0 
7fb428dfe000-7fb428efc000 rw-p 00000000 00:00 0 
7fb428efc000-7fb428eff000 ---p 00000000 00:00 0 
7fb428eff000-7fb42c000000 rw-p 00000000 00:00 0 
7fb42c000000-7fb42c0ba000 rw-p 00000000 00:00 0 
7fb42c0ba000-7fb430000000 ---p 00000000 00:00 0 
7fb430000000-7fb430021000 rw-p 00000000 00:00 0 
7fb430021000-7fb434000000 ---p 00000000 00:00 0 
7fb434000000-7fb434021000 rw-p 00000000 00:00 0 
7fb434021000-7fb438000000 ---p 00000000 00:00 0 
7fb438000000-7fb4380a4000 rw-p 00000000 00:00 0 
7fb4380a4000-7fb43c000000 ---p 00000000 00:00 0 
7fb43c000000-7fb43c021000 rw-p 00000000 00:00 0 
7fb43c021000-7fb440000000 ---p 00000000 00:00 0 
7fb440000000-7fb440040000 rw-p 00000000 00:00 0 
7fb440040000-7fb444000000 ---p 00000000 00:00 0 
7fb444000000-7fb4442e4000 rw-p 00000000 00:00 0 
7fb4442e4000-7fb448000000 ---p 00000000 00:00 0 
7fb448000000-7fb448021000 rw-p 00000000 00:00 0 
7fb448021000-7fb44c000000 ---p 00000000 00:00 0 
7fb44c000000-7fb44d0dd000 rw-p 00000000 00:00 0 
7fb44d0dd000-7fb450000000 ---p 00000000 00:00 0 
7fb450000000-7fb451259000 rw-p 00000000 00:00 0 
7fb451259000-7fb454000000 ---p 00000000 00:00 0 
7fb454000000-7fb454021000 rw-p 00000000 00:00 0 
7fb454021000-7fb458000000 ---p 00000000 00:00 0 
7fb458000000-7fb458775000 rw-p 00000000 00:00 0 
7fb458775000-7fb45c000000 ---p 00000000 00:00 0 
7fb45c000000-7fb45c021000 rw-p 00000000 00:00 0 
7fb45c021000-7fb460000000 ---p 00000000 00:00 0 
7fb460000000-7fb460021000 rw-p 00000000 00:00 0 
7fb460021000-7fb464000000 ---p 00000000 00:00 0 
7fb464000000-7fb464021000 rw-p 00000000 00:00 0 
7fb464021000-7fb468000000 ---p 00000000 00:00 0 
7fb468000000-7fb468049000 rw-p 00000000 00:00 0 
7fb468049000-7fb46c000000 ---p 00000000 00:00 0 
7fb46c000000-7fb46c021000 rw-p 00000000 00:00 0 
7fb46c021000-7fb470000000 ---p 00000000 00:00 0 
7fb470000000-7fb470021000 rw-p 00000000 00:00 0 
7fb470021000-7fb474000000 ---p 00000000 00:00 0 
7fb474000000-7fb474021000 rw-p 00000000 00:00 0 
7fb474021000-7fb478000000 ---p 00000000 00:00 0 
7fb4780f0000-7fb4780f3000 ---p 00000000 00:00 0 
7fb4780f3000-7fb4781f1000 rw-p 00000000 00:00 0 
7fb4781f1000-7fb4781f4000 ---p 00000000 00:00 0 
7fb4781f4000-7fb4782f2000 rw-p 00000000 00:00 0 
7fb4782f2000-7fb4782f5000 ---p 00000000 00:00 0 
7fb4782f5000-7fb4783f3000 rw-p 00000000 00:00 0 
7fb4783f3000-7fb4783f6000 ---p 00000000 00:00 0 
7fb4783f6000-7fb4784f4000 rw-p 00000000 00:00 0 
7fb4784f4000-7fb4784f7000 ---p 00000000 00:00 0 
7fb4784f7000-7fb4785f5000 rw-p 00000000 00:00 0 
7fb4785f5000-7fb4785f8000 ---p 00000000 00:00 0 
7fb4785f8000-7fb4786f6000 rw-p 00000000 00:00 0 
7fb4786f6000-7fb4786f9000 ---p 00000000 00:00 0 
7fb4786f9000-7fb4787f7000 rw-p 00000000 00:00 0 
7fb4787f7000-7fb4787fa000 ---p 00000000 00:00 0 
7fb4787fa000-7fb4788f8000 rw-p 00000000 00:00 0 
7fb4788f8000-7fb4788fb000 ---p 00000000 00:00 0 
7fb4788fb000-7fb4789f9000 rw-p 00000000 00:00 0 
7fb4789f9000-7fb4789fc000 ---p 00000000 00:00 0 
7fb4789fc000-7fb478afa000 rw-p 00000000 00:00 0 
7fb478afa000-7fb478afd000 ---p 00000000 00:00 0 
7fb478afd000-7fb478bfb000 rw-p 00000000 00:00 0 
7fb478bfb000-7fb478bfe000 ---p 00000000 00:00 0 
7fb478bfe000-7fb478cfc000 rw-p 00000000 00:00 0 
7fb478cfc000-7fb478cff000 ---p 00000000 00:00 0 
7fb478cff000-7fb478dfd000 rw-p 00000000 00:00 0 
7fb478dfd000-7fb478e00000 ---p 00000000 00:00 0 
7fb478e00000-7fb478efe000 rw-p 00000000 00:00 0 
7fb478efe000-7fb478f01000 ---p 00000000 00:00 0 
7fb478f01000-7fb47c000000 rw-p 00000000 00:00 0 
7fb47c000000-7fb47c021000 rw-p 00000000 00:00 0 
7fb47c021000-7fb480000000 ---p 00000000 00:00 0 
7fb48005d000-7fb48025d000 rw-p 00000000 00:00 0 
7fb48025d000-7fb480260000 ---p 00000000 00:00 0 
7fb480260000-7fb48035e000 rw-p 00000000 00:00 0 
7fb48035e000-7fb480361000 ---p 00000000 00:00 0 
7fb480361000-7fb48045f000 rw-p 00000000 00:00 0 
7fb48045f000-7fb480462000 ---p 00000000 00:00 0 
7fb480462000-7fb480760000 rw-p 00000000 00:00 0 
7fb480760000-7fb480763000 ---p 00000000 00:00 0 
7fb480763000-7fb480861000 rw-p 00000000 00:00 0 
7fb480861000-7fb480864000 ---p 00000000 00:00 0 
7fb480864000-7fb480962000 rw-p 00000000 00:00 0 
7fb480962000-7fb480965000 ---p 00000000 00:00 0 
7fb480965000-7fb480a63000 rw-p 00000000 00:00 0 
7fb480a63000-7fb480a6c000 r-xp 00000000 08:01 4992141                    /usr/lib/jvm/java-8-openjdk-amd64/jre/lib/amd64/libmanagement.so
7fb480a6c000-7fb480c6b000 ---p 00009000 08:01 4992141                    /usr/lib/jvm/java-8-openjdk-amd64/jre/lib/amd64/libmanagement.so
7fb480c6b000-7fb480c6c000 r--p 00008000 08:01 4992141                    /usr/lib/jvm/java-8-openjdk-amd64/jre/lib/amd64/libmanagement.so
7fb480c6c000-7fb480c6d000 rw-p 00009000 08:01 4992141                    /usr/lib/jvm/java-8-openjdk-amd64/jre/lib/amd64/libmanagement.so
7fb480c6d000-7fb480c83000 r-xp 00000000 08:01 4992163                    /usr/lib/jvm/java-8-openjdk-amd64/jre/lib/amd64/libnet.so
7fb480c83000-7fb480e83000 ---p 00016000 08:01 4992163                    /usr/lib/jvm/java-8-openjdk-amd64/jre/lib/amd64/libnet.so
7fb480e83000-7fb480e84000 r--p 00016000 08:01 4992163                    /usr/lib/jvm/java-8-openjdk-amd64/jre/lib/amd64/libnet.so
7fb480e84000-7fb480e85000 rw-p 00017000 08:01 4992163                    /usr/lib/jvm/java-8-openjdk-amd64/jre/lib/amd64/libnet.so
7fb480e85000-7fb480e96000 r-xp 00000000 08:01 4992137                    /usr/lib/jvm/java-8-openjdk-amd64/jre/lib/amd64/libnio.so
7fb480e96000-7fb481095000 ---p 00011000 08:01 4992137                    /usr/lib/jvm/java-8-openjdk-amd64/jre/lib/amd64/libnio.so
7fb481095000-7fb481096000 r--p 00010000 08:01 4992137                    /usr/lib/jvm/java-8-openjdk-amd64/jre/lib/amd64/libnio.so
7fb481096000-7fb481097000 rw-p 00011000 08:01 4992137                    /usr/lib/jvm/java-8-openjdk-amd64/jre/lib/amd64/libnio.so
7fb481097000-7fb48111d000 r--s 00715000 08:01 1580654                    /home/nuz/workspace/os/project/project4/blockdb_java/target/original-blockchaindb-1.0.jar
7fb48111d000-7fb481138000 r--s 001d6000 08:01 4992197                    /usr/lib/jvm/java-8-openjdk-amd64/jre/lib/ext/nashorn.jar
7fb481138000-7fb481153000 r--s 00394000 08:01 4992196                    /usr/lib/jvm/java-8-openjdk-amd64/jre/lib/ext/cldrdata.jar
7fb481153000-7fb481154000 ---p 00000000 00:00 0 
7fb481154000-7fb481254000 rw-p 00000000 00:00 0 
7fb481254000-7fb481257000 ---p 00000000 00:00 0 
7fb481257000-7fb481355000 rw-p 00000000 00:00 0 
7fb481355000-7fb481358000 ---p 00000000 00:00 0 
7fb481358000-7fb481456000 rw-p 00000000 00:00 0 
7fb481456000-7fb481459000 ---p 00000000 00:00 0 
7fb481459000-7fb481557000 rw-p 00000000 00:00 0 
7fb481557000-7fb48155a000 ---p 00000000 00:00 0 
7fb48155a000-7fb481658000 rw-p 00000000 00:00 0 
7fb481658000-7fb48165b000 ---p 00000000 00:00 0 
7fb48165b000-7fb481759000 rw-p 00000000 00:00 0 
7fb481759000-7fb48175c000 ---p 00000000 00:00 0 
7fb48175c000-7fb48185a000 rw-p 00000000 00:00 0 
7fb48185a000-7fb481ce5000 r--p 00000000 08:01 3933817                    /usr/lib/locale/locale-archive
7fb481ce5000-7fb481ce8000 ---p 00000000 00:00 0 
7fb481ce8000-7fb481de6000 rw-p 00000000 00:00 0 
7fb481de6000-7fb481de9000 ---p 00000000 00:00 0 
7fb481de9000-7fb481ee7000 rw-p 00000000 00:00 0 
7fb481ee7000-7fb481ee8000 ---p 00000000 00:00 0 
7fb481ee8000-7fb484000000 rw-p 00000000 00:00 0 
7fb484000000-7fb484021000 rw-p 00000000 00:00 0 
7fb484021000-7fb488000000 ---p 00000000 00:00 0 
7fb488000000-7fb488021000 rw-p 00000000 00:00 0 
7fb488021000-7fb48c000000 ---p 00000000 00:00 0 
7fb48c000000-7fb48c021000 rw-p 00000000 00:00 0 
7fb48c021000-7fb490000000 ---p 00000000 00:00 0 
7fb490006000-7fb490309000 rw-p 00000000 00:00 0 
7fb490309000-7fb4904d8000 r--s 03c3b000 08:01 4992170                    /usr/lib/jvm/java-8-openjdk-amd64/jre/lib/rt.jar
7fb4904d8000-7fb493cb0000 rw-p 00000000 00:00 0 
7fb493cb0000-7fb493cb1000 ---p 00000000 00:00 0 
7fb493cb1000-7fb493db1000 rw-p 00000000 00:00 0 
7fb493db1000-7fb493db2000 ---p 00000000 00:00 0 
7fb493db2000-7fb493eb2000 rw-p 00000000 00:00 0 
7fb493eb2000-7fb493eb3000 ---p 00000000 00:00 0 
7fb493eb3000-7fb493fb3000 rw-p 00000000 00:00 0 
7fb493fb3000-7fb493fb4000 ---p 00000000 00:00 0 
7fb493fb4000-7fb4940b4000 rw-p 00000000 00:00 0 
7fb4940b4000-7fb4940b5000 ---p 00000000 00:00 0 
7fb4940b5000-7fb4941b5000 rw-p 00000000 00:00 0 
7fb4941b5000-7fb4941b6000 ---p 00000000 00:00 0 
7fb4941b6000-7fb4942da000 rw-p 00000000 00:00 0 
7fb4942da000-7fb4944e2000 ---p 00000000 00:00 0 
7fb4944e2000-7fb494506000 rw-p 00000000 00:00 0 
7fb494506000-7fb49470e000 ---p 00000000 00:00 0 
7fb49470e000-7fb494824000 rw-p 00000000 00:00 0 
7fb494824000-7fb494839000 rw-p 00000000 00:00 0 
7fb494839000-7fb494be5000 ---p 00000000 00:00 0 
7fb494be5000-7fb4950e5000 rwxp 00000000 00:00 0 
7fb4950e5000-7fb4a3be5000 ---p 00000000 00:00 0 
7fb4a3be5000-7fb4a3bed000 r-xp 00000000 08:01 4992169                    /usr/lib/jvm/java-8-openjdk-amd64/jre/lib/amd64/libzip.so
7fb4a3bed000-7fb4a3dec000 ---p 00008000 08:01 4992169                    /usr/lib/jvm/java-8-openjdk-amd64/jre/lib/amd64/libzip.so
7fb4a3dec000-7fb4a3ded000 r--p 00007000 08:01 4992169                    /usr/lib/jvm/java-8-openjdk-amd64/jre/lib/amd64/libzip.so
7fb4a3ded000-7fb4a3dee000 rw-p 00008000 08:01 4992169                    /usr/lib/jvm/java-8-openjdk-amd64/jre/lib/amd64/libzip.so
7fb4a3dee000-7fb4a3df9000 r-xp 00000000 08:01 1065545                    /lib/x86_64-linux-gnu/libnss_files-2.23.so
7fb4a3df9000-7fb4a3ff8000 ---p 0000b000 08:01 1065545                    /lib/x86_64-linux-gnu/libnss_files-2.23.so
7fb4a3ff8000-7fb4a3ff9000 r--p 0000a000 08:01 1065545                    /lib/x86_64-linux-gnu/libnss_files-2.23.so
7fb4a3ff9000-7fb4a3ffa000 rw-p 0000b000 08:01 1065545                    /lib/x86_64-linux-gnu/libnss_files-2.23.so
7fb4a3ffa000-7fb4a4000000 rw-p 00000000 00:00 0 
7fb4a4000000-7fb4a468b000 rw-p 00000000 00:00 0 
7fb4a468b000-7fb4a8000000 ---p 00000000 00:00 0 
7fb4a8002000-7fb4a8003000 ---p 00000000 00:00 0 
7fb4a8003000-7fb4a8103000 rw-p 00000000 00:00 0 
7fb4a8103000-7fb4a8104000 ---p 00000000 00:00 0 
7fb4a8104000-7fb4a8204000 rw-p 00000000 00:00 0 
7fb4a8204000-7fb4a820f000 r-xp 00000000 08:01 1065538                    /lib/x86_64-linux-gnu/libnss_nis-2.23.so
7fb4a820f000-7fb4a840e000 ---p 0000b000 08:01 1065538                    /lib/x86_64-linux-gnu/libnss_nis-2.23.so
7fb4a840e000-7fb4a840f000 r--p 0000a000 08:01 1065538                    /lib/x86_64-linux-gnu/libnss_nis-2.23.so
7fb4a840f000-7fb4a8410000 rw-p 0000b000 08:01 1065538                    /lib/x86_64-linux-gnu/libnss_nis-2.23.so
7fb4a8410000-7fb4a8426000 r-xp 00000000 08:01 1065543                    /lib/x86_64-linux-gnu/libnsl-2.23.so
7fb4a8426000-7fb4a8625000 ---p 00016000 08:01 1065543                    /lib/x86_64-linux-gnu/libnsl-2.23.so
7fb4a8625000-7fb4a8626000 r--p 00015000 08:01 1065543                    /lib/x86_64-linux-gnu/libnsl-2.23.so
7fb4a8626000-7fb4a8627000 rw-p 00016000 08:01 1065543                    /lib/x86_64-linux-gnu/libnsl-2.23.so
7fb4a8627000-7fb4a8629000 rw-p 00000000 00:00 0 
7fb4a8629000-7fb4a8631000 r-xp 00000000 08:01 1065549                    /lib/x86_64-linux-gnu/libnss_compat-2.23.so
7fb4a8631000-7fb4a8830000 ---p 00008000 08:01 1065549                    /lib/x86_64-linux-gnu/libnss_compat-2.23.so
7fb4a8830000-7fb4a8831000 r--p 00007000 08:01 1065549                    /lib/x86_64-linux-gnu/libnss_compat-2.23.so
7fb4a8831000-7fb4a8832000 rw-p 00008000 08:01 1065549                    /lib/x86_64-linux-gnu/libnss_compat-2.23.so
7fb4a8832000-7fb4a885e000 r-xp 00000000 08:01 4992151                    /usr/lib/jvm/java-8-openjdk-amd64/jre/lib/amd64/libjava.so
7fb4a885e000-7fb4a8a5d000 ---p 0002c000 08:01 4992151                    /usr/lib/jvm/java-8-openjdk-amd64/jre/lib/amd64/libjava.so
7fb4a8a5d000-7fb4a8a5e000 r--p 0002b000 08:01 4992151                    /usr/lib/jvm/java-8-openjdk-amd64/jre/lib/amd64/libjava.so
7fb4a8a5e000-7fb4a8a60000 rw-p 0002c000 08:01 4992151                    /usr/lib/jvm/java-8-openjdk-amd64/jre/lib/amd64/libjava.so
7fb4a8a60000-7fb4a8a6f000 r-xp 00000000 08:01 4992140                    /usr/lib/jvm/java-8-openjdk-amd64/jre/lib/amd64/libverify.so
7fb4a8a6f000-7fb4a8c6e000 ---p 0000f000 08:01 4992140                    /usr/lib/jvm/java-8-openjdk-amd64/jre/lib/amd64/libverify.so
7fb4a8c6e000-7fb4a8c70000 r--p 0000e000 08:01 4992140                    /usr/lib/jvm/java-8-openjdk-amd64/jre/lib/amd64/libverify.so
7fb4a8c70000-7fb4a8c71000 rw-p 00010000 08:01 4992140                    /usr/lib/jvm/java-8-openjdk-amd64/jre/lib/amd64/libverify.so
7fb4a8c71000-7fb4a8c78000 r-xp 00000000 08:01 1065531                    /lib/x86_64-linux-gnu/librt-2.23.so
7fb4a8c78000-7fb4a8e77000 ---p 00007000 08:01 1065531                    /lib/x86_64-linux-gnu/librt-2.23.so
7fb4a8e77000-7fb4a8e78000 r--p 00006000 08:01 1065531                    /lib/x86_64-linux-gnu/librt-2.23.so
7fb4a8e78000-7fb4a8e79000 rw-p 00007000 08:01 1065531                    /lib/x86_64-linux-gnu/librt-2.23.so
7fb4a8e79000-7fb4a8e8f000 r-xp 00000000 08:01 1053211                    /lib/x86_64-linux-gnu/libgcc_s.so.1
7fb4a8e8f000-7fb4a908e000 ---p 00016000 08:01 1053211                    /lib/x86_64-linux-gnu/libgcc_s.so.1
7fb4a908e000-7fb4a908f000 rw-p 00015000 08:01 1053211                    /lib/x86_64-linux-gnu/libgcc_s.so.1
7fb4a908f000-7fb4a9197000 r-xp 00000000 08:01 1065551                    /lib/x86_64-linux-gnu/libm-2.23.so
7fb4a9197000-7fb4a9396000 ---p 00108000 08:01 1065551                    /lib/x86_64-linux-gnu/libm-2.23.so
7fb4a9396000-7fb4a9397000 r--p 00107000 08:01 1065551                    /lib/x86_64-linux-gnu/libm-2.23.so
7fb4a9397000-7fb4a9398000 rw-p 00108000 08:01 1065551                    /lib/x86_64-linux-gnu/libm-2.23.so
7fb4a9398000-7fb4a950a000 r-xp 00000000 08:01 3932559                    /usr/lib/x86_64-linux-gnu/libstdc++.so.6.0.21
7fb4a950a000-7fb4a970a000 ---p 00172000 08:01 3932559                    /usr/lib/x86_64-linux-gnu/libstdc++.so.6.0.21
7fb4a970a000-7fb4a9714000 r--p 00172000 08:01 3932559                    /usr/lib/x86_64-linux-gnu/libstdc++.so.6.0.21
7fb4a9714000-7fb4a9716000 rw-p 0017c000 08:01 3932559                    /usr/lib/x86_64-linux-gnu/libstdc++.so.6.0.21
7fb4a9716000-7fb4a971a000 rw-p 00000000 00:00 0 
7fb4a971a000-7fb4aa37e000 r-xp 00000000 08:01 4992149                    /usr/lib/jvm/java-8-openjdk-amd64/jre/lib/amd64/server/libjvm.so
7fb4aa37e000-7fb4aa57d000 ---p 00c64000 08:01 4992149                    /usr/lib/jvm/java-8-openjdk-amd64/jre/lib/amd64/server/libjvm.so
7fb4aa57d000-7fb4aa611000 r--p 00c63000 08:01 4992149                    /usr/lib/jvm/java-8-openjdk-amd64/jre/lib/amd64/server/libjvm.so
7fb4aa611000-7fb4aa63a000 rw-p 00cf7000 08:01 4992149                    /usr/lib/jvm/java-8-openjdk-amd64/jre/lib/amd64/server/libjvm.so
7fb4aa63a000-7fb4aa66a000 rw-p 00000000 00:00 0 
7fb4aa66a000-7fb4aa682000 r-xp 00000000 08:01 1065535                    /lib/x86_64-linux-gnu/libpthread-2.23.so
7fb4aa682000-7fb4aa881000 ---p 00018000 08:01 1065535                    /lib/x86_64-linux-gnu/libpthread-2.23.so
7fb4aa881000-7fb4aa882000 r--p 00017000 08:01 1065535                    /lib/x86_64-linux-gnu/libpthread-2.23.so
7fb4aa882000-7fb4aa883000 rw-p 00018000 08:01 1065535                    /lib/x86_64-linux-gnu/libpthread-2.23.so
7fb4aa883000-7fb4aa887000 rw-p 00000000 00:00 0 
7fb4aa887000-7fb4aa88a000 r-xp 00000000 08:01 1065533                    /lib/x86_64-linux-gnu/libdl-2.23.so
7fb4aa88a000-7fb4aaa89000 ---p 00003000 08:01 1065533                    /lib/x86_64-linux-gnu/libdl-2.23.so
7fb4aaa89000-7fb4aaa8a000 r--p 00002000 08:01 1065533                    /lib/x86_64-linux-gnu/libdl-2.23.so
7fb4aaa8a000-7fb4aaa8b000 rw-p 00003000 08:01 1065533                    /lib/x86_64-linux-gnu/libdl-2.23.so
7fb4aaa8b000-7fb4aaaa4000 r-xp 00000000 08:01 1065754                    /lib/x86_64-linux-gnu/libz.so.1.2.8
7fb4aaaa4000-7fb4aaca3000 ---p 00019000 08:01 1065754                    /lib/x86_64-linux-gnu/libz.so.1.2.8
7fb4aaca3000-7fb4aaca4000 r--p 00018000 08:01 1065754                    /lib/x86_64-linux-gnu/libz.so.1.2.8
7fb4aaca4000-7fb4aaca5000 rw-p 00019000 08:01 1065754                    /lib/x86_64-linux-gnu/libz.so.1.2.8
7fb4aaca5000-7fb4aae65000 r-xp 00000000 08:01 1065548                    /lib/x86_64-linux-gnu/libc-2.23.so
7fb4aae65000-7fb4ab065000 ---p 001c0000 08:01 1065548                    /lib/x86_64-linux-gnu/libc-2.23.so
7fb4ab065000-7fb4ab069000 r--p 001c0000 08:01 1065548                    /lib/x86_64-linux-gnu/libc-2.23.so
7fb4ab069000-7fb4ab06b000 rw-p 001c4000 08:01 1065548                    /lib/x86_64-linux-gnu/libc-2.23.so
7fb4ab06b000-7fb4ab06f000 rw-p 00000000 00:00 0 
7fb4ab06f000-7fb4ab07c000 r-xp 00000000 08:01 4992168                    /usr/lib/jvm/java-8-openjdk-amd64/jre/lib/amd64/jli/libjli.so
7fb4ab07c000-7fb4ab27b000 ---p 0000d000 08:01 4992168                    /usr/lib/jvm/java-8-openjdk-amd64/jre/lib/amd64/jli/libjli.so
7fb4ab27b000-7fb4ab27c000 r--p 0000c000 08:01 4992168                    /usr/lib/jvm/java-8-openjdk-amd64/jre/lib/amd64/jli/libjli.so
7fb4ab27c000-7fb4ab27d000 rw-p 0000d000 08:01 4992168                    /usr/lib/jvm/java-8-openjdk-amd64/jre/lib/amd64/jli/libjli.so
7fb4ab27d000-7fb4ab2a3000 r-xp 00000000 08:01 1065534                    /lib/x86_64-linux-gnu/ld-2.23.so
7fb4ab2a9000-7fb4ab2ad000 r--s 000a1000 08:01 4992174                    /usr/lib/jvm/java-8-openjdk-amd64/jre/lib/jsse.jar
7fb4ab2ad000-7fb4ab2b7000 r--s 00116000 08:01 4992203                    /usr/lib/jvm/java-8-openjdk-amd64/jre/lib/ext/localedata.jar
7fb4ab2b7000-7fb4ab381000 rw-p 00000000 00:00 0 
7fb4ab381000-7fb4ab384000 ---p 00000000 00:00 0 
7fb4ab384000-7fb4ab486000 rw-p 00000000 00:00 0 
7fb4ab486000-7fb4ab489000 r--s 0000f000 08:01 4992195                    /usr/lib/jvm/java-8-openjdk-amd64/jre/lib/ext/icedtea-sound.jar
7fb4ab489000-7fb4ab48b000 r--s 00008000 08:01 4992199                    /usr/lib/jvm/java-8-openjdk-amd64/jre/lib/ext/sunec.jar
7fb4ab48b000-7fb4ab48e000 r--s 00039000 08:01 4992204                    /usr/lib/jvm/java-8-openjdk-amd64/jre/lib/ext/sunpkcs11.jar
7fb4ab48e000-7fb4ab48f000 r--s 0000a000 08:01 4992201                    /usr/lib/jvm/java-8-openjdk-amd64/jre/lib/ext/jaccess.jar
7fb4ab48f000-7fb4ab490000 r--s 00010000 08:01 4992198                    /usr/lib/jvm/java-8-openjdk-amd64/jre/lib/ext/zipfs.jar
7fb4ab490000-7fb4ab495000 r--s 0003c000 08:01 4992200                    /usr/lib/jvm/java-8-openjdk-amd64/jre/lib/ext/sunjce_provider.jar
7fb4ab495000-7fb4ab497000 r--s 00001000 08:01 4992202                    /usr/lib/jvm/java-8-openjdk-amd64/jre/lib/ext/dnsns.jar
7fb4ab497000-7fb4ab49f000 rw-s 00000000 08:01 2883736                    /tmp/hsperfdata_nuz/22573
7fb4ab49f000-7fb4ab4a0000 rw-p 00000000 00:00 0 
7fb4ab4a0000-7fb4ab4a1000 r--p 00000000 00:00 0 
7fb4ab4a1000-7fb4ab4a2000 rw-p 00000000 00:00 0 
7fb4ab4a2000-7fb4ab4a3000 r--p 00025000 08:01 1065534                    /lib/x86_64-linux-gnu/ld-2.23.so
7fb4ab4a3000-7fb4ab4a4000 rw-p 00026000 08:01 1065534                    /lib/x86_64-linux-gnu/ld-2.23.so
7fb4ab4a4000-7fb4ab4a5000 rw-p 00000000 00:00 0 
7ffe6de65000-7ffe6de86000 rw-p 00000000 00:00 0                          [stack]
7ffe6df38000-7ffe6df3a000 r--p 00000000 00:00 0                          [vvar]
7ffe6df3a000-7ffe6df3c000 r-xp 00000000 00:00 0                          [vdso]
ffffffffff600000-ffffffffff601000 r-xp 00000000 00:00 0                  [vsyscall]

VM Arguments:
java_command: target/blockchaindb-1.0.jar --id 1
java_class_path (initial): target/blockchaindb-1.0.jar
Launcher Type: SUN_STANDARD

Environment Variables:
PATH=/home/nuz/bin:/home/nuz/.local/bin:/usr/local/sbin:/usr/local/bin:/usr/sbin:/usr/bin:/sbin:/bin:/usr/games:/usr/local/games:/snap/bin:/home/nuz/workspace/gopackages/bin:/usr/lib/go/bin
SHELL=/bin/bash
DISPLAY=:0

Signal Handlers:
SIGSEGV: [libjvm.so+0xa765a0], sa_mask[0]=11111111011111111101111111111110, sa_flags=SA_RESTART|SA_SIGINFO
SIGBUS: [libjvm.so+0xa765a0], sa_mask[0]=11111111011111111101111111111110, sa_flags=SA_RESTART|SA_SIGINFO
SIGFPE: [libjvm.so+0x8bd800], sa_mask[0]=11111111011111111101111111111110, sa_flags=SA_RESTART|SA_SIGINFO
SIGPIPE: [libjvm.so+0x8bd800], sa_mask[0]=11111111011111111101111111111110, sa_flags=SA_RESTART|SA_SIGINFO
SIGXFSZ: [libjvm.so+0x8bd800], sa_mask[0]=11111111011111111101111111111110, sa_flags=SA_RESTART|SA_SIGINFO
SIGILL: [libjvm.so+0x8bd800], sa_mask[0]=11111111011111111101111111111110, sa_flags=SA_RESTART|SA_SIGINFO
SIGUSR1: SIG_DFL, sa_mask[0]=00000000000000000000000000000000, sa_flags=none
SIGUSR2: [libjvm.so+0x8bd6b0], sa_mask[0]=00000000000000000000000000000000, sa_flags=SA_RESTART|SA_SIGINFO
SIGHUP: [libjvm.so+0x8bdd40], sa_mask[0]=11111111011111111101111111111110, sa_flags=SA_RESTART|SA_SIGINFO
SIGINT: [libjvm.so+0x8bdd40], sa_mask[0]=11111111011111111101111111111110, sa_flags=SA_RESTART|SA_SIGINFO
SIGTERM: [libjvm.so+0x8bdd40], sa_mask[0]=11111111011111111101111111111110, sa_flags=SA_RESTART|SA_SIGINFO
SIGQUIT: [libjvm.so+0x8bdd40], sa_mask[0]=11111111011111111101111111111110, sa_flags=SA_RESTART|SA_SIGINFO


---------------  S Y S T E M  ---------------

OS:DISTRIB_ID=Ubuntu
DISTRIB_RELEASE=16.04
DISTRIB_CODENAME=xenial
DISTRIB_DESCRIPTION="Ubuntu 16.04.2 LTS"

uname:Linux 4.8.0-36-generic #36~16.04.1-Ubuntu SMP Sun Feb 5 09:39:57 UTC 2017 x86_64
libc:glibc 2.23 NPTL 2.23 
rlimit: STACK 8192k, CORE 0k, NPROC 26493, NOFILE 1048576, AS infinity
load average:8.90 3.37 1.99

/proc/meminfo:
MemTotal:        6825204 kB
MemFree:          785228 kB
MemAvailable:    1727808 kB
Buffers:           84240 kB
Cached:          1619364 kB
SwapCached:           68 kB
Active:          4440724 kB
Inactive:        1240224 kB
Active(anon):    3699428 kB
Inactive(anon):   910608 kB
Active(file):     741296 kB
Inactive(file):   329616 kB
Unevictable:        8556 kB
Mlocked:            8556 kB
SwapTotal:       7017468 kB
SwapFree:        7011032 kB
Dirty:             25464 kB
Writeback:             0 kB
AnonPages:       3859940 kB
Mapped:           589600 kB
Shmem:            625184 kB
Slab:             226652 kB
SReclaimable:     175432 kB
SUnreclaim:        51220 kB
KernelStack:       14672 kB
PageTables:        50172 kB
NFS_Unstable:          0 kB
Bounce:                0 kB
WritebackTmp:          0 kB
CommitLimit:    10430068 kB
Committed_AS:    9555716 kB
VmallocTotal:   34359738367 kB
VmallocUsed:           0 kB
VmallocChunk:          0 kB
HardwareCorrupted:     0 kB
AnonHugePages:   2095104 kB
ShmemHugePages:        0 kB
ShmemPmdMapped:        0 kB
CmaTotal:              0 kB
CmaFree:               0 kB
HugePages_Total:       0
HugePages_Free:        0
HugePages_Rsvd:        0
HugePages_Surp:        0
Hugepagesize:       2048 kB
DirectMap4k:      121548 kB
DirectMap2M:     6897664 kB

container (cgroup) information:
container_type: cgroupv1
cpu_cpuset_cpus: 0-7
cpu_memory_nodes: 0
active_processor_count: 8
cpu_quota: -1
cpu_period: 100000
cpu_shares: -1
memory_limit_in_bytes: -1
memory_and_swap_limit_in_bytes: -2
memory_soft_limit_in_bytes: -1
memory_usage_in_bytes: 5826310144
memory_max_usage_in_bytes: 909733888


CPU:total 8 (initial active 8) (4 cores per cpu, 2 threads per core) family 6 model 58 stepping 9, cmov, cx8, fxsr, mmx, sse, sse2, sse3, ssse3, sse4.1, sse4.2, popcnt, avx, aes, clmul, erms, ht, tsc, tscinvbit, tscinv

/proc/cpuinfo:
processor	: 0
vendor_id	: GenuineIntel
cpu family	: 6
model		: 58
model name	: Intel(R) Core(TM) i7-3740QM CPU @ 2.70GHz
stepping	: 9
microcode	: 0x12
cpu MHz		: 1299.902
cache size	: 6144 KB
physical id	: 0
siblings	: 8
core id		: 0
cpu cores	: 4
apicid		: 0
initial apicid	: 0
fpu		: yes
fpu_exception	: yes
cpuid level	: 13
wp		: yes
flags		: fpu vme de pse tsc msr pae mce cx8 apic sep mtrr pge mca cmov pat pse36 clflush dts acpi mmx fxsr sse sse2 ss ht tm pbe syscall nx rdtscp lm constant_tsc arch_perfmon pebs bts rep_good nopl xtopology nonstop_tsc aperfmperf eagerfpu pni pclmulqdq dtes64 monitor ds_cpl vmx smx est tm2 ssse3 cx16 xtpr pdcm pcid sse4_1 sse4_2 x2apic popcnt tsc_deadline_timer aes xsave avx f16c rdrand lahf_lm epb tpr_shadow vnmi flexpriority ept vpid fsgsbase smep erms xsaveopt dtherm ida arat pln pts
bugs		:
bogomips	: 5387.34
clflush size	: 64
cache_alignment	: 64
address sizes	: 36 bits physical, 48 bits virtual
power management:

processor	: 1
vendor_id	: GenuineIntel
cpu family	: 6
model		: 58
model name	: Intel(R) Core(TM) i7-3740QM CPU @ 2.70GHz
stepping	: 9
microcode	: 0x12
cpu MHz		: 1299.902
cache size	: 6144 KB
physical id	: 0
siblings	: 8
core id		: 0
cpu cores	: 4
apicid		: 1
initial apicid	: 1
fpu		: yes
fpu_exception	: yes
cpuid level	: 13
wp		: yes
flags		: fpu vme de pse tsc msr pae mce cx8 apic sep mtrr pge mca cmov pat pse36 clflush dts acpi mmx fxsr sse sse2 ss ht tm pbe syscall nx rdtscp lm constant_tsc arch_perfmon pebs bts rep_good nopl xtopology nonstop_tsc aperfmperf eagerfpu pni pclmulqdq dtes64 monitor ds_cpl vmx smx est tm2 ssse3 cx16 xtpr pdcm pcid sse4_1 sse4_2 x2apic popcnt tsc_deadline_timer aes xsave avx f16c rdrand lahf_lm epb tpr_shadow vnmi flexpriority ept vpid fsgsbase smep erms xsaveopt dtherm ida arat pln pts
bugs		:
bogomips	: 5387.34
clflush size	: 64
cache_alignment	: 64
address sizes	: 36 bits physical, 48 bits virtual
power management:

processor	: 2
vendor_id	: GenuineIntel
cpu family	: 6
model		: 58
model name	: Intel(R) Core(TM) i7-3740QM CPU @ 2.70GHz
stepping	: 9
microcode	: 0x12
cpu MHz		: 1299.902
cache size	: 6144 KB
physical id	: 0
siblings	: 8
core id		: 1
cpu cores	: 4
apicid		: 2
initial apicid	: 2
fpu		: yes
fpu_exception	: yes
cpuid level	: 13
wp		: yes
flags		: fpu vme de pse tsc msr pae mce cx8 apic sep mtrr pge mca cmov pat pse36 clflush dts acpi mmx fxsr sse sse2 ss ht tm pbe syscall nx rdtscp lm constant_tsc arch_perfmon pebs bts rep_good nopl xtopology nonstop_tsc aperfmperf eagerfpu pni pclmulqdq dtes64 monitor ds_cpl vmx smx est tm2 ssse3 cx16 xtpr pdcm pcid sse4_1 sse4_2 x2apic popcnt tsc_deadline_timer aes xsave avx f16c rdrand lahf_lm epb tpr_shadow vnmi flexpriority ept vpid fsgsbase smep erms xsaveopt dtherm ida arat pln pts
bugs		:
bogomips	: 5387.34
clflush size	: 64
cache_alignment	: 64
address sizes	: 36 bits physical, 48 bits virtual
power management:

processor	: 3
vendor_id	: GenuineIntel
cpu family	: 6
model		: 58
model name	: Intel(R) Core(TM) i7-3740QM CPU @ 2.70GHz
stepping	: 9
microcode	: 0x12
cpu MHz		: 1299.902
cache size	: 6144 KB
physical id	: 0
siblings	: 8
core id		: 1
cpu cores	: 4
apicid		: 3
initial apicid	: 3
fpu		: yes
fpu_exception	: yes
cpuid level	: 13
wp		: yes
flags		: fpu vme de pse tsc msr pae mce cx8 apic sep mtrr pge mca cmov pat pse36 clflush dts acpi mmx fxsr sse sse2 ss ht tm pbe syscall nx rdtscp lm constant_tsc arch_perfmon pebs bts rep_good nopl xtopology nonstop_tsc aperfmperf eagerfpu pni pclmulqdq dtes64 monitor ds_cpl vmx smx est tm2 ssse3 cx16 xtpr pdcm pcid sse4_1 sse4_2 x2apic popcnt tsc_deadline_timer aes xsave avx f16c rdrand lahf_lm epb tpr_shadow vnmi flexpriority ept vpid fsgsbase smep erms xsaveopt dtherm ida arat pln pts
bugs		:
bogomips	: 5387.34
clflush size	: 64
cache_alignment	: 64
address sizes	: 36 bits physical, 48 bits virtual
power management:

processor	: 4
vendor_id	: GenuineIntel
cpu family	: 6
model		: 58
model name	: Intel(R) Core(TM) i7-3740QM CPU @ 2.70GHz
stepping	: 9
microcode	: 0x12
cpu MHz		: 1299.902
cache size	: 6144 KB
physical id	: 0
siblings	: 8
core id		: 2
cpu cores	: 4
apicid		: 4
initial apicid	: 4
fpu		: yes
fpu_exception	: yes
cpuid level	: 13
wp		: yes
flags		: fpu vme de pse tsc msr pae mce cx8 apic sep mtrr pge mca cmov pat pse36 clflush dts acpi mmx fxsr sse sse2 ss ht tm pbe syscall nx rdtscp lm constant_tsc arch_perfmon pebs bts rep_good nopl xtopology nonstop_tsc aperfmperf eagerfpu pni pclmulqdq dtes64 monitor ds_cpl vmx smx est tm2 ssse3 cx16 xtpr pdcm pcid sse4_1 sse4_2 x2apic popcnt tsc_deadline_timer aes xsave avx f16c rdrand lahf_lm epb tpr_shadow vnmi flexpriority ept vpid fsgsbase smep erms xsaveopt dtherm ida arat pln pts
bugs		:
bogomips	: 5387.34
clflush size	: 64
cache_alignment	: 64
address sizes	: 36 bits physical, 48 bits virtual
power management:

processor	: 5
vendor_id	: GenuineIntel
cpu family	: 6
model		: 58
model name	: Intel(R) Core(TM) i7-3740QM CPU @ 2.70GHz
stepping	: 9
microcode	: 0x12
cpu MHz		: 1299.902
cache size	: 6144 KB
physical id	: 0
siblings	: 8
core id		: 2
cpu cores	: 4
apicid		: 5
initial apicid	: 5
fpu		: yes
fpu_exception	: yes
cpuid level	: 13
wp		: yes
flags		: fpu vme de pse tsc msr pae mce cx8 apic sep mtrr pge mca cmov pat pse36 clflush dts acpi mmx fxsr sse sse2 ss ht tm pbe syscall nx rdtscp lm constant_tsc arch_perfmon pebs bts rep_good nopl xtopology nonstop_tsc aperfmperf eagerfpu pni pclmulqdq dtes64 monitor ds_cpl vmx smx est tm2 ssse3 cx16 xtpr pdcm pcid sse4_1 sse4_2 x2apic popcnt tsc_deadline_timer aes xsave avx f16c rdrand lahf_lm epb tpr_shadow vnmi flexpriority ept vpid fsgsbase smep erms xsaveopt dtherm ida arat pln pts
bugs		:
bogomips	: 5387.34
clflush size	: 64
cache_alignment	: 64
address sizes	: 36 bits physical, 48 bits virtual
power management:

processor	: 6
vendor_id	: GenuineIntel
cpu family	: 6
model		: 58
model name	: Intel(R) Core(TM) i7-3740QM CPU @ 2.70GHz
stepping	: 9
microcode	: 0x12
cpu MHz		: 1299.902
cache size	: 6144 KB
physical id	: 0
siblings	: 8
core id		: 3
cpu cores	: 4
apicid		: 6
initial apicid	: 6
fpu		: yes
fpu_exception	: yes
cpuid level	: 13
wp		: yes
flags		: fpu vme de pse tsc msr pae mce cx8 apic sep mtrr pge mca cmov pat pse36 clflush dts acpi mmx fxsr sse sse2 ss ht tm pbe syscall nx rdtscp lm constant_tsc arch_perfmon pebs bts rep_good nopl xtopology nonstop_tsc aperfmperf eagerfpu pni pclmulqdq dtes64 monitor ds_cpl vmx smx est tm2 ssse3 cx16 xtpr pdcm pcid sse4_1 sse4_2 x2apic popcnt tsc_deadline_timer aes xsave avx f16c rdrand lahf_lm epb tpr_shadow vnmi flexpriority ept vpid fsgsbase smep erms xsaveopt dtherm ida arat pln pts
bugs		:
bogomips	: 5387.34
clflush size	: 64
cache_alignment	: 64
address sizes	: 36 bits physical, 48 bits virtual
power management:

processor	: 7
vendor_id	: GenuineIntel
cpu family	: 6
model		: 58
model name	: Intel(R) Core(TM) i7-3740QM CPU @ 2.70GHz
stepping	: 9
microcode	: 0x12
cpu MHz		: 1299.902
cache size	: 6144 KB
physical id	: 0
siblings	: 8
core id		: 3
cpu cores	: 4
apicid		: 7
initial apicid	: 7
fpu		: yes
fpu_exception	: yes
cpuid level	: 13
wp		: yes
flags		: fpu vme de pse tsc msr pae mce cx8 apic sep mtrr pge mca cmov pat pse36 clflush dts acpi mmx fxsr sse sse2 ss ht tm pbe syscall nx rdtscp lm constant_tsc arch_perfmon pebs bts rep_good nopl xtopology nonstop_tsc aperfmperf eagerfpu pni pclmulqdq dtes64 monitor ds_cpl vmx smx est tm2 ssse3 cx16 xtpr pdcm pcid sse4_1 sse4_2 x2apic popcnt tsc_deadline_timer aes xsave avx f16c rdrand lahf_lm epb tpr_shadow vnmi flexpriority ept vpid fsgsbase smep erms xsaveopt dtherm ida arat pln pts
bugs		:
bogomips	: 5387.34
clflush size	: 64
cache_alignment	: 64
address sizes	: 36 bits physical, 48 bits virtual
power management:



Memory: 4k page, physical 6825204k(785228k free), swap 7017468k(7011032k free)

vm_info: OpenJDK 64-Bit Server VM (25.212-b03) for linux-amd64 JRE (1.8.0_212-8u212-b03-0ubuntu1.16.04.1-b03), built on Apr 26 2019 02:02:50 by "buildd" with gcc 5.4.0 20160609

time: Tue Jun 25 13:46:11 2019
timezone: CST
elapsed time: 293 seconds (0d 0h 4m 53s)

