#
# A fatal error has been detected by the Java Runtime Environment:
#
#  SIGBUS (0x7) at pc=0x00007fb0e8f37e3d, pid=9142, tid=0x00007fb0ac31f700
#
# JRE version: OpenJDK Runtime Environment (8.0_212-b03) (build 1.8.0_212-8u212-b03-0ubuntu1.16.04.1-b03)
# Java VM: OpenJDK 64-Bit Server VM (25.212-b03 mixed mode linux-amd64 compressed oops)
# Problematic frame:
# C  [libzip.so+0x4e3d]
#
# Failed to write core dump. Core dumps have been disabled. To enable core dumping, try "ulimit -c unlimited" before starting Java again
#
# If you would like to submit a bug report, please visit:
#   http://bugreport.java.com/bugreport/crash.jsp
# The crash happened outside the Java Virtual Machine in native code.
# See problematic frame for where to report the bug.
#

---------------  T H R E A D  ---------------

Current thread (0x00007fb06000f800):  JavaThread "Thread-1" [_thread_in_native, id=13504, stack(0x00007fb0ac21f000,0x00007fb0ac320000)]

siginfo: si_signo: 7 (SIGBUS), si_code: 2 (BUS_ADRERR), si_addr: 0x00007fb0d406e8c0

Registers:
RAX=0x00007fb054002380, RBX=0x00007fb0e4233840, RCX=0x00007fb0d406e8a0, RDX=0x00007fb054002380
RSP=0x00007fb0ac31c650, RBP=0x00007fb0ac31c6c0, RSI=0x0000000082010024, RDI=0x00000000000000b0
R8 =0x00007fb054000258, R9 =0x00007fb0eb76b1a0, R10=0x00007fb0d51233d8, R11=0x0000000000000009
R12=0x00007fb0e4275ed8, R13=0x00007fb0ac31c766, R14=0x00007fb050001fe0, R15=0x00007fb054002380
RIP=0x00007fb0e8f37e3d, EFLAGS=0x0000000000010206, CSGSFS=0x002b000000000033, ERR=0x0000000000000004
  TRAPNO=0x000000000000000e

Top of Stack: (sp=0x00007fb0ac31c650)
0x00007fb0ac31c650:   00007fb0ad6f3b60 00007fb0ac31c728
0x00007fb0ac31c660:   00007fb0ac31c718 8eb0c24200000000
0x00007fb0ac31c670:   00007fb000000000 00007fb0ac31c730
0x00007fb0ac31c680:   000000006000f800 00007fb0eb0e25a0
0x00007fb0ac31c690:   0000000000000037 00007fb0e4275ed0
0x00007fb0ac31c6a0:   000000005cf53e6c 00007fb0ac31c766
0x00007fb0ac31c6b0:   00007fb050001fe0 00007fb0e4233840
0x00007fb0ac31c6c0:   00007fb0ac31c710 00007fb0e8f38bd4
0x00007fb0ac31c6d0:   00007fb0ac31c730 000000370149fc00
0x00007fb0ac31c6e0:   00007fb0ac31c710 0000000000000037
0x00007fb0ac31c6f0:   00007fb06000f9e0 00000000df181780
0x00007fb0ac31c700:   00007fb0ac31cb88 00007fb0e4233840
0x00007fb0ac31c710:   00007fb0ac31cb70 00007fb0e8f36b3c
0x00007fb0ac31c720:   00007fb0ac31c730 00000001ebe3c92d
0x00007fb0ac31c730:   797474656e2f6f69 6c656e6e6168632f
0x00007fb0ac31c740:   636172747362412f 6c656e6e61684374
0x00007fb0ac31c750:   4372656c646e6148 3124747865746e6f
0x00007fb0ac31c760:   007373616c632e33 00007fb0ac31c820
0x00007fb0ac31c770:   00007fb000000000 00007fb000000000
0x00007fb0ac31c780:   00007fb000000000 00007fb0ac31c820
0x00007fb0ac31c790:   00007fb000000000 00007fb000000000
0x00007fb0ac31c7a0:   00007fb0ac31c830 00007fb000000000
0x00007fb0ac31c7b0:   00007fb000000000 00007fb000000044
0x00007fb0ac31c7c0:   0000000000000000 00007fb000000044
0x00007fb0ac31c7d0:   00007fb0eb32d683 0000000100000000
0x00007fb0ac31c7e0:   00007fb0ac31c880 0000000000000000
0x00007fb0ac31c7f0:   ffffffffffffffff 0000000000000000
0x00007fb0ac31c800:   00007fb0ac31c8a0 00007fb0eb32d683
0x00007fb0ac31c810:   ffffffffffffffff 0000000000000000
0x00007fb0ac31c820:   00000000ad6e9778 00007fb0eb317bbe
0x00007fb0ac31c830:   00007fb0ad688de8 00007fb0ad6940f8
0x00007fb0ac31c840:   00007fb0d52b78d0 0000003000000010 

Instructions: (pc=0x00007fb0e8f37e3d)
0x00007fb0e8f37e1d:   40 30 00 00 00 00 48 c7 40 28 00 00 00 00 0f 84
0x00007fb0e8f37e2d:   bf 01 00 00 49 8b 0c 24 48 2b 4b 28 48 03 4b 18
0x00007fb0e8f37e3d:   0f b7 41 20 44 0f b7 69 1c 49 89 ce 44 0f b7 61
0x00007fb0e8f37e4d:   1e 89 45 c0 41 8b 46 0c 48 c7 45 c8 00 00 00 00 

Register to memory mapping:

RAX=0x00007fb054002380 is an unknown value
RBX=0x00007fb0e4233840 is an unknown value
RCX=0x00007fb0d406e8a0 is an unknown value
RDX=0x00007fb054002380 is an unknown value
RSP=0x00007fb0ac31c650 is pointing into the stack for thread: 0x00007fb06000f800
RBP=0x00007fb0ac31c6c0 is pointing into the stack for thread: 0x00007fb06000f800
RSI=0x0000000082010024 is an unknown value
RDI=0x00000000000000b0 is an unknown value
R8 =0x00007fb054000258 is an unknown value
R9 =0x00007fb0eb76b1a0: <offset 0xf071a0> in /usr/lib/jvm/java-8-openjdk-amd64/jre/lib/amd64/server/libjvm.so at 0x00007fb0ea864000
R10=0x00007fb0d51233d8 is at entry_point+88 in (nmethod*)0x00007fb0d5123210
R11=0x0000000000000009 is an unknown value
R12=0x00007fb0e4275ed8 is an unknown value
R13=0x00007fb0ac31c766 is pointing into the stack for thread: 0x00007fb06000f800
R14=0x00007fb050001fe0 is an unknown value
R15=0x00007fb054002380 is an unknown value


Stack: [0x00007fb0ac21f000,0x00007fb0ac320000],  sp=0x00007fb0ac31c650,  free space=1013k
Native frames: (J=compiled Java code, j=interpreted, Vv=VM code, C=native code)
C  [libzip.so+0x4e3d]
C  [libzip.so+0x5bd4]
C  [libzip.so+0x3b3c]  Java_java_util_zip_ZipFile_getEntry+0xfc
J 64  java.util.zip.ZipFile.getEntry(J[BZ)J (0 bytes) @ 0x00007fb0d512344e [0x00007fb0d5123380+0xce]
J 349 C2 sun.misc.URLClassPath$JarLoader.getResource(Ljava/lang/String;Z)Lsun/misc/Resource; (85 bytes) @ 0x00007fb0d51fb820 [0x00007fb0d51fb460+0x3c0]
J 204 C1 sun.misc.URLClassPath.getResource(Ljava/lang/String;Z)Lsun/misc/Resource; (83 bytes) @ 0x00007fb0d517926c [0x00007fb0d5179100+0x16c]
J 173 C1 java.net.URLClassLoader$1.run()Ljava/lang/Class; (63 bytes) @ 0x00007fb0d51696ac [0x00007fb0d51694a0+0x20c]
J 172 C1 java.net.URLClassLoader$1.run()Ljava/lang/Object; (5 bytes) @ 0x00007fb0d516910c [0x00007fb0d5169080+0x8c]
v  ~StubRoutines::call_stub
V  [libjvm.so+0x6679eb]
V  [libjvm.so+0x6b7ab9]  JVM_DoPrivileged+0x429
J 162  java.security.AccessController.doPrivileged(Ljava/security/PrivilegedExceptionAction;Ljava/security/AccessControlContext;)Ljava/lang/Object; (0 bytes) @ 0x00007fb0d5162ad5 [0x00007fb0d5162a00+0xd5]
J 133 C1 java.net.URLClassLoader.findClass(Ljava/lang/String;)Ljava/lang/Class; (47 bytes) @ 0x00007fb0d5153f04 [0x00007fb0d5153d80+0x184]
J 98 C1 java.lang.ClassLoader.loadClass(Ljava/lang/String;Z)Ljava/lang/Class; (122 bytes) @ 0x00007fb0d5139a7c [0x00007fb0d5139120+0x95c]
J 211 C1 sun.misc.Launcher$AppClassLoader.loadClass(Ljava/lang/String;Z)Ljava/lang/Class; (85 bytes) @ 0x00007fb0d51822cc [0x00007fb0d5181940+0x98c]
J 210 C1 java.lang.ClassLoader.loadClass(Ljava/lang/String;)Ljava/lang/Class; (7 bytes) @ 0x00007fb0d517b684 [0x00007fb0d517b580+0x104]
v  ~StubRoutines::call_stub
V  [libjvm.so+0x6679eb]
V  [libjvm.so+0x664fc4]
V  [libjvm.so+0x665623]
V  [libjvm.so+0x9eb96d]
V  [libjvm.so+0x9ea2e6]
V  [libjvm.so+0x9ec42a]
V  [libjvm.so+0x4b997f]
V  [libjvm.so+0x6544bf]
j  io.netty.channel.AbstractChannelHandlerContext.close(Lio/netty/channel/ChannelPromise;)Lio/netty/channel/ChannelFuture;+39
j  io.netty.channel.AbstractChannelHandlerContext.close()Lio/netty/channel/ChannelFuture;+5
j  io.netty.channel.DefaultChannelPipeline.close()Lio/netty/channel/ChannelFuture;+4
j  io.netty.channel.AbstractChannel.close()Lio/netty/channel/ChannelFuture;+4
j  io.grpc.netty.NettyServer.shutdown()V+24
j  io.grpc.internal.ServerImpl.shutdown()Lio/grpc/internal/ServerImpl;+59
j  io.grpc.internal.ServerImpl.shutdown()Lio/grpc/Server;+1
j  iiis.systems.os.blockchaindb.BlockChainMinerServer.stop()V+11
j  iiis.systems.os.blockchaindb.BlockChainMinerServer.access$000(Liiis/systems/os/blockchaindb/BlockChainMinerServer;)V+1
j  iiis.systems.os.blockchaindb.BlockChainMinerServer$1.run()V+12
v  ~StubRoutines::call_stub
V  [libjvm.so+0x6679eb]
V  [libjvm.so+0x664fc4]
V  [libjvm.so+0x6655a7]
V  [libjvm.so+0x6a8814]
V  [libjvm.so+0xa1a177]
V  [libjvm.so+0xa1a560]
V  [libjvm.so+0x8bfaf2]
C  [libpthread.so.0+0x76ba]  start_thread+0xca

Java frames: (J=compiled Java code, j=interpreted, Vv=VM code)
J 64  java.util.zip.ZipFile.getEntry(J[BZ)J (0 bytes) @ 0x00007fb0d51233d8 [0x00007fb0d5123380+0x58]
J 349 C2 sun.misc.URLClassPath$JarLoader.getResource(Ljava/lang/String;Z)Lsun/misc/Resource; (85 bytes) @ 0x00007fb0d51fb820 [0x00007fb0d51fb460+0x3c0]
J 204 C1 sun.misc.URLClassPath.getResource(Ljava/lang/String;Z)Lsun/misc/Resource; (83 bytes) @ 0x00007fb0d517926c [0x00007fb0d5179100+0x16c]
J 173 C1 java.net.URLClassLoader$1.run()Ljava/lang/Class; (63 bytes) @ 0x00007fb0d51696ac [0x00007fb0d51694a0+0x20c]
J 172 C1 java.net.URLClassLoader$1.run()Ljava/lang/Object; (5 bytes) @ 0x00007fb0d516910c [0x00007fb0d5169080+0x8c]
v  ~StubRoutines::call_stub
J 162  java.security.AccessController.doPrivileged(Ljava/security/PrivilegedExceptionAction;Ljava/security/AccessControlContext;)Ljava/lang/Object; (0 bytes) @ 0x00007fb0d5162a63 [0x00007fb0d5162a00+0x63]
J 133 C1 java.net.URLClassLoader.findClass(Ljava/lang/String;)Ljava/lang/Class; (47 bytes) @ 0x00007fb0d5153f04 [0x00007fb0d5153d80+0x184]
J 98 C1 java.lang.ClassLoader.loadClass(Ljava/lang/String;Z)Ljava/lang/Class; (122 bytes) @ 0x00007fb0d5139a7c [0x00007fb0d5139120+0x95c]
J 211 C1 sun.misc.Launcher$AppClassLoader.loadClass(Ljava/lang/String;Z)Ljava/lang/Class; (85 bytes) @ 0x00007fb0d51822cc [0x00007fb0d5181940+0x98c]
J 210 C1 java.lang.ClassLoader.loadClass(Ljava/lang/String;)Ljava/lang/Class; (7 bytes) @ 0x00007fb0d517b684 [0x00007fb0d517b580+0x104]
v  ~StubRoutines::call_stub
j  io.netty.channel.AbstractChannelHandlerContext.close(Lio/netty/channel/ChannelPromise;)Lio/netty/channel/ChannelFuture;+39
j  io.netty.channel.AbstractChannelHandlerContext.close()Lio/netty/channel/ChannelFuture;+5
j  io.netty.channel.DefaultChannelPipeline.close()Lio/netty/channel/ChannelFuture;+4
j  io.netty.channel.AbstractChannel.close()Lio/netty/channel/ChannelFuture;+4
j  io.grpc.netty.NettyServer.shutdown()V+24
j  io.grpc.internal.ServerImpl.shutdown()Lio/grpc/internal/ServerImpl;+59
j  io.grpc.internal.ServerImpl.shutdown()Lio/grpc/Server;+1
j  iiis.systems.os.blockchaindb.BlockChainMinerServer.stop()V+11
j  iiis.systems.os.blockchaindb.BlockChainMinerServer.access$000(Liiis/systems/os/blockchaindb/BlockChainMinerServer;)V+1
j  iiis.systems.os.blockchaindb.BlockChainMinerServer$1.run()V+12
v  ~StubRoutines::call_stub

---------------  P R O C E S S  ---------------

Java Threads: ( => current thread )
=>0x00007fb06000f800 JavaThread "Thread-1" [_thread_in_native, id=13504, stack(0x00007fb0ac21f000,0x00007fb0ac320000)]
  0x00007fb098001000 JavaThread "SIGTERM handler" daemon [_thread_blocked, id=13502, stack(0x00007fb084dfd000,0x00007fb084efe000)]
  0x00007fb07c028000 JavaThread "grpc-default-worker-ELG-3-16" daemon [_thread_in_native, id=10215, stack(0x00007fb058cfa000,0x00007fb058dfb000)]
  0x00007fb07c026800 JavaThread "grpc-default-worker-ELG-3-15" daemon [_thread_in_native, id=10111, stack(0x00007fb058dfb000,0x00007fb058efc000)]
  0x00007fb07c05d800 JavaThread "grpc-default-worker-ELG-3-14" daemon [_thread_in_native, id=10011, stack(0x00007fb058efc000,0x00007fb058ffd000)]
  0x00007fb07c05b800 JavaThread "grpc-default-worker-ELG-3-13" daemon [_thread_in_native, id=10010, stack(0x00007fb0840f0000,0x00007fb0841f1000)]
  0x00007fb07c05a000 JavaThread "grpc-default-worker-ELG-3-12" daemon [_thread_in_native, id=9911, stack(0x00007fb0841f1000,0x00007fb0842f2000)]
  0x00007fb07c058800 JavaThread "grpc-default-worker-ELG-3-11" daemon [_thread_in_native, id=9910, stack(0x00007fb0842f2000,0x00007fb0843f3000)]
  0x00007fb07c095800 JavaThread "grpc-default-worker-ELG-3-10" daemon [_thread_in_native, id=9817, stack(0x00007fb0843f3000,0x00007fb0844f4000)]
  0x00007fb07c094000 JavaThread "grpc-default-worker-ELG-3-9" daemon [_thread_in_native, id=9718, stack(0x00007fb0844f4000,0x00007fb0845f5000)]
  0x00007fb07c092000 JavaThread "grpc-default-worker-ELG-3-8" daemon [_thread_in_native, id=9623, stack(0x00007fb0845f5000,0x00007fb0846f6000)]
  0x00007fb07c090800 JavaThread "grpc-default-worker-ELG-3-7" daemon [_thread_in_native, id=9622, stack(0x00007fb0846f6000,0x00007fb0847f7000)]
  0x00007fb07c08e800 JavaThread "grpc-default-worker-ELG-3-6" daemon [_thread_in_native, id=9525, stack(0x00007fb0847f7000,0x00007fb0848f8000)]
  0x00007fb07c0a0800 JavaThread "grpc-default-worker-ELG-3-5" daemon [_thread_in_native, id=9432, stack(0x00007fb0848f8000,0x00007fb0849f9000)]
  0x00007fb07c09f800 JavaThread "grpc-default-worker-ELG-3-4" daemon [_thread_in_native, id=9431, stack(0x00007fb0849f9000,0x00007fb084afa000)]
  0x00007fb060004800 JavaThread "grpc-default-worker-ELG-3-3" daemon [_thread_in_native, id=9324, stack(0x00007fb084afa000,0x00007fb084bfb000)]
  0x00007fb054006800 JavaThread "grpc-default-worker-ELG-3-2" daemon [_thread_in_native, id=9323, stack(0x00007fb084bfb000,0x00007fb084cfc000)]
  0x00007fb074003800 JavaThread "grpc-timer-0" daemon [_thread_blocked, id=9320, stack(0x00007fb084efe000,0x00007fb084fff000)]
  0x00007fb0e400a800 JavaThread "DestroyJavaVM" [_thread_blocked, id=9145, stack(0x00007fb0ec4cb000,0x00007fb0ec5cc000)]
  0x00007fb07004a000 JavaThread "threadDeathWatcher-4-1" daemon [_thread_blocked, id=9317, stack(0x00007fb0ad321000,0x00007fb0ad422000)]
  0x00007fb07c09d000 JavaThread "grpc-default-worker-ELG-3-1" daemon [_thread_in_native, id=9316, stack(0x00007fb0ad422000,0x00007fb0ad523000)]
  0x00007fb0e4692000 JavaThread "computer" [_thread_blocked, id=9206, stack(0x00007fb0ad723000,0x00007fb0ad824000)]
  0x00007fb0e4690000 JavaThread "127.0.0.1:50052" [_thread_blocked, id=9205, stack(0x00007fb0ad824000,0x00007fb0ad925000)]
  0x00007fb0e468d800 JavaThread "127.0.0.1:50053" [_thread_blocked, id=9204, stack(0x00007fb0ad925000,0x00007fb0ada26000)]
  0x00007fb0e4615800 JavaThread "grpc-default-boss-ELG-1-1" daemon [_thread_in_native, id=9202, stack(0x00007fb0ada26000,0x00007fb0adb27000)]
  0x00007fb0e4212000 JavaThread "Service Thread" daemon [_thread_blocked, id=9186, stack(0x00007fb0ae25c000,0x00007fb0ae35d000)]
  0x00007fb0e420f000 JavaThread "C1 CompilerThread3" daemon [_thread_blocked, id=9185, stack(0x00007fb0ae35d000,0x00007fb0ae45e000)]
  0x00007fb0e420d000 JavaThread "C2 CompilerThread2" daemon [_thread_blocked, id=9184, stack(0x00007fb0ae45e000,0x00007fb0ae55f000)]
  0x00007fb0e420b000 JavaThread "C2 CompilerThread1" daemon [_thread_blocked, id=9183, stack(0x00007fb0ae55f000,0x00007fb0ae660000)]
  0x00007fb0e4208800 JavaThread "C2 CompilerThread0" daemon [_thread_blocked, id=9182, stack(0x00007fb0ae660000,0x00007fb0ae761000)]
  0x00007fb0e4207000 JavaThread "Signal Dispatcher" daemon [_thread_blocked, id=9181, stack(0x00007fb0ae761000,0x00007fb0ae862000)]
  0x00007fb0e41d3800 JavaThread "Finalizer" daemon [_thread_blocked, id=9174, stack(0x00007fb0aeced000,0x00007fb0aedee000)]
  0x00007fb0e41d1000 JavaThread "Reference Handler" daemon [_thread_blocked, id=9173, stack(0x00007fb0aedee000,0x00007fb0aeeef000)]

Other Threads:
  0x00007fb0e41c7800 VMThread [stack: 0x00007fb0aeeef000,0x00007fb0aeff0000] [id=9172]
  0x00007fb0e4214000 WatcherThread [stack: 0x00007fb0ae15b000,0x00007fb0ae25c000] [id=9187]

VM state:not at safepoint (normal execution)

VM Mutex/Monitor currently owned by a thread: None

heap address: 0x0000000097c00000, size: 1668 MB, Compressed Oops mode: 32-bit
Narrow klass base: 0x0000000000000000, Narrow klass shift: 3
Compressed class space size: 1073741824 Address: 0x0000000100000000

Heap:
 PSYoungGen      total 31744K, used 18491K [0x00000000dd400000, 0x00000000df700000, 0x0000000100000000)
  eden space 27648K, 52% used [0x00000000dd400000,0x00000000de212a28,0x00000000def00000)
  from space 4096K, 99% used [0x00000000def00000,0x00000000df2fc3a0,0x00000000df300000)
  to   space 4096K, 0% used [0x00000000df300000,0x00000000df300000,0x00000000df700000)
 ParOldGen       total 72704K, used 3531K [0x0000000097c00000, 0x000000009c300000, 0x00000000dd400000)
  object space 72704K, 4% used [0x0000000097c00000,0x0000000097f72c60,0x000000009c300000)
 Metaspace       used 12889K, capacity 13064K, committed 13184K, reserved 1060864K
  class space    used 1551K, capacity 1626K, committed 1664K, reserved 1048576K

Card table byte_map: [0x00007fb0e8830000,0x00007fb0e8b73000] byte_map_base: 0x00007fb0e8372000

Marking Bits: (ParMarkBitMap*) 0x00007fb0eb797580
 Begin Bits: [0x00007fb0b4be0000, 0x00007fb0b65f0000)
 End Bits:   [0x00007fb0b65f0000, 0x00007fb0b8000000)

Polling page: 0x00007fb0ec5ea000

CodeCache: size=245760Kb used=3300Kb max_used=3309Kb free=242459Kb
 bounds [0x00007fb0d5000000, 0x00007fb0d5340000, 0x00007fb0e4000000]
 total_blobs=1448 nmethods=1076 adapters=286
 compilation: enabled

Compilation events (10 events):
Event: 1840.367 Thread 0x00007fb0e420f000 nmethod 1134 0x00007fb0d5338f50 code [0x00007fb0d53391c0, 0x00007fb0d533a1e8]
Event: 1840.367 Thread 0x00007fb0e420f000 1135       3       io.netty.channel.AbstractChannelHandlerContext::invokeFlush (20 bytes)
Event: 1840.367 Thread 0x00007fb0e420f000 nmethod 1135 0x00007fb0d532cd50 code [0x00007fb0d532cf20, 0x00007fb0d532d5f8]
Event: 1840.367 Thread 0x00007fb0e420f000 1136   !   3       io.netty.channel.AbstractChannelHandlerContext::invokeFlush0 (23 bytes)
Event: 1840.368 Thread 0x00007fb0e420f000 nmethod 1136 0x00007fb0d533a890 code [0x00007fb0d533aa20, 0x00007fb0d533ae88]
Event: 2629.086 Thread 0x00007fb0e420d000 1137       4       java.util.concurrent.ConcurrentLinkedQueue::poll (85 bytes)
Event: 2629.093 Thread 0x00007fb0e420d000 nmethod 1137 0x00007fb0d532c6d0 code [0x00007fb0d532c860, 0x00007fb0d532ca80]
Event: 2694.095 Thread 0x00007fb0e420b000 1138       4       io.netty.util.ThreadDeathWatcher$Watcher::fetchWatchees (55 bytes)
Event: 2694.104 Thread 0x00007fb0e420b000 nmethod 1138 0x00007fb0d533c110 code [0x00007fb0d533c2c0, 0x00007fb0d533c580]
Event: 2798.768 Thread 0x00007fb0e420f000 1139  s    3       java.util.Hashtable::containsKey (65 bytes)

GC Heap History (2 events):
Event: 6.812 GC heap before
{Heap before GC invocations=1 (full 0):
 PSYoungGen      total 31744K, used 27648K [0x00000000dd400000, 0x00000000df700000, 0x0000000100000000)
  eden space 27648K, 100% used [0x00000000dd400000,0x00000000def00000,0x00000000def00000)
  from space 4096K, 0% used [0x00000000df300000,0x00000000df300000,0x00000000df700000)
  to   space 4096K, 0% used [0x00000000def00000,0x00000000def00000,0x00000000df300000)
 ParOldGen       total 72704K, used 0K [0x0000000097c00000, 0x000000009c300000, 0x00000000dd400000)
  object space 72704K, 0% used [0x0000000097c00000,0x0000000097c00000,0x000000009c300000)
 Metaspace       used 11513K, capacity 11682K, committed 12032K, reserved 1060864K
  class space    used 1393K, capacity 1465K, committed 1536K, reserved 1048576K
Event: 6.817 GC heap after
Heap after GC invocations=1 (full 0):
 PSYoungGen      total 31744K, used 4080K [0x00000000dd400000, 0x00000000df700000, 0x0000000100000000)
  eden space 27648K, 0% used [0x00000000dd400000,0x00000000dd400000,0x00000000def00000)
  from space 4096K, 99% used [0x00000000def00000,0x00000000df2fc3a0,0x00000000df300000)
  to   space 4096K, 0% used [0x00000000df300000,0x00000000df300000,0x00000000df700000)
 ParOldGen       total 72704K, used 3531K [0x0000000097c00000, 0x000000009c300000, 0x00000000dd400000)
  object space 72704K, 4% used [0x0000000097c00000,0x0000000097f72c60,0x000000009c300000)
 Metaspace       used 11513K, capacity 11682K, committed 12032K, reserved 1060864K
  class space    used 1393K, capacity 1465K, committed 1536K, reserved 1048576K
}

Deoptimization events (5 events):
Event: 0.324 Thread 0x00007fb0e400a800 Uncommon trap: reason=unstable_if action=reinterpret pc=0x00007fb0d518cf98 method=java.lang.String.indexOf([CII[CIII)I @ 134
Event: 0.331 Thread 0x00007fb0e400a800 Uncommon trap: reason=unstable_if action=reinterpret pc=0x00007fb0d517c8a4 method=java.lang.String.replace(CC)Ljava/lang/String; @ 2
Event: 0.332 Thread 0x00007fb0e400a800 Uncommon trap: reason=unstable_if action=reinterpret pc=0x00007fb0d51c949c method=java.util.zip.ZipCoder.encoder()Ljava/nio/charset/CharsetEncoder; @ 4
Event: 0.405 Thread 0x00007fb0e400a800 Uncommon trap: reason=unstable_if action=reinterpret pc=0x00007fb0d5207778 method=iiis.systems.os.blockchaindb.BlockChainMinerServer.main([Ljava/lang/String;)V @ 210
Event: 6.812 Thread 0x00007fb0e400a800 Uncommon trap: reason=unstable_if action=reinterpret pc=0x00007fb0d5205b40 method=iiis.systems.os.blockchaindb.BlockChainMinerServer.main([Ljava/lang/String;)V @ 240

Classes redefined (0 events):
No events

Internal exceptions (10 events):
Event: 20.224 Thread 0x00007fb07c026800 Exception <a 'java/lang/ArrayIndexOutOfBoundsException'> (0x00000000de045b58) thrown at [/build/openjdk-8-lHVHKD/openjdk-8-8u212-b03/src/hotspot/src/share/vm/runtime/sharedRuntime.cpp, line 605]
Event: 21.899 Thread 0x00007fb07c09d000 Exception <a 'java/lang/ArrayIndexOutOfBoundsException'> (0x00000000dd7e6578) thrown at [/build/openjdk-8-lHVHKD/openjdk-8-8u212-b03/src/hotspot/src/share/vm/runtime/sharedRuntime.cpp, line 605]
Event: 23.535 Thread 0x00007fb054006800 Exception <a 'java/lang/ArrayIndexOutOfBoundsException'> (0x00000000ddb1ae08) thrown at [/build/openjdk-8-lHVHKD/openjdk-8-8u212-b03/src/hotspot/src/share/vm/runtime/sharedRuntime.cpp, line 605]
Event: 25.269 Thread 0x00007fb07c09f800 Exception <a 'java/lang/ArrayIndexOutOfBoundsException'> (0x00000000ddbd74b0) thrown at [/build/openjdk-8-lHVHKD/openjdk-8-8u212-b03/src/hotspot/src/share/vm/runtime/sharedRuntime.cpp, line 605]
Event: 26.943 Thread 0x00007fb07c08e800 Exception <a 'java/lang/ArrayIndexOutOfBoundsException'> (0x00000000de0ba3d0) thrown at [/build/openjdk-8-lHVHKD/openjdk-8-8u212-b03/src/hotspot/src/share/vm/runtime/sharedRuntime.cpp, line 605]
Event: 28.613 Thread 0x00007fb07c092000 Exception <a 'java/lang/ArrayIndexOutOfBoundsException'> (0x00000000ddd303f0) thrown at [/build/openjdk-8-lHVHKD/openjdk-8-8u212-b03/src/hotspot/src/share/vm/runtime/sharedRuntime.cpp, line 605]
Event: 30.323 Thread 0x00007fb07c094000 Exception <a 'java/lang/ArrayIndexOutOfBoundsException'> (0x00000000ddd78618) thrown at [/build/openjdk-8-lHVHKD/openjdk-8-8u212-b03/src/hotspot/src/share/vm/runtime/sharedRuntime.cpp, line 605]
Event: 32.016 Thread 0x00007fb07c058800 Exception <a 'java/lang/ArrayIndexOutOfBoundsException'> (0x00000000ddeeda08) thrown at [/build/openjdk-8-lHVHKD/openjdk-8-8u212-b03/src/hotspot/src/share/vm/runtime/sharedRuntime.cpp, line 605]
Event: 33.703 Thread 0x00007fb07c05b800 Exception <a 'java/lang/ArrayIndexOutOfBoundsException'> (0x00000000ddfe26d8) thrown at [/build/openjdk-8-lHVHKD/openjdk-8-8u212-b03/src/hotspot/src/share/vm/runtime/sharedRuntime.cpp, line 605]
Event: 35.357 Thread 0x00007fb07c026800 Exception <a 'java/lang/ArrayIndexOutOfBoundsException'> (0x00000000de04a4c0) thrown at [/build/openjdk-8-lHVHKD/openjdk-8-8u212-b03/src/hotspot/src/share/vm/runtime/sharedRuntime.cpp, line 605]

Events (10 events):
Event: 2798.767 Thread 0x00007fb098001000 Thread added: 0x00007fb098001000
Event: 2798.768 loading class java/util/IdentityHashMap$KeyIterator
Event: 2798.768 loading class java/util/IdentityHashMap$IdentityHashMapIterator
Event: 2798.768 loading class java/util/IdentityHashMap$IdentityHashMapIterator done
Event: 2798.768 loading class java/util/IdentityHashMap$KeyIterator done
Event: 2798.768 Thread 0x00007fb06000c800 Thread added: 0x00007fb06000c800
Event: 2798.768 Thread 0x00007fb06000f800 Thread added: 0x00007fb06000f800
Event: 2798.768 Thread 0x00007fb06000c800 Thread exited: 0x00007fb06000c800
Event: 2798.769 loading class io/netty/channel/AbstractChannelHandlerContext$13
Event: 2798.769 loading class io/netty/channel/AbstractChannelHandlerContext$13 done


Dynamic libraries:
00400000-00401000 r-xp 00000000 08:01 4992117                            /usr/lib/jvm/java-8-openjdk-amd64/jre/bin/java
00600000-00601000 r--p 00000000 08:01 4992117                            /usr/lib/jvm/java-8-openjdk-amd64/jre/bin/java
00601000-00602000 rw-p 00001000 08:01 4992117                            /usr/lib/jvm/java-8-openjdk-amd64/jre/bin/java
00e4f000-00e70000 rw-p 00000000 00:00 0                                  [heap]
97c00000-9c300000 rw-p 00000000 00:00 0 
9c300000-dd400000 ---p 00000000 00:00 0 
dd400000-df700000 rw-p 00000000 00:00 0 
df700000-100000000 ---p 00000000 00:00 0 
100000000-1001a0000 rw-p 00000000 00:00 0 
1001a0000-140000000 ---p 00000000 00:00 0 
7fb008000000-7fb008021000 rw-p 00000000 00:00 0 
7fb008021000-7fb00c000000 ---p 00000000 00:00 0 
7fb00c000000-7fb00c021000 rw-p 00000000 00:00 0 
7fb00c021000-7fb010000000 ---p 00000000 00:00 0 
7fb010000000-7fb010021000 rw-p 00000000 00:00 0 
7fb010021000-7fb014000000 ---p 00000000 00:00 0 
7fb014000000-7fb014021000 rw-p 00000000 00:00 0 
7fb014021000-7fb018000000 ---p 00000000 00:00 0 
7fb018000000-7fb018021000 rw-p 00000000 00:00 0 
7fb018021000-7fb01c000000 ---p 00000000 00:00 0 
7fb01c000000-7fb01c021000 rw-p 00000000 00:00 0 
7fb01c021000-7fb020000000 ---p 00000000 00:00 0 
7fb020000000-7fb020021000 rw-p 00000000 00:00 0 
7fb020021000-7fb024000000 ---p 00000000 00:00 0 
7fb025ffe000-7fb028000000 rw-p 00000000 00:00 0 
7fb028000000-7fb028021000 rw-p 00000000 00:00 0 
7fb028021000-7fb02c000000 ---p 00000000 00:00 0 
7fb02c000000-7fb02c021000 rw-p 00000000 00:00 0 
7fb02c021000-7fb030000000 ---p 00000000 00:00 0 
7fb030000000-7fb030021000 rw-p 00000000 00:00 0 
7fb030021000-7fb034000000 ---p 00000000 00:00 0 
7fb034ffd000-7fb038000000 rw-p 00000000 00:00 0 
7fb038000000-7fb038021000 rw-p 00000000 00:00 0 
7fb038021000-7fb03c000000 ---p 00000000 00:00 0 
7fb03c000000-7fb03c021000 rw-p 00000000 00:00 0 
7fb03c021000-7fb040000000 ---p 00000000 00:00 0 
7fb040ffd000-7fb044000000 rw-p 00000000 00:00 0 
7fb044000000-7fb044021000 rw-p 00000000 00:00 0 
7fb044021000-7fb048000000 ---p 00000000 00:00 0 
7fb048000000-7fb048021000 rw-p 00000000 00:00 0 
7fb048021000-7fb04c000000 ---p 00000000 00:00 0 
7fb04cffd000-7fb050000000 rw-p 00000000 00:00 0 
7fb050000000-7fb050021000 rw-p 00000000 00:00 0 
7fb050021000-7fb054000000 ---p 00000000 00:00 0 
7fb054000000-7fb054024000 rw-p 00000000 00:00 0 
7fb054024000-7fb058000000 ---p 00000000 00:00 0 
7fb058cfa000-7fb058cfd000 ---p 00000000 00:00 0 
7fb058cfd000-7fb058dfb000 rw-p 00000000 00:00 0 
7fb058dfb000-7fb058dfe000 ---p 00000000 00:00 0 
7fb058dfe000-7fb058efc000 rw-p 00000000 00:00 0 
7fb058efc000-7fb058eff000 ---p 00000000 00:00 0 
7fb058eff000-7fb05c000000 rw-p 00000000 00:00 0 
7fb05c000000-7fb05c021000 rw-p 00000000 00:00 0 
7fb05c021000-7fb060000000 ---p 00000000 00:00 0 
7fb060000000-7fb060021000 rw-p 00000000 00:00 0 
7fb060021000-7fb064000000 ---p 00000000 00:00 0 
7fb064000000-7fb064021000 rw-p 00000000 00:00 0 
7fb064021000-7fb068000000 ---p 00000000 00:00 0 
7fb068000000-7fb068027000 rw-p 00000000 00:00 0 
7fb068027000-7fb06c000000 ---p 00000000 00:00 0 
7fb06c000000-7fb06c021000 rw-p 00000000 00:00 0 
7fb06c021000-7fb070000000 ---p 00000000 00:00 0 
7fb070000000-7fb07006e000 rw-p 00000000 00:00 0 
7fb07006e000-7fb074000000 ---p 00000000 00:00 0 
7fb074000000-7fb074021000 rw-p 00000000 00:00 0 
7fb074021000-7fb078000000 ---p 00000000 00:00 0 
7fb078000000-7fb078021000 rw-p 00000000 00:00 0 
7fb078021000-7fb07c000000 ---p 00000000 00:00 0 
7fb07c000000-7fb07c0a3000 rw-p 00000000 00:00 0 
7fb07c0a3000-7fb080000000 ---p 00000000 00:00 0 
7fb080000000-7fb080021000 rw-p 00000000 00:00 0 
7fb080021000-7fb084000000 ---p 00000000 00:00 0 
7fb0840f0000-7fb0840f3000 ---p 00000000 00:00 0 
7fb0840f3000-7fb0841f1000 rw-p 00000000 00:00 0 
7fb0841f1000-7fb0841f4000 ---p 00000000 00:00 0 
7fb0841f4000-7fb0842f2000 rw-p 00000000 00:00 0 
7fb0842f2000-7fb0842f5000 ---p 00000000 00:00 0 
7fb0842f5000-7fb0843f3000 rw-p 00000000 00:00 0 
7fb0843f3000-7fb0843f6000 ---p 00000000 00:00 0 
7fb0843f6000-7fb0844f4000 rw-p 00000000 00:00 0 
7fb0844f4000-7fb0844f7000 ---p 00000000 00:00 0 
7fb0844f7000-7fb0845f5000 rw-p 00000000 00:00 0 
7fb0845f5000-7fb0845f8000 ---p 00000000 00:00 0 
7fb0845f8000-7fb0846f6000 rw-p 00000000 00:00 0 
7fb0846f6000-7fb0846f9000 ---p 00000000 00:00 0 
7fb0846f9000-7fb0847f7000 rw-p 00000000 00:00 0 
7fb0847f7000-7fb0847fa000 ---p 00000000 00:00 0 
7fb0847fa000-7fb0848f8000 rw-p 00000000 00:00 0 
7fb0848f8000-7fb0848fb000 ---p 00000000 00:00 0 
7fb0848fb000-7fb0849f9000 rw-p 00000000 00:00 0 
7fb0849f9000-7fb0849fc000 ---p 00000000 00:00 0 
7fb0849fc000-7fb084afa000 rw-p 00000000 00:00 0 
7fb084afa000-7fb084afd000 ---p 00000000 00:00 0 
7fb084afd000-7fb084bfb000 rw-p 00000000 00:00 0 
7fb084bfb000-7fb084bfe000 ---p 00000000 00:00 0 
7fb084bfe000-7fb084cfc000 rw-p 00000000 00:00 0 
7fb084cfc000-7fb084cff000 ---p 00000000 00:00 0 
7fb084cff000-7fb084dfd000 rw-p 00000000 00:00 0 
7fb084dfd000-7fb084e00000 ---p 00000000 00:00 0 
7fb084e00000-7fb084efe000 rw-p 00000000 00:00 0 
7fb084efe000-7fb084f01000 ---p 00000000 00:00 0 
7fb084f01000-7fb088000000 rw-p 00000000 00:00 0 
7fb088000000-7fb0881ce000 rw-p 00000000 00:00 0 
7fb0881ce000-7fb08c000000 ---p 00000000 00:00 0 
7fb08c000000-7fb08c021000 rw-p 00000000 00:00 0 
7fb08c021000-7fb090000000 ---p 00000000 00:00 0 
7fb090000000-7fb090187000 rw-p 00000000 00:00 0 
7fb090187000-7fb094000000 ---p 00000000 00:00 0 
7fb094000000-7fb0943cc000 rw-p 00000000 00:00 0 
7fb0943cc000-7fb098000000 ---p 00000000 00:00 0 
7fb098000000-7fb098021000 rw-p 00000000 00:00 0 
7fb098021000-7fb09c000000 ---p 00000000 00:00 0 
7fb09c000000-7fb09c1e3000 rw-p 00000000 00:00 0 
7fb09c1e3000-7fb0a0000000 ---p 00000000 00:00 0 
7fb0a0000000-7fb0a0021000 rw-p 00000000 00:00 0 
7fb0a0021000-7fb0a4000000 ---p 00000000 00:00 0 
7fb0a4000000-7fb0a4021000 rw-p 00000000 00:00 0 
7fb0a4021000-7fb0a8000000 ---p 00000000 00:00 0 
7fb0a8000000-7fb0a8071000 rw-p 00000000 00:00 0 
7fb0a8071000-7fb0ac000000 ---p 00000000 00:00 0 
7fb0ac01f000-7fb0ac15f000 rw-p 00000000 00:00 0 
7fb0ac15f000-7fb0ac21f000 ---p 00000000 00:00 0 
7fb0ac21f000-7fb0ac222000 ---p 00000000 00:00 0 
7fb0ac222000-7fb0ad321000 rw-p 00000000 00:00 0 
7fb0ad321000-7fb0ad324000 ---p 00000000 00:00 0 
7fb0ad324000-7fb0ad422000 rw-p 00000000 00:00 0 
7fb0ad422000-7fb0ad425000 ---p 00000000 00:00 0 
7fb0ad425000-7fb0ad723000 rw-p 00000000 00:00 0 
7fb0ad723000-7fb0ad726000 ---p 00000000 00:00 0 
7fb0ad726000-7fb0ad824000 rw-p 00000000 00:00 0 
7fb0ad824000-7fb0ad827000 ---p 00000000 00:00 0 
7fb0ad827000-7fb0ad925000 rw-p 00000000 00:00 0 
7fb0ad925000-7fb0ad928000 ---p 00000000 00:00 0 
7fb0ad928000-7fb0ada26000 rw-p 00000000 00:00 0 
7fb0ada26000-7fb0ada29000 ---p 00000000 00:00 0 
7fb0ada29000-7fb0adb27000 rw-p 00000000 00:00 0 
7fb0adb27000-7fb0adb30000 r-xp 00000000 08:01 4992141                    /usr/lib/jvm/java-8-openjdk-amd64/jre/lib/amd64/libmanagement.so
7fb0adb30000-7fb0add2f000 ---p 00009000 08:01 4992141                    /usr/lib/jvm/java-8-openjdk-amd64/jre/lib/amd64/libmanagement.so
7fb0add2f000-7fb0add30000 r--p 00008000 08:01 4992141                    /usr/lib/jvm/java-8-openjdk-amd64/jre/lib/amd64/libmanagement.so
7fb0add30000-7fb0add31000 rw-p 00009000 08:01 4992141                    /usr/lib/jvm/java-8-openjdk-amd64/jre/lib/amd64/libmanagement.so
7fb0add31000-7fb0add47000 r-xp 00000000 08:01 4992163                    /usr/lib/jvm/java-8-openjdk-amd64/jre/lib/amd64/libnet.so
7fb0add47000-7fb0adf47000 ---p 00016000 08:01 4992163                    /usr/lib/jvm/java-8-openjdk-amd64/jre/lib/amd64/libnet.so
7fb0adf47000-7fb0adf48000 r--p 00016000 08:01 4992163                    /usr/lib/jvm/java-8-openjdk-amd64/jre/lib/amd64/libnet.so
7fb0adf48000-7fb0adf49000 rw-p 00017000 08:01 4992163                    /usr/lib/jvm/java-8-openjdk-amd64/jre/lib/amd64/libnet.so
7fb0adf49000-7fb0adf5a000 r-xp 00000000 08:01 4992137                    /usr/lib/jvm/java-8-openjdk-amd64/jre/lib/amd64/libnio.so
7fb0adf5a000-7fb0ae159000 ---p 00011000 08:01 4992137                    /usr/lib/jvm/java-8-openjdk-amd64/jre/lib/amd64/libnio.so
7fb0ae159000-7fb0ae15a000 r--p 00010000 08:01 4992137                    /usr/lib/jvm/java-8-openjdk-amd64/jre/lib/amd64/libnio.so
7fb0ae15a000-7fb0ae15b000 rw-p 00011000 08:01 4992137                    /usr/lib/jvm/java-8-openjdk-amd64/jre/lib/amd64/libnio.so
7fb0ae15b000-7fb0ae15c000 ---p 00000000 00:00 0 
7fb0ae15c000-7fb0ae25c000 rw-p 00000000 00:00 0 
7fb0ae25c000-7fb0ae25f000 ---p 00000000 00:00 0 
7fb0ae25f000-7fb0ae35d000 rw-p 00000000 00:00 0 
7fb0ae35d000-7fb0ae360000 ---p 00000000 00:00 0 
7fb0ae360000-7fb0ae45e000 rw-p 00000000 00:00 0 
7fb0ae45e000-7fb0ae461000 ---p 00000000 00:00 0 
7fb0ae461000-7fb0ae55f000 rw-p 00000000 00:00 0 
7fb0ae55f000-7fb0ae562000 ---p 00000000 00:00 0 
7fb0ae562000-7fb0ae660000 rw-p 00000000 00:00 0 
7fb0ae660000-7fb0ae663000 ---p 00000000 00:00 0 
7fb0ae663000-7fb0ae761000 rw-p 00000000 00:00 0 
7fb0ae761000-7fb0ae764000 ---p 00000000 00:00 0 
7fb0ae764000-7fb0ae862000 rw-p 00000000 00:00 0 
7fb0ae862000-7fb0aeced000 r--p 00000000 08:01 3933817                    /usr/lib/locale/locale-archive
7fb0aeced000-7fb0aecf0000 ---p 00000000 00:00 0 
7fb0aecf0000-7fb0aedee000 rw-p 00000000 00:00 0 
7fb0aedee000-7fb0aedf1000 ---p 00000000 00:00 0 
7fb0aedf1000-7fb0aeeef000 rw-p 00000000 00:00 0 
7fb0aeeef000-7fb0aeef0000 ---p 00000000 00:00 0 
7fb0aeef0000-7fb0b0000000 rw-p 00000000 00:00 0 
7fb0b0000000-7fb0b0021000 rw-p 00000000 00:00 0 
7fb0b0021000-7fb0b4000000 ---p 00000000 00:00 0 
7fb0b4007000-7fb0b4a11000 rw-p 00000000 00:00 0 
7fb0b4a11000-7fb0b4be0000 r--s 03c3b000 08:01 4992170                    /usr/lib/jvm/java-8-openjdk-amd64/jre/lib/rt.jar
7fb0b4be0000-7fb0b8000000 rw-p 00000000 00:00 0 
7fb0b8000000-7fb0b8021000 rw-p 00000000 00:00 0 
7fb0b8021000-7fb0bc000000 ---p 00000000 00:00 0 
7fb0bc000000-7fb0bc021000 rw-p 00000000 00:00 0 
7fb0bc021000-7fb0c0000000 ---p 00000000 00:00 0 
7fb0c0000000-7fb0c0021000 rw-p 00000000 00:00 0 
7fb0c0021000-7fb0c4000000 ---p 00000000 00:00 0 
7fb0c4000000-7fb0c4021000 rw-p 00000000 00:00 0 
7fb0c4021000-7fb0c8000000 ---p 00000000 00:00 0 
7fb0c8000000-7fb0c8021000 rw-p 00000000 00:00 0 
7fb0c8021000-7fb0cc000000 ---p 00000000 00:00 0 
7fb0cc000000-7fb0cc021000 rw-p 00000000 00:00 0 
7fb0cc021000-7fb0d0000000 ---p 00000000 00:00 0 
7fb0d0000000-7fb0d0021000 rw-p 00000000 00:00 0 
7fb0d0021000-7fb0d4000000 ---p 00000000 00:00 0 
7fb0d4034000-7fb0d40ba000 r--s 00714000 08:01 1580601                    /home/nuz/workspace/os/project/project4/blockdb_java/target/original-blockchaindb-1.0.jar (deleted)
7fb0d40ba000-7fb0d4cfd000 rw-p 00000000 00:00 0 
7fb0d4cfd000-7fb0d4cfe000 ---p 00000000 00:00 0 
7fb0d4cfe000-7fb0d4dfe000 rw-p 00000000 00:00 0 
7fb0d4dfe000-7fb0d4dff000 ---p 00000000 00:00 0 
7fb0d4dff000-7fb0d4eff000 rw-p 00000000 00:00 0 
7fb0d4eff000-7fb0d4f00000 ---p 00000000 00:00 0 
7fb0d4f00000-7fb0d5000000 rw-p 00000000 00:00 0 
7fb0d5000000-7fb0d5340000 rwxp 00000000 00:00 0 
7fb0d5340000-7fb0e4000000 ---p 00000000 00:00 0 
7fb0e4000000-7fb0e4695000 rw-p 00000000 00:00 0 
7fb0e4695000-7fb0e8000000 ---p 00000000 00:00 0 
7fb0e8053000-7fb0e806e000 r--s 001d6000 08:01 4992197                    /usr/lib/jvm/java-8-openjdk-amd64/jre/lib/ext/nashorn.jar
7fb0e806e000-7fb0e8089000 r--s 00394000 08:01 4992196                    /usr/lib/jvm/java-8-openjdk-amd64/jre/lib/ext/cldrdata.jar
7fb0e8089000-7fb0e80ff000 rw-p 00000000 00:00 0 
7fb0e80ff000-7fb0e8100000 ---p 00000000 00:00 0 
7fb0e8100000-7fb0e8200000 rw-p 00000000 00:00 0 
7fb0e8200000-7fb0e8201000 ---p 00000000 00:00 0 
7fb0e8201000-7fb0e8301000 rw-p 00000000 00:00 0 
7fb0e8301000-7fb0e8302000 ---p 00000000 00:00 0 
7fb0e8302000-7fb0e8402000 rw-p 00000000 00:00 0 
7fb0e8402000-7fb0e8403000 ---p 00000000 00:00 0 
7fb0e8403000-7fb0e8503000 rw-p 00000000 00:00 0 
7fb0e8503000-7fb0e8504000 ---p 00000000 00:00 0 
7fb0e8504000-7fb0e8628000 rw-p 00000000 00:00 0 
7fb0e8628000-7fb0e8830000 ---p 00000000 00:00 0 
7fb0e8830000-7fb0e8854000 rw-p 00000000 00:00 0 
7fb0e8854000-7fb0e8a5c000 ---p 00000000 00:00 0 
7fb0e8a5c000-7fb0e8a6e000 rw-p 00000000 00:00 0 
7fb0e8a6e000-7fb0e8b72000 ---p 00000000 00:00 0 
7fb0e8b72000-7fb0e8b80000 rw-p 00000000 00:00 0 
7fb0e8b80000-7fb0e8f33000 ---p 00000000 00:00 0 
7fb0e8f33000-7fb0e8f3b000 r-xp 00000000 08:01 4992169                    /usr/lib/jvm/java-8-openjdk-amd64/jre/lib/amd64/libzip.so
7fb0e8f3b000-7fb0e913a000 ---p 00008000 08:01 4992169                    /usr/lib/jvm/java-8-openjdk-amd64/jre/lib/amd64/libzip.so
7fb0e913a000-7fb0e913b000 r--p 00007000 08:01 4992169                    /usr/lib/jvm/java-8-openjdk-amd64/jre/lib/amd64/libzip.so
7fb0e913b000-7fb0e913c000 rw-p 00008000 08:01 4992169                    /usr/lib/jvm/java-8-openjdk-amd64/jre/lib/amd64/libzip.so
7fb0e913c000-7fb0e9147000 r-xp 00000000 08:01 1065545                    /lib/x86_64-linux-gnu/libnss_files-2.23.so
7fb0e9147000-7fb0e9346000 ---p 0000b000 08:01 1065545                    /lib/x86_64-linux-gnu/libnss_files-2.23.so
7fb0e9346000-7fb0e9347000 r--p 0000a000 08:01 1065545                    /lib/x86_64-linux-gnu/libnss_files-2.23.so
7fb0e9347000-7fb0e9348000 rw-p 0000b000 08:01 1065545                    /lib/x86_64-linux-gnu/libnss_files-2.23.so
7fb0e9348000-7fb0e934e000 rw-p 00000000 00:00 0 
7fb0e934e000-7fb0e9359000 r-xp 00000000 08:01 1065538                    /lib/x86_64-linux-gnu/libnss_nis-2.23.so
7fb0e9359000-7fb0e9558000 ---p 0000b000 08:01 1065538                    /lib/x86_64-linux-gnu/libnss_nis-2.23.so
7fb0e9558000-7fb0e9559000 r--p 0000a000 08:01 1065538                    /lib/x86_64-linux-gnu/libnss_nis-2.23.so
7fb0e9559000-7fb0e955a000 rw-p 0000b000 08:01 1065538                    /lib/x86_64-linux-gnu/libnss_nis-2.23.so
7fb0e955a000-7fb0e9570000 r-xp 00000000 08:01 1065543                    /lib/x86_64-linux-gnu/libnsl-2.23.so
7fb0e9570000-7fb0e976f000 ---p 00016000 08:01 1065543                    /lib/x86_64-linux-gnu/libnsl-2.23.so
7fb0e976f000-7fb0e9770000 r--p 00015000 08:01 1065543                    /lib/x86_64-linux-gnu/libnsl-2.23.so
7fb0e9770000-7fb0e9771000 rw-p 00016000 08:01 1065543                    /lib/x86_64-linux-gnu/libnsl-2.23.so
7fb0e9771000-7fb0e9773000 rw-p 00000000 00:00 0 
7fb0e9773000-7fb0e977b000 r-xp 00000000 08:01 1065549                    /lib/x86_64-linux-gnu/libnss_compat-2.23.so
7fb0e977b000-7fb0e997a000 ---p 00008000 08:01 1065549                    /lib/x86_64-linux-gnu/libnss_compat-2.23.so
7fb0e997a000-7fb0e997b000 r--p 00007000 08:01 1065549                    /lib/x86_64-linux-gnu/libnss_compat-2.23.so
7fb0e997b000-7fb0e997c000 rw-p 00008000 08:01 1065549                    /lib/x86_64-linux-gnu/libnss_compat-2.23.so
7fb0e997c000-7fb0e99a8000 r-xp 00000000 08:01 4992151                    /usr/lib/jvm/java-8-openjdk-amd64/jre/lib/amd64/libjava.so
7fb0e99a8000-7fb0e9ba7000 ---p 0002c000 08:01 4992151                    /usr/lib/jvm/java-8-openjdk-amd64/jre/lib/amd64/libjava.so
7fb0e9ba7000-7fb0e9ba8000 r--p 0002b000 08:01 4992151                    /usr/lib/jvm/java-8-openjdk-amd64/jre/lib/amd64/libjava.so
7fb0e9ba8000-7fb0e9baa000 rw-p 0002c000 08:01 4992151                    /usr/lib/jvm/java-8-openjdk-amd64/jre/lib/amd64/libjava.so
7fb0e9baa000-7fb0e9bb9000 r-xp 00000000 08:01 4992140                    /usr/lib/jvm/java-8-openjdk-amd64/jre/lib/amd64/libverify.so
7fb0e9bb9000-7fb0e9db8000 ---p 0000f000 08:01 4992140                    /usr/lib/jvm/java-8-openjdk-amd64/jre/lib/amd64/libverify.so
7fb0e9db8000-7fb0e9dba000 r--p 0000e000 08:01 4992140                    /usr/lib/jvm/java-8-openjdk-amd64/jre/lib/amd64/libverify.so
7fb0e9dba000-7fb0e9dbb000 rw-p 00010000 08:01 4992140                    /usr/lib/jvm/java-8-openjdk-amd64/jre/lib/amd64/libverify.so
7fb0e9dbb000-7fb0e9dc2000 r-xp 00000000 08:01 1065531                    /lib/x86_64-linux-gnu/librt-2.23.so
7fb0e9dc2000-7fb0e9fc1000 ---p 00007000 08:01 1065531                    /lib/x86_64-linux-gnu/librt-2.23.so
7fb0e9fc1000-7fb0e9fc2000 r--p 00006000 08:01 1065531                    /lib/x86_64-linux-gnu/librt-2.23.so
7fb0e9fc2000-7fb0e9fc3000 rw-p 00007000 08:01 1065531                    /lib/x86_64-linux-gnu/librt-2.23.so
7fb0e9fc3000-7fb0e9fd9000 r-xp 00000000 08:01 1053211                    /lib/x86_64-linux-gnu/libgcc_s.so.1
7fb0e9fd9000-7fb0ea1d8000 ---p 00016000 08:01 1053211                    /lib/x86_64-linux-gnu/libgcc_s.so.1
7fb0ea1d8000-7fb0ea1d9000 rw-p 00015000 08:01 1053211                    /lib/x86_64-linux-gnu/libgcc_s.so.1
7fb0ea1d9000-7fb0ea2e1000 r-xp 00000000 08:01 1065551                    /lib/x86_64-linux-gnu/libm-2.23.so
7fb0ea2e1000-7fb0ea4e0000 ---p 00108000 08:01 1065551                    /lib/x86_64-linux-gnu/libm-2.23.so
7fb0ea4e0000-7fb0ea4e1000 r--p 00107000 08:01 1065551                    /lib/x86_64-linux-gnu/libm-2.23.so
7fb0ea4e1000-7fb0ea4e2000 rw-p 00108000 08:01 1065551                    /lib/x86_64-linux-gnu/libm-2.23.so
7fb0ea4e2000-7fb0ea654000 r-xp 00000000 08:01 3932559                    /usr/lib/x86_64-linux-gnu/libstdc++.so.6.0.21
7fb0ea654000-7fb0ea854000 ---p 00172000 08:01 3932559                    /usr/lib/x86_64-linux-gnu/libstdc++.so.6.0.21
7fb0ea854000-7fb0ea85e000 r--p 00172000 08:01 3932559                    /usr/lib/x86_64-linux-gnu/libstdc++.so.6.0.21
7fb0ea85e000-7fb0ea860000 rw-p 0017c000 08:01 3932559                    /usr/lib/x86_64-linux-gnu/libstdc++.so.6.0.21
7fb0ea860000-7fb0ea864000 rw-p 00000000 00:00 0 
7fb0ea864000-7fb0eb4c8000 r-xp 00000000 08:01 4992149                    /usr/lib/jvm/java-8-openjdk-amd64/jre/lib/amd64/server/libjvm.so
7fb0eb4c8000-7fb0eb6c7000 ---p 00c64000 08:01 4992149                    /usr/lib/jvm/java-8-openjdk-amd64/jre/lib/amd64/server/libjvm.so
7fb0eb6c7000-7fb0eb75b000 r--p 00c63000 08:01 4992149                    /usr/lib/jvm/java-8-openjdk-amd64/jre/lib/amd64/server/libjvm.so
7fb0eb75b000-7fb0eb784000 rw-p 00cf7000 08:01 4992149                    /usr/lib/jvm/java-8-openjdk-amd64/jre/lib/amd64/server/libjvm.so
7fb0eb784000-7fb0eb7b4000 rw-p 00000000 00:00 0 
7fb0eb7b4000-7fb0eb7cc000 r-xp 00000000 08:01 1065535                    /lib/x86_64-linux-gnu/libpthread-2.23.so
7fb0eb7cc000-7fb0eb9cb000 ---p 00018000 08:01 1065535                    /lib/x86_64-linux-gnu/libpthread-2.23.so
7fb0eb9cb000-7fb0eb9cc000 r--p 00017000 08:01 1065535                    /lib/x86_64-linux-gnu/libpthread-2.23.so
7fb0eb9cc000-7fb0eb9cd000 rw-p 00018000 08:01 1065535                    /lib/x86_64-linux-gnu/libpthread-2.23.so
7fb0eb9cd000-7fb0eb9d1000 rw-p 00000000 00:00 0 
7fb0eb9d1000-7fb0eb9d4000 r-xp 00000000 08:01 1065533                    /lib/x86_64-linux-gnu/libdl-2.23.so
7fb0eb9d4000-7fb0ebbd3000 ---p 00003000 08:01 1065533                    /lib/x86_64-linux-gnu/libdl-2.23.so
7fb0ebbd3000-7fb0ebbd4000 r--p 00002000 08:01 1065533                    /lib/x86_64-linux-gnu/libdl-2.23.so
7fb0ebbd4000-7fb0ebbd5000 rw-p 00003000 08:01 1065533                    /lib/x86_64-linux-gnu/libdl-2.23.so
7fb0ebbd5000-7fb0ebbee000 r-xp 00000000 08:01 1065754                    /lib/x86_64-linux-gnu/libz.so.1.2.8
7fb0ebbee000-7fb0ebded000 ---p 00019000 08:01 1065754                    /lib/x86_64-linux-gnu/libz.so.1.2.8
7fb0ebded000-7fb0ebdee000 r--p 00018000 08:01 1065754                    /lib/x86_64-linux-gnu/libz.so.1.2.8
7fb0ebdee000-7fb0ebdef000 rw-p 00019000 08:01 1065754                    /lib/x86_64-linux-gnu/libz.so.1.2.8
7fb0ebdef000-7fb0ebfaf000 r-xp 00000000 08:01 1065548                    /lib/x86_64-linux-gnu/libc-2.23.so
7fb0ebfaf000-7fb0ec1af000 ---p 001c0000 08:01 1065548                    /lib/x86_64-linux-gnu/libc-2.23.so
7fb0ec1af000-7fb0ec1b3000 r--p 001c0000 08:01 1065548                    /lib/x86_64-linux-gnu/libc-2.23.so
7fb0ec1b3000-7fb0ec1b5000 rw-p 001c4000 08:01 1065548                    /lib/x86_64-linux-gnu/libc-2.23.so
7fb0ec1b5000-7fb0ec1b9000 rw-p 00000000 00:00 0 
7fb0ec1b9000-7fb0ec1c6000 r-xp 00000000 08:01 4992168                    /usr/lib/jvm/java-8-openjdk-amd64/jre/lib/amd64/jli/libjli.so
7fb0ec1c6000-7fb0ec3c5000 ---p 0000d000 08:01 4992168                    /usr/lib/jvm/java-8-openjdk-amd64/jre/lib/amd64/jli/libjli.so
7fb0ec3c5000-7fb0ec3c6000 r--p 0000c000 08:01 4992168                    /usr/lib/jvm/java-8-openjdk-amd64/jre/lib/amd64/jli/libjli.so
7fb0ec3c6000-7fb0ec3c7000 rw-p 0000d000 08:01 4992168                    /usr/lib/jvm/java-8-openjdk-amd64/jre/lib/amd64/jli/libjli.so
7fb0ec3c7000-7fb0ec3ed000 r-xp 00000000 08:01 1065534                    /lib/x86_64-linux-gnu/ld-2.23.so
7fb0ec3f7000-7fb0ec401000 r--s 00116000 08:01 4992203                    /usr/lib/jvm/java-8-openjdk-amd64/jre/lib/ext/localedata.jar
7fb0ec401000-7fb0ec4cb000 rw-p 00000000 00:00 0 
7fb0ec4cb000-7fb0ec4ce000 ---p 00000000 00:00 0 
7fb0ec4ce000-7fb0ec5d0000 rw-p 00000000 00:00 0 
7fb0ec5d0000-7fb0ec5d3000 r--s 0000f000 08:01 4992195                    /usr/lib/jvm/java-8-openjdk-amd64/jre/lib/ext/icedtea-sound.jar
7fb0ec5d3000-7fb0ec5d5000 r--s 00008000 08:01 4992199                    /usr/lib/jvm/java-8-openjdk-amd64/jre/lib/ext/sunec.jar
7fb0ec5d5000-7fb0ec5d8000 r--s 00039000 08:01 4992204                    /usr/lib/jvm/java-8-openjdk-amd64/jre/lib/ext/sunpkcs11.jar
7fb0ec5d8000-7fb0ec5d9000 r--s 0000a000 08:01 4992201                    /usr/lib/jvm/java-8-openjdk-amd64/jre/lib/ext/jaccess.jar
7fb0ec5d9000-7fb0ec5da000 r--s 00010000 08:01 4992198                    /usr/lib/jvm/java-8-openjdk-amd64/jre/lib/ext/zipfs.jar
7fb0ec5da000-7fb0ec5df000 r--s 0003c000 08:01 4992200                    /usr/lib/jvm/java-8-openjdk-amd64/jre/lib/ext/sunjce_provider.jar
7fb0ec5df000-7fb0ec5e1000 r--s 00001000 08:01 4992202                    /usr/lib/jvm/java-8-openjdk-amd64/jre/lib/ext/dnsns.jar
7fb0ec5e1000-7fb0ec5e9000 rw-s 00000000 08:01 2883605                    /tmp/hsperfdata_nuz/9142
7fb0ec5e9000-7fb0ec5ea000 rw-p 00000000 00:00 0 
7fb0ec5ea000-7fb0ec5eb000 r--p 00000000 00:00 0 
7fb0ec5eb000-7fb0ec5ec000 rw-p 00000000 00:00 0 
7fb0ec5ec000-7fb0ec5ed000 r--p 00025000 08:01 1065534                    /lib/x86_64-linux-gnu/ld-2.23.so
7fb0ec5ed000-7fb0ec5ee000 rw-p 00026000 08:01 1065534                    /lib/x86_64-linux-gnu/ld-2.23.so
7fb0ec5ee000-7fb0ec5ef000 rw-p 00000000 00:00 0 
7ffdda3e2000-7ffdda403000 rw-p 00000000 00:00 0                          [stack]
7ffdda482000-7ffdda484000 r--p 00000000 00:00 0                          [vvar]
7ffdda484000-7ffdda486000 r-xp 00000000 00:00 0                          [vdso]
ffffffffff600000-ffffffffff601000 r-xp 00000000 00:00 0                  [vsyscall]

VM Arguments:
java_command: target/blockchaindb-1.0.jar --id 1
java_class_path (initial): target/blockchaindb-1.0.jar
Launcher Type: SUN_STANDARD

Environment Variables:
PATH=/home/nuz/bin:/home/nuz/.local/bin:/usr/local/sbin:/usr/local/bin:/usr/sbin:/usr/bin:/sbin:/bin:/usr/games:/usr/local/games:/snap/bin:/home/nuz/workspace/gopackages/bin:/usr/lib/go/bin
SHELL=/bin/bash
DISPLAY=:0

Signal Handlers:
SIGSEGV: [libjvm.so+0xa765a0], sa_mask[0]=11111111011111111101111111111110, sa_flags=SA_RESTART|SA_SIGINFO
SIGBUS: [libjvm.so+0xa765a0], sa_mask[0]=11111111011111111101111111111110, sa_flags=SA_RESTART|SA_SIGINFO
SIGFPE: [libjvm.so+0x8bd800], sa_mask[0]=11111111011111111101111111111110, sa_flags=SA_RESTART|SA_SIGINFO
SIGPIPE: [libjvm.so+0x8bd800], sa_mask[0]=11111111011111111101111111111110, sa_flags=SA_RESTART|SA_SIGINFO
SIGXFSZ: [libjvm.so+0x8bd800], sa_mask[0]=11111111011111111101111111111110, sa_flags=SA_RESTART|SA_SIGINFO
SIGILL: [libjvm.so+0x8bd800], sa_mask[0]=11111111011111111101111111111110, sa_flags=SA_RESTART|SA_SIGINFO
SIGUSR1: SIG_DFL, sa_mask[0]=00000000000000000000000000000000, sa_flags=none
SIGUSR2: [libjvm.so+0x8bd6b0], sa_mask[0]=00000000000000000000000000000000, sa_flags=SA_RESTART|SA_SIGINFO
SIGHUP: [libjvm.so+0x8bdd40], sa_mask[0]=11111111011111111101111111111110, sa_flags=SA_RESTART|SA_SIGINFO
SIGINT: SIG_IGN, sa_mask[0]=00000000000000000000000000000000, sa_flags=none
SIGTERM: [libjvm.so+0x8bdd40], sa_mask[0]=11111111011111111101111111111110, sa_flags=SA_RESTART|SA_SIGINFO
SIGQUIT: [libjvm.so+0x8bdd40], sa_mask[0]=11111111011111111101111111111110, sa_flags=SA_RESTART|SA_SIGINFO


---------------  S Y S T E M  ---------------

OS:DISTRIB_ID=Ubuntu
DISTRIB_RELEASE=16.04
DISTRIB_CODENAME=xenial
DISTRIB_DESCRIPTION="Ubuntu 16.04.2 LTS"

uname:Linux 4.8.0-36-generic #36~16.04.1-Ubuntu SMP Sun Feb 5 09:39:57 UTC 2017 x86_64
libc:glibc 2.23 NPTL 2.23 
rlimit: STACK 8192k, CORE 0k, NPROC 26493, NOFILE 1048576, AS infinity
load average:0.38 0.25 0.29

/proc/meminfo:
MemTotal:        6825208 kB
MemFree:         1959704 kB
MemAvailable:    3326236 kB
Buffers:           85220 kB
Cached:          1887260 kB
SwapCached:            0 kB
Active:          3272016 kB
Inactive:        1297684 kB
Active(anon):    2429300 kB
Inactive(anon):   611652 kB
Active(file):     842716 kB
Inactive(file):   686032 kB
Unevictable:        8584 kB
Mlocked:            8620 kB
SwapTotal:       7017468 kB
SwapFree:        7017468 kB
Dirty:              8852 kB
Writeback:             0 kB
AnonPages:       2532232 kB
Mapped:           533644 kB
Shmem:            436292 kB
Slab:             162636 kB
SReclaimable:     114316 kB
SUnreclaim:        48320 kB
KernelStack:       14848 kB
PageTables:        46056 kB
NFS_Unstable:          0 kB
Bounce:                0 kB
WritebackTmp:          0 kB
CommitLimit:    10430072 kB
Committed_AS:    8108348 kB
VmallocTotal:   34359738367 kB
VmallocUsed:           0 kB
VmallocChunk:          0 kB
HardwareCorrupted:     0 kB
AnonHugePages:   1017856 kB
ShmemHugePages:        0 kB
ShmemPmdMapped:        0 kB
CmaTotal:              0 kB
CmaFree:               0 kB
HugePages_Total:       0
HugePages_Free:        0
HugePages_Rsvd:        0
HugePages_Surp:        0
Hugepagesize:       2048 kB
DirectMap4k:      123596 kB
DirectMap2M:     6895616 kB

container (cgroup) information:
container_type: cgroupv1
cpu_cpuset_cpus: 0-7
cpu_memory_nodes: 0
active_processor_count: 8
cpu_quota: -1
cpu_period: 100000
cpu_shares: -1
memory_limit_in_bytes: -1
memory_and_swap_limit_in_bytes: -2
memory_soft_limit_in_bytes: -1
memory_usage_in_bytes: 4688429056
memory_max_usage_in_bytes: 0


CPU:total 8 (initial active 8) (4 cores per cpu, 2 threads per core) family 6 model 58 stepping 9, cmov, cx8, fxsr, mmx, sse, sse2, sse3, ssse3, sse4.1, sse4.2, popcnt, avx, aes, clmul, erms, ht, tsc, tscinvbit, tscinv

/proc/cpuinfo:
processor	: 0
vendor_id	: GenuineIntel
cpu family	: 6
model		: 58
model name	: Intel(R) Core(TM) i7-3740QM CPU @ 2.70GHz
stepping	: 9
microcode	: 0x12
cpu MHz		: 3100.616
cache size	: 6144 KB
physical id	: 0
siblings	: 8
core id		: 0
cpu cores	: 4
apicid		: 0
initial apicid	: 0
fpu		: yes
fpu_exception	: yes
cpuid level	: 13
wp		: yes
flags		: fpu vme de pse tsc msr pae mce cx8 apic sep mtrr pge mca cmov pat pse36 clflush dts acpi mmx fxsr sse sse2 ss ht tm pbe syscall nx rdtscp lm constant_tsc arch_perfmon pebs bts rep_good nopl xtopology nonstop_tsc aperfmperf eagerfpu pni pclmulqdq dtes64 monitor ds_cpl vmx smx est tm2 ssse3 cx16 xtpr pdcm pcid sse4_1 sse4_2 x2apic popcnt tsc_deadline_timer aes xsave avx f16c rdrand lahf_lm epb tpr_shadow vnmi flexpriority ept vpid fsgsbase smep erms xsaveopt dtherm ida arat pln pts
bugs		:
bogomips	: 5387.92
clflush size	: 64
cache_alignment	: 64
address sizes	: 36 bits physical, 48 bits virtual
power management:

processor	: 1
vendor_id	: GenuineIntel
cpu family	: 6
model		: 58
model name	: Intel(R) Core(TM) i7-3740QM CPU @ 2.70GHz
stepping	: 9
microcode	: 0x12
cpu MHz		: 3103.417
cache size	: 6144 KB
physical id	: 0
siblings	: 8
core id		: 0
cpu cores	: 4
apicid		: 1
initial apicid	: 1
fpu		: yes
fpu_exception	: yes
cpuid level	: 13
wp		: yes
flags		: fpu vme de pse tsc msr pae mce cx8 apic sep mtrr pge mca cmov pat pse36 clflush dts acpi mmx fxsr sse sse2 ss ht tm pbe syscall nx rdtscp lm constant_tsc arch_perfmon pebs bts rep_good nopl xtopology nonstop_tsc aperfmperf eagerfpu pni pclmulqdq dtes64 monitor ds_cpl vmx smx est tm2 ssse3 cx16 xtpr pdcm pcid sse4_1 sse4_2 x2apic popcnt tsc_deadline_timer aes xsave avx f16c rdrand lahf_lm epb tpr_shadow vnmi flexpriority ept vpid fsgsbase smep erms xsaveopt dtherm ida arat pln pts
bugs		:
bogomips	: 5387.92
clflush size	: 64
cache_alignment	: 64
address sizes	: 36 bits physical, 48 bits virtual
power management:

processor	: 2
vendor_id	: GenuineIntel
cpu family	: 6
model		: 58
model name	: Intel(R) Core(TM) i7-3740QM CPU @ 2.70GHz
stepping	: 9
microcode	: 0x12
cpu MHz		: 3100.122
cache size	: 6144 KB
physical id	: 0
siblings	: 8
core id		: 1
cpu cores	: 4
apicid		: 2
initial apicid	: 2
fpu		: yes
fpu_exception	: yes
cpuid level	: 13
wp		: yes
flags		: fpu vme de pse tsc msr pae mce cx8 apic sep mtrr pge mca cmov pat pse36 clflush dts acpi mmx fxsr sse sse2 ss ht tm pbe syscall nx rdtscp lm constant_tsc arch_perfmon pebs bts rep_good nopl xtopology nonstop_tsc aperfmperf eagerfpu pni pclmulqdq dtes64 monitor ds_cpl vmx smx est tm2 ssse3 cx16 xtpr pdcm pcid sse4_1 sse4_2 x2apic popcnt tsc_deadline_timer aes xsave avx f16c rdrand lahf_lm epb tpr_shadow vnmi flexpriority ept vpid fsgsbase smep erms xsaveopt dtherm ida arat pln pts
bugs		:
bogomips	: 5387.92
clflush size	: 64
cache_alignment	: 64
address sizes	: 36 bits physical, 48 bits virtual
power management:

processor	: 3
vendor_id	: GenuineIntel
cpu family	: 6
model		: 58
model name	: Intel(R) Core(TM) i7-3740QM CPU @ 2.70GHz
stepping	: 9
microcode	: 0x12
cpu MHz		: 3329.516
cache size	: 6144 KB
physical id	: 0
siblings	: 8
core id		: 1
cpu cores	: 4
apicid		: 3
initial apicid	: 3
fpu		: yes
fpu_exception	: yes
cpuid level	: 13
wp		: yes
flags		: fpu vme de pse tsc msr pae mce cx8 apic sep mtrr pge mca cmov pat pse36 clflush dts acpi mmx fxsr sse sse2 ss ht tm pbe syscall nx rdtscp lm constant_tsc arch_perfmon pebs bts rep_good nopl xtopology nonstop_tsc aperfmperf eagerfpu pni pclmulqdq dtes64 monitor ds_cpl vmx smx est tm2 ssse3 cx16 xtpr pdcm pcid sse4_1 sse4_2 x2apic popcnt tsc_deadline_timer aes xsave avx f16c rdrand lahf_lm epb tpr_shadow vnmi flexpriority ept vpid fsgsbase smep erms xsaveopt dtherm ida arat pln pts
bugs		:
bogomips	: 5387.92
clflush size	: 64
cache_alignment	: 64
address sizes	: 36 bits physical, 48 bits virtual
power management:

processor	: 4
vendor_id	: GenuineIntel
cpu family	: 6
model		: 58
model name	: Intel(R) Core(TM) i7-3740QM CPU @ 2.70GHz
stepping	: 9
microcode	: 0x12
cpu MHz		: 3246.130
cache size	: 6144 KB
physical id	: 0
siblings	: 8
core id		: 2
cpu cores	: 4
apicid		: 4
initial apicid	: 4
fpu		: yes
fpu_exception	: yes
cpuid level	: 13
wp		: yes
flags		: fpu vme de pse tsc msr pae mce cx8 apic sep mtrr pge mca cmov pat pse36 clflush dts acpi mmx fxsr sse sse2 ss ht tm pbe syscall nx rdtscp lm constant_tsc arch_perfmon pebs bts rep_good nopl xtopology nonstop_tsc aperfmperf eagerfpu pni pclmulqdq dtes64 monitor ds_cpl vmx smx est tm2 ssse3 cx16 xtpr pdcm pcid sse4_1 sse4_2 x2apic popcnt tsc_deadline_timer aes xsave avx f16c rdrand lahf_lm epb tpr_shadow vnmi flexpriority ept vpid fsgsbase smep erms xsaveopt dtherm ida arat pln pts
bugs		:
bogomips	: 5387.92
clflush size	: 64
cache_alignment	: 64
address sizes	: 36 bits physical, 48 bits virtual
power management:

processor	: 5
vendor_id	: GenuineIntel
cpu family	: 6
model		: 58
model name	: Intel(R) Core(TM) i7-3740QM CPU @ 2.70GHz
stepping	: 9
microcode	: 0x12
cpu MHz		: 3104.241
cache size	: 6144 KB
physical id	: 0
siblings	: 8
core id		: 2
cpu cores	: 4
apicid		: 5
initial apicid	: 5
fpu		: yes
fpu_exception	: yes
cpuid level	: 13
wp		: yes
flags		: fpu vme de pse tsc msr pae mce cx8 apic sep mtrr pge mca cmov pat pse36 clflush dts acpi mmx fxsr sse sse2 ss ht tm pbe syscall nx rdtscp lm constant_tsc arch_perfmon pebs bts rep_good nopl xtopology nonstop_tsc aperfmperf eagerfpu pni pclmulqdq dtes64 monitor ds_cpl vmx smx est tm2 ssse3 cx16 xtpr pdcm pcid sse4_1 sse4_2 x2apic popcnt tsc_deadline_timer aes xsave avx f16c rdrand lahf_lm epb tpr_shadow vnmi flexpriority ept vpid fsgsbase smep erms xsaveopt dtherm ida arat pln pts
bugs		:
bogomips	: 5387.92
clflush size	: 64
cache_alignment	: 64
address sizes	: 36 bits physical, 48 bits virtual
power management:

processor	: 6
vendor_id	: GenuineIntel
cpu family	: 6
model		: 58
model name	: Intel(R) Core(TM) i7-3740QM CPU @ 2.70GHz
stepping	: 9
microcode	: 0x12
cpu MHz		: 3105.395
cache size	: 6144 KB
physical id	: 0
siblings	: 8
core id		: 3
cpu cores	: 4
apicid		: 6
initial apicid	: 6
fpu		: yes
fpu_exception	: yes
cpuid level	: 13
wp		: yes
flags		: fpu vme de pse tsc msr pae mce cx8 apic sep mtrr pge mca cmov pat pse36 clflush dts acpi mmx fxsr sse sse2 ss ht tm pbe syscall nx rdtscp lm constant_tsc arch_perfmon pebs bts rep_good nopl xtopology nonstop_tsc aperfmperf eagerfpu pni pclmulqdq dtes64 monitor ds_cpl vmx smx est tm2 ssse3 cx16 xtpr pdcm pcid sse4_1 sse4_2 x2apic popcnt tsc_deadline_timer aes xsave avx f16c rdrand lahf_lm epb tpr_shadow vnmi flexpriority ept vpid fsgsbase smep erms xsaveopt dtherm ida arat pln pts
bugs		:
bogomips	: 5387.92
clflush size	: 64
cache_alignment	: 64
address sizes	: 36 bits physical, 48 bits virtual
power management:

processor	: 7
vendor_id	: GenuineIntel
cpu family	: 6
model		: 58
model name	: Intel(R) Core(TM) i7-3740QM CPU @ 2.70GHz
stepping	: 9
microcode	: 0x12
cpu MHz		: 3099.957
cache size	: 6144 KB
physical id	: 0
siblings	: 8
core id		: 3
cpu cores	: 4
apicid		: 7
initial apicid	: 7
fpu		: yes
fpu_exception	: yes
cpuid level	: 13
wp		: yes
flags		: fpu vme de pse tsc msr pae mce cx8 apic sep mtrr pge mca cmov pat pse36 clflush dts acpi mmx fxsr sse sse2 ss ht tm pbe syscall nx rdtscp lm constant_tsc arch_perfmon pebs bts rep_good nopl xtopology nonstop_tsc aperfmperf eagerfpu pni pclmulqdq dtes64 monitor ds_cpl vmx smx est tm2 ssse3 cx16 xtpr pdcm pcid sse4_1 sse4_2 x2apic popcnt tsc_deadline_timer aes xsave avx f16c rdrand lahf_lm epb tpr_shadow vnmi flexpriority ept vpid fsgsbase smep erms xsaveopt dtherm ida arat pln pts
bugs		:
bogomips	: 5387.92
clflush size	: 64
cache_alignment	: 64
address sizes	: 36 bits physical, 48 bits virtual
power management:



Memory: 4k page, physical 6825208k(1959704k free), swap 7017468k(7017468k free)

vm_info: OpenJDK 64-Bit Server VM (25.212-b03) for linux-amd64 JRE (1.8.0_212-8u212-b03-0ubuntu1.16.04.1-b03), built on Apr 26 2019 02:02:50 by "buildd" with gcc 5.4.0 20160609

time: Mon Jun 24 10:57:13 2019
timezone: CST
elapsed time: 2798 seconds (0d 0h 46m 38s)

