#
# A fatal error has been detected by the Java Runtime Environment:
#
#  SIGBUS (0x7) at pc=0x00007f36e738de3d, pid=13530, tid=0x00007f36c49f8700
#
# JRE version: OpenJDK Runtime Environment (8.0_212-b03) (build 1.8.0_212-8u212-b03-0ubuntu1.16.04.1-b03)
# Java VM: OpenJDK 64-Bit Server VM (25.212-b03 mixed mode linux-amd64 compressed oops)
# Problematic frame:
# C  [libzip.so+0x4e3d]
#
# Failed to write core dump. Core dumps have been disabled. To enable core dumping, try "ulimit -c unlimited" before starting Java again
#
# If you would like to submit a bug report, please visit:
#   http://bugreport.java.com/bugreport/crash.jsp
# The crash happened outside the Java Virtual Machine in native code.
# See problematic frame for where to report the bug.
#

---------------  T H R E A D  ---------------

Current thread (0x00007f3668002800):  JavaThread "Thread-1" [_thread_in_native, id=13842, stack(0x00007f36c48f8000,0x00007f36c49f9000)]

siginfo: si_signo: 7 (SIGBUS), si_code: 2 (BUS_ADRERR), si_addr: 0x00007f36cc67485f

Registers:
RAX=0x00007f3660000930, RBX=0x00007f36e824b430, RCX=0x00007f36cc67483f, RDX=0x00007f3660000930
RSP=0x00007f36c49f5540, RBP=0x00007f36c49f55b0, RSI=0x00007f3660000970, RDI=0x0000000000000000
R8 =0x000000005cf53e6c, R9 =0x00007f36edbca1a0, R10=0x00007f36d84ac798, R11=0x00000000de738778
R12=0x00007f36e828e228, R13=0x00007f36c49f5656, R14=0x00007f36e868f9c0, R15=0x00007f3660000930
RIP=0x00007f36e738de3d, EFLAGS=0x0000000000010206, CSGSFS=0x002b000000000033, ERR=0x0000000000000004
  TRAPNO=0x000000000000000e

Top of Stack: (sp=0x00007f36c49f5540)
0x00007f36c49f5540:   00000000d6979370 0000000000000000
0x00007f36c49f5550:   00000000d69cf038 0000000000000000
0x00007f36c49f5560:   00000000d6d9b528 00000000d6d9b528
0x00007f36c49f5570:   0000000068002800 00007f36ed5415a0
0x00007f36c49f5580:   0000000000000037 00007f36e828e220
0x00007f36c49f5590:   000000005cf53e6c 00007f36c49f5656
0x00007f36c49f55a0:   00007f36e868f9c0 00007f36e824b430
0x00007f36c49f55b0:   00007f36c49f5600 00007f36e738ebd4
0x00007f36c49f55c0:   00007f36c49f5620 00000037015b0900
0x00007f36c49f55d0:   00007f36c49f5600 0000000000000037
0x00007f36c49f55e0:   00007f36680029e0 00000000dd45e0a0
0x00007f36c49f55f0:   00007f36c49f5a78 00007f36e824b430
0x00007f36c49f5600:   00007f36c49f5a60 00007f36e738cb3c
0x00007f36c49f5610:   00007f36c49f5620 00000001c49f5bb0
0x00007f36c49f5620:   797474656e2f6f69 6c656e6e6168632f
0x00007f36c49f5630:   636172747362412f 6c656e6e61684374
0x00007f36c49f5640:   4372656c646e6148 3124747865746e6f
0x00007f36c49f5650:   007373616c632e33 00007f36c49f5728
0x00007f36c49f5660:   00007f36c49f5718 0000000000000000
0x00007f36c49f5670:   0000000000000000 00007f36c49f5730
0x00007f36c49f5680:   0000000000000000 0000000000000000
0x00007f36c49f5690:   0000000000000000 00000000d6e1cd20
0x00007f36c49f56a0:   0000000000000000 0000000000000000
0x00007f36c49f56b0:   00007f36c49f5740 0000000000000000
0x00007f36c49f56c0:   0000000000000000 00007f360000003f
0x00007f36c49f56d0:   0000000000000000 000000000000003f
0x00007f36c49f56e0:   00007f36ed78c683 0000000100000000
0x00007f36c49f56f0:   00007f36c49f5790 00007f36ee2c96ce
0x00007f36c49f5700:   00007f36c49f5cb0 00007f36c49f5ca0
0x00007f36c49f5710:   00007f36ed78c681 00007f36c49f5e00
0x00007f36c49f5720:   00007f3668002800 00007f36ee29b900
0x00007f36c49f5730:   0000000000000001 00007f36d68d0d58 

Instructions: (pc=0x00007f36e738de3d)
0x00007f36e738de1d:   40 30 00 00 00 00 48 c7 40 28 00 00 00 00 0f 84
0x00007f36e738de2d:   bf 01 00 00 49 8b 0c 24 48 2b 4b 28 48 03 4b 18
0x00007f36e738de3d:   0f b7 41 20 44 0f b7 69 1c 49 89 ce 44 0f b7 61
0x00007f36e738de4d:   1e 89 45 c0 41 8b 46 0c 48 c7 45 c8 00 00 00 00 

Register to memory mapping:

RAX=0x00007f3660000930 is an unknown value
RBX=0x00007f36e824b430 is an unknown value
RCX=0x00007f36cc67483f is an unknown value
RDX=0x00007f3660000930 is an unknown value
RSP=0x00007f36c49f5540 is pointing into the stack for thread: 0x00007f3668002800
RBP=0x00007f36c49f55b0 is pointing into the stack for thread: 0x00007f3668002800
RSI=0x00007f3660000970 is an unknown value
RDI=0x0000000000000000 is an unknown value
R8 =0x000000005cf53e6c is an unknown value
R9 =0x00007f36edbca1a0: <offset 0xf071a0> in /usr/lib/jvm/java-8-openjdk-amd64/jre/lib/amd64/server/libjvm.so at 0x00007f36eccc3000
R10=0x00007f36d84ac798 is at entry_point+88 in (nmethod*)0x00007f36d84ac5d0
R11=0x00000000de738778 is an oop
