#
# A fatal error has been detected by the Java Runtime Environment:
#
#  SIGBUS (0x7) at pc=0x00007f1cf6e42e3d, pid=21617, tid=0x00007f1c903c6700
#
# JRE version: OpenJDK Runtime Environment (8.0_212-b03) (build 1.8.0_212-8u212-b03-0ubuntu1.16.04.1-b03)
# Java VM: OpenJDK 64-Bit Server VM (25.212-b03 mixed mode linux-amd64 compressed oops)
# Problematic frame:
# C  [libzip.so+0x4e3d]
#
# Failed to write core dump. Core dumps have been disabled. To enable core dumping, try "ulimit -c unlimited" before starting Java again
#
# If you would like to submit a bug report, please visit:
#   http://bugreport.java.com/bugreport/crash.jsp
# The crash happened outside the Java Virtual Machine in native code.
# See problematic frame for where to report the bug.
#

---------------  T H R E A D  ---------------

Current thread (0x00007f1c8c08f000):  JavaThread "grpc-default-worker-ELG-3-1" daemon [_thread_in_native, id=21801, stack(0x00007f1c902c6000,0x00007f1c903c7000)]

siginfo: si_signo: 7 (SIGBUS), si_code: 2 (BUS_ADRERR), si_addr: 0x00007f1ce00a57ad

Registers:
RAX=0x00007f1c8006d8b0, RBX=0x00007f1cf0233840, RCX=0x00007f1ce00a578d, RDX=0x00007f1c8006d8b0
RSP=0x00007f1c903c3390, RBP=0x00007f1c903c3400, RSI=0x00007f1c80000038, RDI=0x0000000000000003
R8 =0x00007f1c8005c290, R9 =0x00007f1cf96761a0, R10=0x00007f1ce1121e18, R11=0x0000000000000009
R12=0x00007f1cf0275d38, R13=0x00007f1c903c34a6, R14=0x00007f1c74000c10, R15=0x00007f1c8006d8b0
RIP=0x00007f1cf6e42e3d, EFLAGS=0x0000000000010206, CSGSFS=0x002b000000000033, ERR=0x0000000000000004
  TRAPNO=0x000000000000000e

Top of Stack: (sp=0x00007f1c903c3390)
0x00007f1c903c3390:   00007f1cf546e880 00007f1c903c3468
0x00007f1c903c33a0:   00007f1c903c3458 00007f1c00000000
0x00007f1c903c33b0:   00007f1c00000000 00007f1c903c3470
0x00007f1c903c33c0:   000000008c08f000 00007f1cf8fed5a0
0x00007f1c903c33d0:   0000000000000037 00007f1cf0275d30
0x00007f1c903c33e0:   000000005582cf2a 00007f1c903c34a6
0x00007f1c903c33f0:   00007f1c74000c10 00007f1cf0233840
0x00007f1c903c3400:   00007f1c903c3450 00007f1cf6e43bd4
0x00007f1c903c3410:   00007f1c903c3470 00000037016a7800
0x00007f1c903c3420:   00007f1c903c3450 0000000000000037
0x00007f1c903c3430:   00007f1c8c08f1e0 0000000098025138
0x00007f1c903c3440:   00007f1c903c38c8 00007f1cf0233840
0x00007f1c903c3450:   00007f1c903c38b0 00007f1cf6e41b3c
0x00007f1c903c3460:   00007f1c903c3470 00000001f9d4792d
0x00007f1c903c3470:   797474656e2f6f69 6c656e6e6168632f
0x00007f1c903c3480:   636172747362412f 6c656e6e61684374
0x00007f1c903c3490:   6361727473624124 24656661736e5574
0x00007f1c903c34a0:   007373616c632e37 00007f1c903c3560
0x00007f1c903c34b0:   00007f1c00000000 00007f1c00000000
0x00007f1c903c34c0:   00007f1c00000000 00007f1c903c3520
0x00007f1c903c34d0:   00007f1c00000000 00007f1c00000000
0x00007f1c903c34e0:   00007f1c903c3570 00007f1c00000000
0x00007f1c903c34f0:   00007f1c00000000 00007f1c00000044
0x00007f1c903c3500:   0000000000000000 00007f1c00000044
0x00007f1c903c3510:   00007f1cf9238683 0000000100000000
0x00007f1c903c3520:   00007f1c903c35c0 0000000000000000
0x00007f1c903c3530:   ffffffffffffffff 0000000000000000
0x00007f1c903c3540:   00007f1c903c35e0 00007f1cf9238683
0x00007f1c903c3550:   ffffffffffffffff 0000000000000000
0x00007f1c903c3560:   00007f1c905426c8 00007f1cf9222bbe
0x00007f1c903c3570:   00007f1c7af9d450 00007f1cf58504c8
0x00007f1c903c3580:   00007f1cf5942628 0000003000000010 

Instructions: (pc=0x00007f1cf6e42e3d)
0x00007f1cf6e42e1d:   40 30 00 00 00 00 48 c7 40 28 00 00 00 00 0f 84
0x00007f1cf6e42e2d:   bf 01 00 00 49 8b 0c 24 48 2b 4b 28 48 03 4b 18
0x00007f1cf6e42e3d:   0f b7 41 20 44 0f b7 69 1c 49 89 ce 44 0f b7 61
0x00007f1cf6e42e4d:   1e 89 45 c0 41 8b 46 0c 48 c7 45 c8 00 00 00 00 

Register to memory mapping:

RAX=0x00007f1c8006d8b0 is an unknown value
RBX=0x00007f1cf0233840 is an unknown value
RCX=0x00007f1ce00a578d is an unknown value
RDX=0x00007f1c8006d8b0 is an unknown value
RSP=0x00007f1c903c3390 is pointing into the stack for thread: 0x00007f1c8c08f000
RBP=0x00007f1c903c3400 is pointing into the stack for thread: 0x00007f1c8c08f000
RSI=0x00007f1c80000038 is an unknown value
RDI=0x0000000000000003 is an unknown value
R8 =0x00007f1c8005c290 is an unknown value
R9 =0x00007f1cf96761a0: <offset 0xf071a0> in /usr/lib/jvm/java-8-openjdk-amd64/jre/lib/amd64/server/libjvm.so at 0x00007f1cf876f000
R10=0x00007f1ce1121e18 is at entry_point+88 in (nmethod*)0x00007f1ce1121c50
R11=0x0000000000000009 is an unknown value
R12=0x00007f1cf0275d38 is an unknown value
R13=0x00007f1c903c34a6 is pointing into the stack for thread: 0x00007f1c8c08f000
R14=0x00007f1c74000c10 is an unknown value
R15=0x00007f1c8006d8b0 is an unknown value


Stack: [0x00007f1c902c6000,0x00007f1c903c7000],  sp=0x00007f1c903c3390,  free space=1012k
Native frames: (J=compiled Java code, j=interpreted, Vv=VM code, C=native code)
C  [libzip.so+0x4e3d]
C  [libzip.so+0x5bd4]
C  [libzip.so+0x3b3c]  Java_java_util_zip_ZipFile_getEntry+0xfc
J 63  java.util.zip.ZipFile.getEntry(J[BZ)J (0 bytes) @ 0x00007f1ce1121e8e [0x00007f1ce1121dc0+0xce]
J 339 C2 sun.misc.URLClassPath$JarLoader.getResource(Ljava/lang/String;Z)Lsun/misc/Resource; (85 bytes) @ 0x00007f1ce11f5ce0 [0x00007f1ce11f5920+0x3c0]
J 116 C1 sun.misc.URLClassPath.getResource(Ljava/lang/String;Z)Lsun/misc/Resource; (83 bytes) @ 0x00007f1ce114d76c [0x00007f1ce114d600+0x16c]
J 178 C1 java.net.URLClassLoader$1.run()Ljava/lang/Class; (63 bytes) @ 0x00007f1ce116c01c [0x00007f1ce116be20+0x1fc]
J 177 C1 java.net.URLClassLoader$1.run()Ljava/lang/Object; (5 bytes) @ 0x00007f1ce116ba8c [0x00007f1ce116ba00+0x8c]
v  ~StubRoutines::call_stub
V  [libjvm.so+0x6679eb]
V  [libjvm.so+0x6b7ab9]  JVM_DoPrivileged+0x429
J 161  java.security.AccessController.doPrivileged(Ljava/security/PrivilegedExceptionAction;Ljava/security/AccessControlContext;)Ljava/lang/Object; (0 bytes) @ 0x00007f1ce1164015 [0x00007f1ce1163f40+0xd5]
J 175 C1 java.net.URLClassLoader.findClass(Ljava/lang/String;)Ljava/lang/Class; (47 bytes) @ 0x00007f1ce116ad44 [0x00007f1ce116abc0+0x184]
J 99 C1 java.lang.ClassLoader.loadClass(Ljava/lang/String;Z)Ljava/lang/Class; (122 bytes) @ 0x00007f1ce113c03c [0x00007f1ce113b6e0+0x95c]
J 165 C1 sun.misc.Launcher$AppClassLoader.loadClass(Ljava/lang/String;Z)Ljava/lang/Class; (85 bytes) @ 0x00007f1ce116734c [0x00007f1ce11669c0+0x98c]
J 164 C1 java.lang.ClassLoader.loadClass(Ljava/lang/String;)Ljava/lang/Class; (7 bytes) @ 0x00007f1ce1165f04 [0x00007f1ce1165e00+0x104]
v  ~StubRoutines::call_stub
V  [libjvm.so+0x6679eb]
V  [libjvm.so+0x664fc4]
V  [libjvm.so+0x665623]
V  [libjvm.so+0x9eb96d]
V  [libjvm.so+0x9ea2e6]
V  [libjvm.so+0x9ec42a]
V  [libjvm.so+0x4b997f]
V  [libjvm.so+0x6544bf]
j  io.netty.channel.AbstractChannel$AbstractUnsafe.deregister(Lio/netty/channel/ChannelPromise;Z)V+27
j  io.netty.channel.AbstractChannel$AbstractUnsafe.fireChannelInactiveAndDeregister(Z)V+24
j  io.netty.channel.AbstractChannel$AbstractUnsafe.close(Lio/netty/channel/ChannelPromise;Ljava/lang/Throwable;Ljava/nio/channels/ClosedChannelException;Z)V+188
j  io.netty.channel.AbstractChannel$AbstractUnsafe.close(Lio/netty/channel/ChannelPromise;)V+13
j  io.netty.channel.nio.AbstractNioByteChannel$NioByteUnsafe.closeOnRead(Lio/netty/channel/ChannelPipeline;)V+87
j  io.netty.channel.nio.AbstractNioByteChannel$NioByteUnsafe.read()V+167
j  io.netty.channel.nio.NioEventLoop.processSelectedKey(Ljava/nio/channels/SelectionKey;Lio/netty/channel/nio/AbstractNioChannel;)V+119
J 1094 C1 io.netty.channel.nio.NioEventLoop.processSelectedKeysOptimized([Ljava/nio/channels/SelectionKey;)V (104 bytes) @ 0x00007f1ce12a8e74 [0x00007f1ce12a89a0+0x4d4]
J 1096 C1 io.netty.channel.nio.NioEventLoop.processSelectedKeys()V (33 bytes) @ 0x00007f1ce12d476c [0x00007f1ce12d4600+0x16c]
j  io.netty.channel.nio.NioEventLoop.run()V+126
j  io.netty.util.concurrent.SingleThreadEventExecutor$5.run()V+44
j  io.netty.util.concurrent.DefaultThreadFactory$DefaultRunnableDecorator.run()V+4
j  java.lang.Thread.run()V+11
v  ~StubRoutines::call_stub
V  [libjvm.so+0x6679eb]
V  [libjvm.so+0x664fc4]
V  [libjvm.so+0x6655a7]
V  [libjvm.so+0x6a8814]
V  [libjvm.so+0xa1a177]
V  [libjvm.so+0xa1a560]
V  [libjvm.so+0x8bfaf2]
C  [libpthread.so.0+0x76ba]  start_thread+0xca

Java frames: (J=compiled Java code, j=interpreted, Vv=VM code)
J 63  java.util.zip.ZipFile.getEntry(J[BZ)J (0 bytes) @ 0x00007f1ce1121e18 [0x00007f1ce1121dc0+0x58]
J 339 C2 sun.misc.URLClassPath$JarLoader.getResource(Ljava/lang/String;Z)Lsun/misc/Resource; (85 bytes) @ 0x00007f1ce11f5ce0 [0x00007f1ce11f5920+0x3c0]
J 116 C1 sun.misc.URLClassPath.getResource(Ljava/lang/String;Z)Lsun/misc/Resource; (83 bytes) @ 0x00007f1ce114d76c [0x00007f1ce114d600+0x16c]
J 178 C1 java.net.URLClassLoader$1.run()Ljava/lang/Class; (63 bytes) @ 0x00007f1ce116c01c [0x00007f1ce116be20+0x1fc]
J 177 C1 java.net.URLClassLoader$1.run()Ljava/lang/Object; (5 bytes) @ 0x00007f1ce116ba8c [0x00007f1ce116ba00+0x8c]
v  ~StubRoutines::call_stub
J 161  java.security.AccessController.doPrivileged(Ljava/security/PrivilegedExceptionAction;Ljava/security/AccessControlContext;)Ljava/lang/Object; (0 bytes) @ 0x00007f1ce1163fa3 [0x00007f1ce1163f40+0x63]
J 175 C1 java.net.URLClassLoader.findClass(Ljava/lang/String;)Ljava/lang/Class; (47 bytes) @ 0x00007f1ce116ad44 [0x00007f1ce116abc0+0x184]
J 99 C1 java.lang.ClassLoader.loadClass(Ljava/lang/String;Z)Ljava/lang/Class; (122 bytes) @ 0x00007f1ce113c03c [0x00007f1ce113b6e0+0x95c]
J 165 C1 sun.misc.Launcher$AppClassLoader.loadClass(Ljava/lang/String;Z)Ljava/lang/Class; (85 bytes) @ 0x00007f1ce116734c [0x00007f1ce11669c0+0x98c]
J 164 C1 java.lang.ClassLoader.loadClass(Ljava/lang/String;)Ljava/lang/Class; (7 bytes) @ 0x00007f1ce1165f04 [0x00007f1ce1165e00+0x104]
v  ~StubRoutines::call_stub
j  io.netty.channel.AbstractChannel$AbstractUnsafe.deregister(Lio/netty/channel/ChannelPromise;Z)V+27
j  io.netty.channel.AbstractChannel$AbstractUnsafe.fireChannelInactiveAndDeregister(Z)V+24
j  io.netty.channel.AbstractChannel$AbstractUnsafe.close(Lio/netty/channel/ChannelPromise;Ljava/lang/Throwable;Ljava/nio/channels/ClosedChannelException;Z)V+188
j  io.netty.channel.AbstractChannel$AbstractUnsafe.close(Lio/netty/channel/ChannelPromise;)V+13
j  io.netty.channel.nio.AbstractNioByteChannel$NioByteUnsafe.closeOnRead(Lio/netty/channel/ChannelPipeline;)V+87
j  io.netty.channel.nio.AbstractNioByteChannel$NioByteUnsafe.read()V+167
j  io.netty.channel.nio.NioEventLoop.processSelectedKey(Ljava/nio/channels/SelectionKey;Lio/netty/channel/nio/AbstractNioChannel;)V+119
J 1094 C1 io.netty.channel.nio.NioEventLoop.processSelectedKeysOptimized([Ljava/nio/channels/SelectionKey;)V (104 bytes) @ 0x00007f1ce12a8e74 [0x00007f1ce12a89a0+0x4d4]
J 1096 C1 io.netty.channel.nio.NioEventLoop.processSelectedKeys()V (33 bytes) @ 0x00007f1ce12d476c [0x00007f1ce12d4600+0x16c]
j  io.netty.channel.nio.NioEventLoop.run()V+126
j  io.netty.util.concurrent.SingleThreadEventExecutor$5.run()V+44
j  io.netty.util.concurrent.DefaultThreadFactory$DefaultRunnableDecorator.run()V+4
j  java.lang.Thread.run()V+11
v  ~StubRoutines::call_stub

---------------  P R O C E S S  ---------------

Java Threads: ( => current thread )
  0x00007f1c60002000 JavaThread "grpc-default-executor-2" daemon [_thread_blocked, id=24268, stack(0x00007f1c900c4000,0x00007f1c901c5000)]
  0x00007f1cf000a800 JavaThread "DestroyJavaVM" [_thread_blocked, id=21619, stack(0x00007f1cfa3d6000,0x00007f1cfa4d7000)]
  0x00007f1c8c061800 JavaThread "grpc-default-worker-ELG-3-4" daemon [_thread_in_native, id=22396, stack(0x00007f1c788f8000,0x00007f1c789f9000)]
  0x00007f1c70024000 JavaThread "grpc-default-worker-ELG-3-3" daemon [_thread_in_native, id=22389, stack(0x00007f1c799fa000,0x00007f1c79afb000)]
  0x00007f1c6c001000 JavaThread "grpc-default-worker-ELG-3-2" daemon [_thread_blocked, id=22388, stack(0x00007f1c79afb000,0x00007f1c79bfc000)]
  0x00007f1c84002800 JavaThread "grpc-timer-0" daemon [_thread_blocked, id=22385, stack(0x00007f1c79cfd000,0x00007f1c79dfe000)]
  0x00007f1c8004a000 JavaThread "threadDeathWatcher-4-1" daemon [_thread_blocked, id=21803, stack(0x00007f1c901c5000,0x00007f1c902c6000)]
=>0x00007f1c8c08f000 JavaThread "grpc-default-worker-ELG-3-1" daemon [_thread_in_native, id=21801, stack(0x00007f1c902c6000,0x00007f1c903c7000)]
  0x00007f1cf06a8000 JavaThread "computer" [_thread_blocked, id=21686, stack(0x00007f1c905c7000,0x00007f1c906c8000)]
  0x00007f1cf06a6000 JavaThread "127.0.0.1:50051" [_thread_blocked, id=21685, stack(0x00007f1c906c8000,0x00007f1c907c9000)]
  0x00007f1cf06a3800 JavaThread "127.0.0.1:50052" [_thread_blocked, id=21684, stack(0x00007f1c907c9000,0x00007f1c908ca000)]
  0x00007f1cf0631000 JavaThread "grpc-default-boss-ELG-1-1" daemon [_thread_in_native, id=21677, stack(0x00007f1c908ca000,0x00007f1c909cb000)]
  0x00007f1cf0212000 JavaThread "Service Thread" daemon [_thread_blocked, id=21673, stack(0x00007f1cb814f000,0x00007f1cb8250000)]
  0x00007f1cf020f000 JavaThread "C1 CompilerThread3" daemon [_thread_blocked, id=21665, stack(0x00007f1cb8250000,0x00007f1cb8351000)]
  0x00007f1cf020d000 JavaThread "C2 CompilerThread2" daemon [_thread_blocked, id=21662, stack(0x00007f1cb8351000,0x00007f1cb8452000)]
  0x00007f1cf020b000 JavaThread "C2 CompilerThread1" daemon [_thread_blocked, id=21659, stack(0x00007f1cb8452000,0x00007f1cb8553000)]
  0x00007f1cf0208800 JavaThread "C2 CompilerThread0" daemon [_thread_blocked, id=21657, stack(0x00007f1cb8553000,0x00007f1cb8654000)]
  0x00007f1cf0207000 JavaThread "Signal Dispatcher" daemon [_thread_blocked, id=21655, stack(0x00007f1cb8654000,0x00007f1cb8755000)]
  0x00007f1cf01d3800 JavaThread "Finalizer" daemon [_thread_blocked, id=21651, stack(0x00007f1ce00f1000,0x00007f1ce01f2000)]
  0x00007f1cf01d1000 JavaThread "Reference Handler" daemon [_thread_blocked, id=21649, stack(0x00007f1ce01f2000,0x00007f1ce02f3000)]

Other Threads:
  0x00007f1cf01c7800 VMThread [stack: 0x00007f1ce02f3000,0x00007f1ce03f4000] [id=21646]
  0x00007f1cf0214000 WatcherThread [stack: 0x00007f1cb804e000,0x00007f1cb814f000] [id=21674]

VM state:not at safepoint (normal execution)

VM Mutex/Monitor currently owned by a thread: None

heap address: 0x0000000097c00000, size: 1668 MB, Compressed Oops mode: 32-bit
Narrow klass base: 0x0000000000000000, Narrow klass shift: 3
Compressed class space size: 1073741824 Address: 0x0000000100000000

Heap:
 PSYoungGen      total 118784K, used 109104K [0x00000000dd400000, 0x00000000e9200000, 0x0000000100000000)
  eden space 110592K, 98% used [0x00000000dd400000,0x00000000e3e84358,0x00000000e4000000)
  from space 8192K, 0% used [0x00000000e4000000,0x00000000e4008000,0x00000000e4800000)
  to   space 8704K, 0% used [0x00000000e8980000,0x00000000e8980000,0x00000000e9200000)
 ParOldGen       total 72704K, used 7405K [0x0000000097c00000, 0x000000009c300000, 0x00000000dd400000)
  object space 72704K, 10% used [0x0000000097c00000,0x000000009833b678,0x000000009c300000)
 Metaspace       used 13469K, capacity 13576K, committed 13824K, reserved 1060864K
  class space    used 1615K, capacity 1690K, committed 1792K, reserved 1048576K

Card table byte_map: [0x00007f1cf673b000,0x00007f1cf6a7e000] byte_map_base: 0x00007f1cf627d000

Marking Bits: (ParMarkBitMap*) 0x00007f1cf96a2580
 Begin Bits: [0x00007f1cb8be0000, 0x00007f1cba5f0000)
 End Bits:   [0x00007f1cba5f0000, 0x00007f1cbc000000)

Polling page: 0x00007f1cfa4f5000

CodeCache: size=245760Kb used=3334Kb max_used=3720Kb free=242425Kb
 bounds [0x00007f1ce1000000, 0x00007f1ce13c0000, 0x00007f1cf0000000]
 total_blobs=1365 nmethods=987 adapters=293
 compilation: enabled

Compilation events (10 events):
Event: 223.556 Thread 0x00007f1cf020f000 nmethod 1138 0x00007f1ce110f710 code [0x00007f1ce110f880, 0x00007f1ce110fa30]
Event: 263.502 Thread 0x00007f1cf0208800 1139       4       java.util.concurrent.atomic.AtomicBoolean::get (13 bytes)
Event: 263.502 Thread 0x00007f1cf0208800 nmethod 1139 0x00007f1ce110dad0 code [0x00007f1ce110dc20, 0x00007f1ce110dc98]
Event: 357.938 Thread 0x00007f1cf020d000 1141       4       io.netty.channel.SingleThreadEventLoop::hasTasks (25 bytes)
Event: 357.940 Thread 0x00007f1cf020d000 nmethod 1141 0x00007f1ce1286d10 code [0x00007f1ce1286e80, 0x00007f1ce1287058]
Event: 461.015 Thread 0x00007f1cf0208800 1142       4       io.netty.util.concurrent.SingleThreadEventExecutor::hasTasks (39 bytes)
Event: 461.017 Thread 0x00007f1cf0208800 nmethod 1142 0x00007f1ce12ca3d0 code [0x00007f1ce12ca520, 0x00007f1ce12ca638]
Event: 492.945 Thread 0x00007f1cf020f000 1143       3       io.netty.channel.DefaultChannelConfig::getWriteBufferHighWaterMark (8 bytes)
Event: 492.945 Thread 0x00007f1cf020f000 nmethod 1143 0x00007f1ce12c9fd0 code [0x00007f1ce12ca140, 0x00007f1ce12ca330]
Event: 492.945 Thread 0x00007f1cf020f000 1144       3       io.netty.util.internal.InternalThreadLocalMap::setFutureListenerStackDepth (6 bytes)

GC Heap History (10 events):
Event: 19.942 GC heap before
{Heap before GC invocations=5 (full 0):
 PSYoungGen      total 31744K, used 31328K [0x00000000dd400000, 0x00000000e1200000, 0x0000000100000000)
  eden space 27648K, 100% used [0x00000000dd400000,0x00000000def00000,0x00000000def00000)
  from space 4096K, 89% used [0x00000000df300000,0x00000000df698110,0x00000000df700000)
  to   space 4096K, 0% used [0x00000000def00000,0x00000000def00000,0x00000000df300000)
 ParOldGen       total 72704K, used 3663K [0x0000000097c00000, 0x000000009c300000, 0x00000000dd400000)
  object space 72704K, 5% used [0x0000000097c00000,0x0000000097f93c30,0x000000009c300000)
 Metaspace       used 12728K, capacity 12904K, committed 13184K, reserved 1060864K
  class space    used 1522K, capacity 1594K, committed 1664K, reserved 1048576K
Event: 19.946 GC heap after
Heap after GC invocations=5 (full 0):
 PSYoungGen      total 31744K, used 3648K [0x00000000dd400000, 0x00000000e1900000, 0x0000000100000000)
  eden space 27648K, 0% used [0x00000000dd400000,0x00000000dd400000,0x00000000def00000)
  from space 4096K, 89% used [0x00000000def00000,0x00000000df290110,0x00000000df300000)
  to   space 7680K, 0% used [0x00000000e1180000,0x00000000e1180000,0x00000000e1900000)
 ParOldGen       total 72704K, used 3671K [0x0000000097c00000, 0x000000009c300000, 0x00000000dd400000)
  object space 72704K, 5% used [0x0000000097c00000,0x0000000097f95c30,0x000000009c300000)
 Metaspace       used 12728K, capacity 12904K, committed 13184K, reserved 1060864K
  class space    used 1522K, capacity 1594K, committed 1664K, reserved 1048576K
}
Event: 20.219 GC heap before
{Heap before GC invocations=6 (full 0):
 PSYoungGen      total 31744K, used 31296K [0x00000000dd400000, 0x00000000e1900000, 0x0000000100000000)
  eden space 27648K, 100% used [0x00000000dd400000,0x00000000def00000,0x00000000def00000)
  from space 4096K, 89% used [0x00000000def00000,0x00000000df290110,0x00000000df300000)
  to   space 7680K, 0% used [0x00000000e1180000,0x00000000e1180000,0x00000000e1900000)
 ParOldGen       total 72704K, used 3671K [0x0000000097c00000, 0x000000009c300000, 0x00000000dd400000)
  object space 72704K, 5% used [0x0000000097c00000,0x0000000097f95c30,0x000000009c300000)
 Metaspace       used 12728K, capacity 12904K, committed 13184K, reserved 1060864K
  class space    used 1523K, capacity 1594K, committed 1664K, reserved 1048576K
Event: 20.257 GC heap after
Heap after GC invocations=6 (full 0):
 PSYoungGen      total 62976K, used 3680K [0x00000000dd400000, 0x00000000e1900000, 0x0000000100000000)
  eden space 55296K, 0% used [0x00000000dd400000,0x00000000dd400000,0x00000000e0a00000)
  from space 7680K, 47% used [0x00000000e1180000,0x00000000e1518110,0x00000000e1900000)
  to   space 7680K, 0% used [0x00000000e0a00000,0x00000000e0a00000,0x00000000e1180000)
 ParOldGen       total 72704K, used 3679K [0x0000000097c00000, 0x000000009c300000, 0x00000000dd400000)
  object space 72704K, 5% used [0x0000000097c00000,0x0000000097f97c30,0x000000009c300000)
 Metaspace       used 12728K, capacity 12904K, committed 13184K, reserved 1060864K
  class space    used 1523K, capacity 1594K, committed 1664K, reserved 1048576K
}
Event: 20.493 GC heap before
{Heap before GC invocations=7 (full 0):
 PSYoungGen      total 62976K, used 58976K [0x00000000dd400000, 0x00000000e1900000, 0x0000000100000000)
  eden space 55296K, 100% used [0x00000000dd400000,0x00000000e0a00000,0x00000000e0a00000)
  from space 7680K, 47% used [0x00000000e1180000,0x00000000e1518110,0x00000000e1900000)
  to   space 7680K, 0% used [0x00000000e0a00000,0x00000000e0a00000,0x00000000e1180000)
 ParOldGen       total 72704K, used 3679K [0x0000000097c00000, 0x000000009c300000, 0x00000000dd400000)
  object space 72704K, 5% used [0x0000000097c00000,0x0000000097f97c30,0x000000009c300000)
 Metaspace       used 12728K, capacity 12904K, committed 13184K, reserved 1060864K
  class space    used 1523K, capacity 1594K, committed 1664K, reserved 1048576K
Event: 20.537 GC heap after
Heap after GC invocations=7 (full 0):
 PSYoungGen      total 62976K, used 64K [0x00000000dd400000, 0x00000000e5000000, 0x0000000100000000)
  eden space 55296K, 0% used [0x00000000dd400000,0x00000000dd400000,0x00000000e0a00000)
  from space 7680K, 0% used [0x00000000e0a00000,0x00000000e0a10000,0x00000000e1180000)
  to   space 8192K, 0% used [0x00000000e4800000,0x00000000e4800000,0x00000000e5000000)
 ParOldGen       total 72704K, used 7389K [0x0000000097c00000, 0x000000009c300000, 0x00000000dd400000)
  object space 72704K, 10% used [0x0000000097c00000,0x0000000098337678,0x000000009c300000)
 Metaspace       used 12728K, capacity 12904K, committed 13184K, reserved 1060864K
  class space    used 1523K, capacity 1594K, committed 1664K, reserved 1048576K
}
Event: 20.754 GC heap before
{Heap before GC invocations=8 (full 0):
 PSYoungGen      total 62976K, used 55360K [0x00000000dd400000, 0x00000000e5000000, 0x0000000100000000)
  eden space 55296K, 100% used [0x00000000dd400000,0x00000000e0a00000,0x00000000e0a00000)
  from space 7680K, 0% used [0x00000000e0a00000,0x00000000e0a10000,0x00000000e1180000)
  to   space 8192K, 0% used [0x00000000e4800000,0x00000000e4800000,0x00000000e5000000)
 ParOldGen       total 72704K, used 7389K [0x0000000097c00000, 0x000000009c300000, 0x00000000dd400000)
  object space 72704K, 10% used [0x0000000097c00000,0x0000000098337678,0x000000009c300000)
 Metaspace       used 12728K, capacity 12904K, committed 13184K, reserved 1060864K
  class space    used 1523K, capacity 1594K, committed 1664K, reserved 1048576K
Event: 20.756 GC heap after
Heap after GC invocations=8 (full 0):
 PSYoungGen      total 118784K, used 64K [0x00000000dd400000, 0x00000000e5000000, 0x0000000100000000)
  eden space 110592K, 0% used [0x00000000dd400000,0x00000000dd400000,0x00000000e4000000)
  from space 8192K, 0% used [0x00000000e4800000,0x00000000e4810000,0x00000000e5000000)
  to   space 8192K, 0% used [0x00000000e4000000,0x00000000e4000000,0x00000000e4800000)
 ParOldGen       total 72704K, used 7397K [0x0000000097c00000, 0x000000009c300000, 0x00000000dd400000)
  object space 72704K, 10% used [0x0000000097c00000,0x0000000098339678,0x000000009c300000)
 Metaspace       used 12728K, capacity 12904K, committed 13184K, reserved 1060864K
  class space    used 1523K, capacity 1594K, committed 1664K, reserved 1048576K
}
Event: 21.177 GC heap before
{Heap before GC invocations=9 (full 0):
 PSYoungGen      total 118784K, used 110656K [0x00000000dd400000, 0x00000000e5000000, 0x0000000100000000)
  eden space 110592K, 100% used [0x00000000dd400000,0x00000000e4000000,0x00000000e4000000)
  from space 8192K, 0% used [0x00000000e4800000,0x00000000e4810000,0x00000000e5000000)
  to   space 8192K, 0% used [0x00000000e4000000,0x00000000e4000000,0x00000000e4800000)
 ParOldGen       total 72704K, used 7397K [0x0000000097c00000, 0x000000009c300000, 0x00000000dd400000)
  object space 72704K, 10% used [0x0000000097c00000,0x0000000098339678,0x000000009c300000)
 Metaspace       used 12728K, capacity 12904K, committed 13184K, reserved 1060864K
  class space    used 1523K, capacity 1594K, committed 1664K, reserved 1048576K
Event: 21.184 GC heap after
Heap after GC invocations=9 (full 0):
 PSYoungGen      total 118784K, used 32K [0x00000000dd400000, 0x00000000e9200000, 0x0000000100000000)
  eden space 110592K, 0% used [0x00000000dd400000,0x00000000dd400000,0x00000000e4000000)
  from space 8192K, 0% used [0x00000000e4000000,0x00000000e4008000,0x00000000e4800000)
  to   space 8704K, 0% used [0x00000000e8980000,0x00000000e8980000,0x00000000e9200000)
 ParOldGen       total 72704K, used 7405K [0x0000000097c00000, 0x000000009c300000, 0x00000000dd400000)
  object space 72704K, 10% used [0x0000000097c00000,0x000000009833b678,0x000000009c300000)
 Metaspace       used 12728K, capacity 12904K, committed 13184K, reserved 1060864K
  class space    used 1523K, capacity 1594K, committed 1664K, reserved 1048576K
}

Deoptimization events (10 events):
Event: 21.526 Thread 0x00007f1c8006f000 Uncommon trap: reason=unstable_if action=reinterpret pc=0x00007f1ce1325c20 method=java.lang.Class.reflectionData()Ljava/lang/Class$ReflectionData; @ 17
Event: 21.526 Thread 0x00007f1c8800a000 Uncommon trap: reason=unstable_if action=reinterpret pc=0x00007f1ce130a1a8 method=java.lang.Class.arrayContentsEq([Ljava/lang/Object;[Ljava/lang/Object;)Z @ 38
Event: 21.526 Thread 0x00007f1c8006f000 Uncommon trap: reason=unstable_if action=reinterpret pc=0x00007f1ce130a1a8 method=java.lang.Class.arrayContentsEq([Ljava/lang/Object;[Ljava/lang/Object;)Z @ 38
Event: 21.526 Thread 0x00007f1c8800a000 Uncommon trap: reason=unstable_if action=reinterpret pc=0x00007f1ce1313d6c method=java.lang.reflect.Constructor.newInstance([Ljava/lang/Object;)Ljava/lang/Object; @ 4
Event: 21.526 Thread 0x00007f1c8006f000 Uncommon trap: reason=unstable_if action=reinterpret pc=0x00007f1ce1313d6c method=java.lang.reflect.Constructor.newInstance([Ljava/lang/Object;)Ljava/lang/Object; @ 4
Event: 21.556 Thread 0x00007f1c8800a000 Uncommon trap: reason=class_check action=maybe_recompile pc=0x00007f1ce131131c method=java.nio.charset.CharsetEncoder.replaceWith([B)Ljava/nio/charset/CharsetEncoder; @ 53
Event: 21.557 Thread 0x00007f1c8800a000 Uncommon trap: reason=class_check action=maybe_recompile pc=0x00007f1ce131131c method=java.nio.charset.CharsetEncoder.replaceWith([B)Ljava/nio/charset/CharsetEncoder; @ 53
Event: 21.562 Thread 0x00007f1c8006f000 Uncommon trap: reason=class_check action=maybe_recompile pc=0x00007f1ce131131c method=java.nio.charset.CharsetEncoder.replaceWith([B)Ljava/nio/charset/CharsetEncoder; @ 53
Event: 21.629 Thread 0x00007f1c8c061800 Uncommon trap: reason=class_check action=maybe_recompile pc=0x00007f1ce131131c method=java.nio.charset.CharsetEncoder.replaceWith([B)Ljava/nio/charset/CharsetEncoder; @ 53
Event: 21.647 Thread 0x00007f1c8006f000 Uncommon trap: reason=unstable_if action=reinterpret pc=0x00007f1ce1311a04 method=com.google.gson.internal.LinkedTreeMap.find(Ljava/lang/Object;Z)Lcom/google/gson/internal/LinkedTreeMap$Node; @ 16

Classes redefined (0 events):
No events

Internal exceptions (10 events):
Event: 0.389 Thread 0x00007f1cf000a800 Exception <a 'java/lang/ClassNotFoundException': android/app/Application> (0x00000000de392488) thrown at [/build/openjdk-8-lHVHKD/openjdk-8-8u212-b03/src/hotspot/src/share/vm/classfile/systemDictionary.cpp, line 210]
Event: 9.420 Thread 0x00007f1cf0631000 Exception <a 'java/lang/NoSuchFieldError': method resolution failed> (0x00000000de58f708) thrown at [/build/openjdk-8-lHVHKD/openjdk-8-8u212-b03/src/hotspot/src/share/vm/prims/methodHandles.cpp, line 1167]
Event: 9.422 Thread 0x00007f1cf0631000 Exception <a 'java/lang/NoSuchFieldError': method resolution failed> (0x00000000de59cdc8) thrown at [/build/openjdk-8-lHVHKD/openjdk-8-8u212-b03/src/hotspot/src/share/vm/prims/methodHandles.cpp, line 1167]
Event: 9.550 Thread 0x00007f1c8c08f000 Exception <a 'java/lang/ArrayIndexOutOfBoundsException': 32> (0x00000000decd3500) thrown at [/build/openjdk-8-lHVHKD/openjdk-8-8u212-b03/src/hotspot/src/share/vm/interpreter/interpreterRuntime.cpp, line 368]
Event: 21.436 Thread 0x00007f1c8c08f000 Exception <a 'java/lang/ArrayIndexOutOfBoundsException': 32> (0x00000000e1d1da98) thrown at [/build/openjdk-8-lHVHKD/openjdk-8-8u212-b03/src/hotspot/src/share/vm/interpreter/interpreterRuntime.cpp, line 368]
Event: 21.488 Thread 0x00007f1cf06a3800 Implicit null exception at 0x00007f1ce1306ded to 0x00007f1ce1306e91
Event: 21.526 Thread 0x00007f1c8800a000 Implicit null exception at 0x00007f1ce1325ae1 to 0x00007f1ce1325c05
Event: 21.526 Thread 0x00007f1c8006f000 Implicit null exception at 0x00007f1ce1325ae1 to 0x00007f1ce1325c05
Event: 21.629 Thread 0x00007f1c8c061800 Exception <a 'java/lang/ArrayIndexOutOfBoundsException'> (0x00000000e3732480) thrown at [/build/openjdk-8-lHVHKD/openjdk-8-8u212-b03/src/hotspot/src/share/vm/runtime/sharedRuntime.cpp, line 605]
Event: 21.647 Thread 0x00007f1c8006f000 Implicit null exception at 0x00007f1ce13117f4 to 0x00007f1ce13119e5

Events (10 events):
Event: 81.569 Thread 0x00007f1c8800a000 Thread exited: 0x00007f1c8800a000
Event: 82.543 loading class io/netty/buffer/PoolArena$1
Event: 82.543 loading class io/netty/buffer/PoolArena$1 done
Event: 105.289 Executing VM operation: RevokeBias
Event: 105.289 Executing VM operation: RevokeBias done
Event: 105.289 Thread 0x00007f1c8006f000 Thread exited: 0x00007f1c8006f000
Event: 492.945 Executing VM operation: RevokeBias
Event: 492.945 Executing VM operation: RevokeBias done
Event: 492.945 loading class io/netty/channel/AbstractChannel$AbstractUnsafe$7
Event: 492.945 loading class io/netty/channel/AbstractChannel$AbstractUnsafe$7 done


Dynamic libraries:
00400000-00401000 r-xp 00000000 08:01 4992117                            /usr/lib/jvm/java-8-openjdk-amd64/jre/bin/java
00600000-00601000 r--p 00000000 08:01 4992117                            /usr/lib/jvm/java-8-openjdk-amd64/jre/bin/java
00601000-00602000 rw-p 00001000 08:01 4992117                            /usr/lib/jvm/java-8-openjdk-amd64/jre/bin/java
01fd1000-01ff2000 rw-p 00000000 00:00 0                                  [heap]
97c00000-9c300000 rw-p 00000000 00:00 0 
9c300000-dd400000 ---p 00000000 00:00 0 
dd400000-e9200000 rw-p 00000000 00:00 0 
e9200000-100000000 ---p 00000000 00:00 0 
100000000-1001c0000 rw-p 00000000 00:00 0 
1001c0000-140000000 ---p 00000000 00:00 0 
7f1c58000000-7f1c58021000 rw-p 00000000 00:00 0 
7f1c58021000-7f1c5c000000 ---p 00000000 00:00 0 
7f1c5cffd000-7f1c60000000 rw-p 00000000 00:00 0 
7f1c60000000-7f1c60021000 rw-p 00000000 00:00 0 
7f1c60021000-7f1c64000000 ---p 00000000 00:00 0 
7f1c64000000-7f1c64021000 rw-p 00000000 00:00 0 
7f1c64021000-7f1c68000000 ---p 00000000 00:00 0 
7f1c68000000-7f1c68021000 rw-p 00000000 00:00 0 
7f1c68021000-7f1c6c000000 ---p 00000000 00:00 0 
7f1c6c000000-7f1c6c021000 rw-p 00000000 00:00 0 
7f1c6c021000-7f1c70000000 ---p 00000000 00:00 0 
7f1c70000000-7f1c7002e000 rw-p 00000000 00:00 0 
7f1c7002e000-7f1c74000000 ---p 00000000 00:00 0 
7f1c74000000-7f1c74021000 rw-p 00000000 00:00 0 
7f1c74021000-7f1c78000000 ---p 00000000 00:00 0 
7f1c788f8000-7f1c788fb000 ---p 00000000 00:00 0 
7f1c788fb000-7f1c799fa000 rw-p 00000000 00:00 0 
7f1c799fa000-7f1c799fd000 ---p 00000000 00:00 0 
7f1c799fd000-7f1c79afb000 rw-p 00000000 00:00 0 
7f1c79afb000-7f1c79afe000 ---p 00000000 00:00 0 
7f1c79afe000-7f1c79bfc000 rw-p 00000000 00:00 0 
7f1c79bfc000-7f1c79bff000 ---p 00000000 00:00 0 
7f1c79bff000-7f1c79cfd000 rw-p 00000000 00:00 0 
7f1c79cfd000-7f1c79d00000 ---p 00000000 00:00 0 
7f1c79d00000-7f1c7afbf000 rw-p 00000000 00:00 0 
7f1c7afbf000-7f1c7afff000 ---p 00000000 00:00 0 
7f1c7afff000-7f1c7c000000 rw-p 00000000 00:00 0 
7f1c7c000000-7f1c7c049000 rw-p 00000000 00:00 0 
7f1c7c049000-7f1c80000000 ---p 00000000 00:00 0 
7f1c80000000-7f1c8008a000 rw-p 00000000 00:00 0 
7f1c8008a000-7f1c84000000 ---p 00000000 00:00 0 
7f1c84000000-7f1c84021000 rw-p 00000000 00:00 0 
7f1c84021000-7f1c88000000 ---p 00000000 00:00 0 
7f1c88000000-7f1c88021000 rw-p 00000000 00:00 0 
7f1c88021000-7f1c8c000000 ---p 00000000 00:00 0 
7f1c8c000000-7f1c8c092000 rw-p 00000000 00:00 0 
7f1c8c092000-7f1c90000000 ---p 00000000 00:00 0 
7f1c900c4000-7f1c900c7000 ---p 00000000 00:00 0 
7f1c900c7000-7f1c901c5000 rw-p 00000000 00:00 0 
7f1c901c5000-7f1c901c8000 ---p 00000000 00:00 0 
7f1c901c8000-7f1c902c6000 rw-p 00000000 00:00 0 
7f1c902c6000-7f1c902c9000 ---p 00000000 00:00 0 
7f1c902c9000-7f1c905c7000 rw-p 00000000 00:00 0 
7f1c905c7000-7f1c905ca000 ---p 00000000 00:00 0 
7f1c905ca000-7f1c906c8000 rw-p 00000000 00:00 0 
7f1c906c8000-7f1c906cb000 ---p 00000000 00:00 0 
7f1c906cb000-7f1c907c9000 rw-p 00000000 00:00 0 
7f1c907c9000-7f1c907cc000 ---p 00000000 00:00 0 
7f1c907cc000-7f1c908ca000 rw-p 00000000 00:00 0 
7f1c908ca000-7f1c908cd000 ---p 00000000 00:00 0 
7f1c908cd000-7f1c909cb000 rw-p 00000000 00:00 0 
7f1c909cb000-7f1c909d4000 r-xp 00000000 08:01 4992141                    /usr/lib/jvm/java-8-openjdk-amd64/jre/lib/amd64/libmanagement.so
7f1c909d4000-7f1c90bd3000 ---p 00009000 08:01 4992141                    /usr/lib/jvm/java-8-openjdk-amd64/jre/lib/amd64/libmanagement.so
7f1c90bd3000-7f1c90bd4000 r--p 00008000 08:01 4992141                    /usr/lib/jvm/java-8-openjdk-amd64/jre/lib/amd64/libmanagement.so
7f1c90bd4000-7f1c90bd5000 rw-p 00009000 08:01 4992141                    /usr/lib/jvm/java-8-openjdk-amd64/jre/lib/amd64/libmanagement.so
7f1c90bd5000-7f1c93bd6000 rw-p 00000000 00:00 0 
7f1c93bd6000-7f1c93bec000 r-xp 00000000 08:01 4992163                    /usr/lib/jvm/java-8-openjdk-amd64/jre/lib/amd64/libnet.so
7f1c93bec000-7f1c93dec000 ---p 00016000 08:01 4992163                    /usr/lib/jvm/java-8-openjdk-amd64/jre/lib/amd64/libnet.so
7f1c93dec000-7f1c93ded000 r--p 00016000 08:01 4992163                    /usr/lib/jvm/java-8-openjdk-amd64/jre/lib/amd64/libnet.so
7f1c93ded000-7f1c93dee000 rw-p 00017000 08:01 4992163                    /usr/lib/jvm/java-8-openjdk-amd64/jre/lib/amd64/libnet.so
7f1c93dee000-7f1c93dff000 r-xp 00000000 08:01 4992137                    /usr/lib/jvm/java-8-openjdk-amd64/jre/lib/amd64/libnio.so
7f1c93dff000-7f1c93ffe000 ---p 00011000 08:01 4992137                    /usr/lib/jvm/java-8-openjdk-amd64/jre/lib/amd64/libnio.so
7f1c93ffe000-7f1c93fff000 r--p 00010000 08:01 4992137                    /usr/lib/jvm/java-8-openjdk-amd64/jre/lib/amd64/libnio.so
7f1c93fff000-7f1c94000000 rw-p 00011000 08:01 4992137                    /usr/lib/jvm/java-8-openjdk-amd64/jre/lib/amd64/libnio.so
7f1c94000000-7f1c94021000 rw-p 00000000 00:00 0 
7f1c94021000-7f1c98000000 ---p 00000000 00:00 0 
7f1c98000000-7f1c98021000 rw-p 00000000 00:00 0 
7f1c98021000-7f1c9c000000 ---p 00000000 00:00 0 
7f1c9c000000-7f1c9c969000 rw-p 00000000 00:00 0 
7f1c9c969000-7f1ca0000000 ---p 00000000 00:00 0 
7f1ca0000000-7f1ca03e2000 rw-p 00000000 00:00 0 
7f1ca03e2000-7f1ca4000000 ---p 00000000 00:00 0 
7f1ca4000000-7f1ca45ab000 rw-p 00000000 00:00 0 
7f1ca45ab000-7f1ca8000000 ---p 00000000 00:00 0 
7f1ca8000000-7f1ca9424000 rw-p 00000000 00:00 0 
7f1ca9424000-7f1cac000000 ---p 00000000 00:00 0 
7f1cac000000-7f1cac021000 rw-p 00000000 00:00 0 
7f1cac021000-7f1cb0000000 ---p 00000000 00:00 0 
7f1cb0000000-7f1cb0021000 rw-p 00000000 00:00 0 
7f1cb0021000-7f1cb4000000 ---p 00000000 00:00 0 
7f1cb4000000-7f1cb4021000 rw-p 00000000 00:00 0 
7f1cb4021000-7f1cb8000000 ---p 00000000 00:00 0 
7f1cb804e000-7f1cb804f000 ---p 00000000 00:00 0 
7f1cb804f000-7f1cb814f000 rw-p 00000000 00:00 0 
7f1cb814f000-7f1cb8152000 ---p 00000000 00:00 0 
7f1cb8152000-7f1cb8250000 rw-p 00000000 00:00 0 
7f1cb8250000-7f1cb8253000 ---p 00000000 00:00 0 
7f1cb8253000-7f1cb8351000 rw-p 00000000 00:00 0 
7f1cb8351000-7f1cb8354000 ---p 00000000 00:00 0 
7f1cb8354000-7f1cb8452000 rw-p 00000000 00:00 0 
7f1cb8452000-7f1cb8455000 ---p 00000000 00:00 0 
7f1cb8455000-7f1cb8553000 rw-p 00000000 00:00 0 
7f1cb8553000-7f1cb8556000 ---p 00000000 00:00 0 
7f1cb8556000-7f1cb8654000 rw-p 00000000 00:00 0 
7f1cb8654000-7f1cb8657000 ---p 00000000 00:00 0 
7f1cb8657000-7f1cb8755000 rw-p 00000000 00:00 0 
7f1cb8755000-7f1cb8be0000 r--p 00000000 08:01 3933817                    /usr/lib/locale/locale-archive
7f1cb8be0000-7f1cbc000000 rw-p 00000000 00:00 0 
7f1cbc000000-7f1cbc021000 rw-p 00000000 00:00 0 
7f1cbc021000-7f1cc0000000 ---p 00000000 00:00 0 
7f1cc0000000-7f1cc0041000 rw-p 00000000 00:00 0 
7f1cc0041000-7f1cc4000000 ---p 00000000 00:00 0 
7f1cc4000000-7f1cc4021000 rw-p 00000000 00:00 0 
7f1cc4021000-7f1cc8000000 ---p 00000000 00:00 0 
7f1cc8000000-7f1cc8021000 rw-p 00000000 00:00 0 
7f1cc8021000-7f1ccc000000 ---p 00000000 00:00 0 
7f1ccc000000-7f1ccc021000 rw-p 00000000 00:00 0 
7f1ccc021000-7f1cd0000000 ---p 00000000 00:00 0 
7f1cd0000000-7f1cd0021000 rw-p 00000000 00:00 0 
7f1cd0021000-7f1cd4000000 ---p 00000000 00:00 0 
7f1cd4000000-7f1cd4021000 rw-p 00000000 00:00 0 
7f1cd4021000-7f1cd8000000 ---p 00000000 00:00 0 
7f1cd8000000-7f1cd8021000 rw-p 00000000 00:00 0 
7f1cd8021000-7f1cdc000000 ---p 00000000 00:00 0 
7f1cdc000000-7f1cdc021000 rw-p 00000000 00:00 0 
7f1cdc021000-7f1ce0000000 ---p 00000000 00:00 0 
7f1ce006c000-7f1ce00f1000 r--s 00715000 08:01 1580664                    /home/nuz/workspace/os/project/project4/blockdb_java/target/original-blockchaindb-1.0.jar
7f1ce00f1000-7f1ce00f4000 ---p 00000000 00:00 0 
7f1ce00f4000-7f1ce01f2000 rw-p 00000000 00:00 0 
7f1ce01f2000-7f1ce01f5000 ---p 00000000 00:00 0 
7f1ce01f5000-7f1ce02f3000 rw-p 00000000 00:00 0 
7f1ce02f3000-7f1ce02f4000 ---p 00000000 00:00 0 
7f1ce02f4000-7f1ce1000000 rw-p 00000000 00:00 0 
7f1ce1000000-7f1ce13c0000 rwxp 00000000 00:00 0 
7f1ce13c0000-7f1cf0000000 ---p 00000000 00:00 0 
7f1cf0000000-7f1cf06ad000 rw-p 00000000 00:00 0 
7f1cf06ad000-7f1cf4000000 ---p 00000000 00:00 0 
7f1cf403b000-7f1cf4056000 r--s 001d6000 08:01 4992197                    /usr/lib/jvm/java-8-openjdk-amd64/jre/lib/ext/nashorn.jar
7f1cf4056000-7f1cf4071000 r--s 00394000 08:01 4992196                    /usr/lib/jvm/java-8-openjdk-amd64/jre/lib/ext/cldrdata.jar
7f1cf4071000-7f1cf4f80000 rw-p 00000000 00:00 0 
7f1cf4f80000-7f1cf514f000 r--s 03c3b000 08:01 4992170                    /usr/lib/jvm/java-8-openjdk-amd64/jre/lib/rt.jar
7f1cf514f000-7f1cf5d07000 rw-p 00000000 00:00 0 
7f1cf5d07000-7f1cf5d08000 ---p 00000000 00:00 0 
7f1cf5d08000-7f1cf5e08000 rw-p 00000000 00:00 0 
7f1cf5e08000-7f1cf5e09000 ---p 00000000 00:00 0 
7f1cf5e09000-7f1cf5f09000 rw-p 00000000 00:00 0 
7f1cf5f09000-7f1cf5f0a000 ---p 00000000 00:00 0 
7f1cf5f0a000-7f1cf600a000 rw-p 00000000 00:00 0 
7f1cf600a000-7f1cf600b000 ---p 00000000 00:00 0 
7f1cf600b000-7f1cf610b000 rw-p 00000000 00:00 0 
7f1cf610b000-7f1cf610c000 ---p 00000000 00:00 0 
7f1cf610c000-7f1cf620c000 rw-p 00000000 00:00 0 
7f1cf620c000-7f1cf620d000 ---p 00000000 00:00 0 
7f1cf620d000-7f1cf630d000 rw-p 00000000 00:00 0 
7f1cf630d000-7f1cf630e000 ---p 00000000 00:00 0 
7f1cf630e000-7f1cf640e000 rw-p 00000000 00:00 0 
7f1cf640e000-7f1cf640f000 ---p 00000000 00:00 0 
7f1cf640f000-7f1cf6533000 rw-p 00000000 00:00 0 
7f1cf6533000-7f1cf673b000 ---p 00000000 00:00 0 
7f1cf673b000-7f1cf675f000 rw-p 00000000 00:00 0 
7f1cf675f000-7f1cf6967000 ---p 00000000 00:00 0 
7f1cf6967000-7f1cf69c6000 rw-p 00000000 00:00 0 
7f1cf69c6000-7f1cf6a7d000 ---p 00000000 00:00 0 
7f1cf6a7d000-7f1cf6a8d000 rw-p 00000000 00:00 0 
7f1cf6a8d000-7f1cf6e3e000 ---p 00000000 00:00 0 
7f1cf6e3e000-7f1cf6e46000 r-xp 00000000 08:01 4992169                    /usr/lib/jvm/java-8-openjdk-amd64/jre/lib/amd64/libzip.so
7f1cf6e46000-7f1cf7045000 ---p 00008000 08:01 4992169                    /usr/lib/jvm/java-8-openjdk-amd64/jre/lib/amd64/libzip.so
7f1cf7045000-7f1cf7046000 r--p 00007000 08:01 4992169                    /usr/lib/jvm/java-8-openjdk-amd64/jre/lib/amd64/libzip.so
7f1cf7046000-7f1cf7047000 rw-p 00008000 08:01 4992169                    /usr/lib/jvm/java-8-openjdk-amd64/jre/lib/amd64/libzip.so
7f1cf7047000-7f1cf7052000 r-xp 00000000 08:01 1065545                    /lib/x86_64-linux-gnu/libnss_files-2.23.so
7f1cf7052000-7f1cf7251000 ---p 0000b000 08:01 1065545                    /lib/x86_64-linux-gnu/libnss_files-2.23.so
7f1cf7251000-7f1cf7252000 r--p 0000a000 08:01 1065545                    /lib/x86_64-linux-gnu/libnss_files-2.23.so
7f1cf7252000-7f1cf7253000 rw-p 0000b000 08:01 1065545                    /lib/x86_64-linux-gnu/libnss_files-2.23.so
7f1cf7253000-7f1cf7259000 rw-p 00000000 00:00 0 
7f1cf7259000-7f1cf7264000 r-xp 00000000 08:01 1065538                    /lib/x86_64-linux-gnu/libnss_nis-2.23.so
7f1cf7264000-7f1cf7463000 ---p 0000b000 08:01 1065538                    /lib/x86_64-linux-gnu/libnss_nis-2.23.so
7f1cf7463000-7f1cf7464000 r--p 0000a000 08:01 1065538                    /lib/x86_64-linux-gnu/libnss_nis-2.23.so
7f1cf7464000-7f1cf7465000 rw-p 0000b000 08:01 1065538                    /lib/x86_64-linux-gnu/libnss_nis-2.23.so
7f1cf7465000-7f1cf747b000 r-xp 00000000 08:01 1065543                    /lib/x86_64-linux-gnu/libnsl-2.23.so
7f1cf747b000-7f1cf767a000 ---p 00016000 08:01 1065543                    /lib/x86_64-linux-gnu/libnsl-2.23.so
7f1cf767a000-7f1cf767b000 r--p 00015000 08:01 1065543                    /lib/x86_64-linux-gnu/libnsl-2.23.so
7f1cf767b000-7f1cf767c000 rw-p 00016000 08:01 1065543                    /lib/x86_64-linux-gnu/libnsl-2.23.so
7f1cf767c000-7f1cf767e000 rw-p 00000000 00:00 0 
7f1cf767e000-7f1cf7686000 r-xp 00000000 08:01 1065549                    /lib/x86_64-linux-gnu/libnss_compat-2.23.so
7f1cf7686000-7f1cf7885000 ---p 00008000 08:01 1065549                    /lib/x86_64-linux-gnu/libnss_compat-2.23.so
7f1cf7885000-7f1cf7886000 r--p 00007000 08:01 1065549                    /lib/x86_64-linux-gnu/libnss_compat-2.23.so
7f1cf7886000-7f1cf7887000 rw-p 00008000 08:01 1065549                    /lib/x86_64-linux-gnu/libnss_compat-2.23.so
7f1cf7887000-7f1cf78b3000 r-xp 00000000 08:01 4992151                    /usr/lib/jvm/java-8-openjdk-amd64/jre/lib/amd64/libjava.so
7f1cf78b3000-7f1cf7ab2000 ---p 0002c000 08:01 4992151                    /usr/lib/jvm/java-8-openjdk-amd64/jre/lib/amd64/libjava.so
7f1cf7ab2000-7f1cf7ab3000 r--p 0002b000 08:01 4992151                    /usr/lib/jvm/java-8-openjdk-amd64/jre/lib/amd64/libjava.so
7f1cf7ab3000-7f1cf7ab5000 rw-p 0002c000 08:01 4992151                    /usr/lib/jvm/java-8-openjdk-amd64/jre/lib/amd64/libjava.so
7f1cf7ab5000-7f1cf7ac4000 r-xp 00000000 08:01 4992140                    /usr/lib/jvm/java-8-openjdk-amd64/jre/lib/amd64/libverify.so
7f1cf7ac4000-7f1cf7cc3000 ---p 0000f000 08:01 4992140                    /usr/lib/jvm/java-8-openjdk-amd64/jre/lib/amd64/libverify.so
7f1cf7cc3000-7f1cf7cc5000 r--p 0000e000 08:01 4992140                    /usr/lib/jvm/java-8-openjdk-amd64/jre/lib/amd64/libverify.so
7f1cf7cc5000-7f1cf7cc6000 rw-p 00010000 08:01 4992140                    /usr/lib/jvm/java-8-openjdk-amd64/jre/lib/amd64/libverify.so
7f1cf7cc6000-7f1cf7ccd000 r-xp 00000000 08:01 1065531                    /lib/x86_64-linux-gnu/librt-2.23.so
7f1cf7ccd000-7f1cf7ecc000 ---p 00007000 08:01 1065531                    /lib/x86_64-linux-gnu/librt-2.23.so
7f1cf7ecc000-7f1cf7ecd000 r--p 00006000 08:01 1065531                    /lib/x86_64-linux-gnu/librt-2.23.so
7f1cf7ecd000-7f1cf7ece000 rw-p 00007000 08:01 1065531                    /lib/x86_64-linux-gnu/librt-2.23.so
7f1cf7ece000-7f1cf7ee4000 r-xp 00000000 08:01 1053211                    /lib/x86_64-linux-gnu/libgcc_s.so.1
7f1cf7ee4000-7f1cf80e3000 ---p 00016000 08:01 1053211                    /lib/x86_64-linux-gnu/libgcc_s.so.1
7f1cf80e3000-7f1cf80e4000 rw-p 00015000 08:01 1053211                    /lib/x86_64-linux-gnu/libgcc_s.so.1
7f1cf80e4000-7f1cf81ec000 r-xp 00000000 08:01 1065551                    /lib/x86_64-linux-gnu/libm-2.23.so
7f1cf81ec000-7f1cf83eb000 ---p 00108000 08:01 1065551                    /lib/x86_64-linux-gnu/libm-2.23.so
7f1cf83eb000-7f1cf83ec000 r--p 00107000 08:01 1065551                    /lib/x86_64-linux-gnu/libm-2.23.so
7f1cf83ec000-7f1cf83ed000 rw-p 00108000 08:01 1065551                    /lib/x86_64-linux-gnu/libm-2.23.so
7f1cf83ed000-7f1cf855f000 r-xp 00000000 08:01 3932559                    /usr/lib/x86_64-linux-gnu/libstdc++.so.6.0.21
7f1cf855f000-7f1cf875f000 ---p 00172000 08:01 3932559                    /usr/lib/x86_64-linux-gnu/libstdc++.so.6.0.21
7f1cf875f000-7f1cf8769000 r--p 00172000 08:01 3932559                    /usr/lib/x86_64-linux-gnu/libstdc++.so.6.0.21
7f1cf8769000-7f1cf876b000 rw-p 0017c000 08:01 3932559                    /usr/lib/x86_64-linux-gnu/libstdc++.so.6.0.21
7f1cf876b000-7f1cf876f000 rw-p 00000000 00:00 0 
7f1cf876f000-7f1cf93d3000 r-xp 00000000 08:01 4992149                    /usr/lib/jvm/java-8-openjdk-amd64/jre/lib/amd64/server/libjvm.so
7f1cf93d3000-7f1cf95d2000 ---p 00c64000 08:01 4992149                    /usr/lib/jvm/java-8-openjdk-amd64/jre/lib/amd64/server/libjvm.so
7f1cf95d2000-7f1cf9666000 r--p 00c63000 08:01 4992149                    /usr/lib/jvm/java-8-openjdk-amd64/jre/lib/amd64/server/libjvm.so
7f1cf9666000-7f1cf968f000 rw-p 00cf7000 08:01 4992149                    /usr/lib/jvm/java-8-openjdk-amd64/jre/lib/amd64/server/libjvm.so
7f1cf968f000-7f1cf96bf000 rw-p 00000000 00:00 0 
7f1cf96bf000-7f1cf96d7000 r-xp 00000000 08:01 1065535                    /lib/x86_64-linux-gnu/libpthread-2.23.so
7f1cf96d7000-7f1cf98d6000 ---p 00018000 08:01 1065535                    /lib/x86_64-linux-gnu/libpthread-2.23.so
7f1cf98d6000-7f1cf98d7000 r--p 00017000 08:01 1065535                    /lib/x86_64-linux-gnu/libpthread-2.23.so
7f1cf98d7000-7f1cf98d8000 rw-p 00018000 08:01 1065535                    /lib/x86_64-linux-gnu/libpthread-2.23.so
7f1cf98d8000-7f1cf98dc000 rw-p 00000000 00:00 0 
7f1cf98dc000-7f1cf98df000 r-xp 00000000 08:01 1065533                    /lib/x86_64-linux-gnu/libdl-2.23.so
7f1cf98df000-7f1cf9ade000 ---p 00003000 08:01 1065533                    /lib/x86_64-linux-gnu/libdl-2.23.so
7f1cf9ade000-7f1cf9adf000 r--p 00002000 08:01 1065533                    /lib/x86_64-linux-gnu/libdl-2.23.so
7f1cf9adf000-7f1cf9ae0000 rw-p 00003000 08:01 1065533                    /lib/x86_64-linux-gnu/libdl-2.23.so
7f1cf9ae0000-7f1cf9af9000 r-xp 00000000 08:01 1065754                    /lib/x86_64-linux-gnu/libz.so.1.2.8
7f1cf9af9000-7f1cf9cf8000 ---p 00019000 08:01 1065754                    /lib/x86_64-linux-gnu/libz.so.1.2.8
7f1cf9cf8000-7f1cf9cf9000 r--p 00018000 08:01 1065754                    /lib/x86_64-linux-gnu/libz.so.1.2.8
7f1cf9cf9000-7f1cf9cfa000 rw-p 00019000 08:01 1065754                    /lib/x86_64-linux-gnu/libz.so.1.2.8
7f1cf9cfa000-7f1cf9eba000 r-xp 00000000 08:01 1065548                    /lib/x86_64-linux-gnu/libc-2.23.so
7f1cf9eba000-7f1cfa0ba000 ---p 001c0000 08:01 1065548                    /lib/x86_64-linux-gnu/libc-2.23.so
7f1cfa0ba000-7f1cfa0be000 r--p 001c0000 08:01 1065548                    /lib/x86_64-linux-gnu/libc-2.23.so
7f1cfa0be000-7f1cfa0c0000 rw-p 001c4000 08:01 1065548                    /lib/x86_64-linux-gnu/libc-2.23.so
7f1cfa0c0000-7f1cfa0c4000 rw-p 00000000 00:00 0 
7f1cfa0c4000-7f1cfa0d1000 r-xp 00000000 08:01 4992168                    /usr/lib/jvm/java-8-openjdk-amd64/jre/lib/amd64/jli/libjli.so
7f1cfa0d1000-7f1cfa2d0000 ---p 0000d000 08:01 4992168                    /usr/lib/jvm/java-8-openjdk-amd64/jre/lib/amd64/jli/libjli.so
7f1cfa2d0000-7f1cfa2d1000 r--p 0000c000 08:01 4992168                    /usr/lib/jvm/java-8-openjdk-amd64/jre/lib/amd64/jli/libjli.so
7f1cfa2d1000-7f1cfa2d2000 rw-p 0000d000 08:01 4992168                    /usr/lib/jvm/java-8-openjdk-amd64/jre/lib/amd64/jli/libjli.so
7f1cfa2d2000-7f1cfa2f8000 r-xp 00000000 08:01 1065534                    /lib/x86_64-linux-gnu/ld-2.23.so
7f1cfa2fe000-7f1cfa302000 r--s 000a1000 08:01 4992174                    /usr/lib/jvm/java-8-openjdk-amd64/jre/lib/jsse.jar
7f1cfa302000-7f1cfa30c000 r--s 00116000 08:01 4992203                    /usr/lib/jvm/java-8-openjdk-amd64/jre/lib/ext/localedata.jar
7f1cfa30c000-7f1cfa3d6000 rw-p 00000000 00:00 0 
7f1cfa3d6000-7f1cfa3d9000 ---p 00000000 00:00 0 
7f1cfa3d9000-7f1cfa4db000 rw-p 00000000 00:00 0 
7f1cfa4db000-7f1cfa4de000 r--s 0000f000 08:01 4992195                    /usr/lib/jvm/java-8-openjdk-amd64/jre/lib/ext/icedtea-sound.jar
7f1cfa4de000-7f1cfa4e0000 r--s 00008000 08:01 4992199                    /usr/lib/jvm/java-8-openjdk-amd64/jre/lib/ext/sunec.jar
7f1cfa4e0000-7f1cfa4e3000 r--s 00039000 08:01 4992204                    /usr/lib/jvm/java-8-openjdk-amd64/jre/lib/ext/sunpkcs11.jar
7f1cfa4e3000-7f1cfa4e4000 r--s 0000a000 08:01 4992201                    /usr/lib/jvm/java-8-openjdk-amd64/jre/lib/ext/jaccess.jar
7f1cfa4e4000-7f1cfa4e5000 r--s 00010000 08:01 4992198                    /usr/lib/jvm/java-8-openjdk-amd64/jre/lib/ext/zipfs.jar
7f1cfa4e5000-7f1cfa4ea000 r--s 0003c000 08:01 4992200                    /usr/lib/jvm/java-8-openjdk-amd64/jre/lib/ext/sunjce_provider.jar
7f1cfa4ea000-7f1cfa4ec000 r--s 00001000 08:01 4992202                    /usr/lib/jvm/java-8-openjdk-amd64/jre/lib/ext/dnsns.jar
7f1cfa4ec000-7f1cfa4f4000 rw-s 00000000 08:01 2884027                    /tmp/hsperfdata_nuz/21617
7f1cfa4f4000-7f1cfa4f5000 rw-p 00000000 00:00 0 
7f1cfa4f5000-7f1cfa4f6000 r--p 00000000 00:00 0 
7f1cfa4f6000-7f1cfa4f7000 rw-p 00000000 00:00 0 
7f1cfa4f7000-7f1cfa4f8000 r--p 00025000 08:01 1065534                    /lib/x86_64-linux-gnu/ld-2.23.so
7f1cfa4f8000-7f1cfa4f9000 rw-p 00026000 08:01 1065534                    /lib/x86_64-linux-gnu/ld-2.23.so
7f1cfa4f9000-7f1cfa4fa000 rw-p 00000000 00:00 0 
7fff19295000-7fff192b6000 rw-p 00000000 00:00 0                          [stack]
7fff193fa000-7fff193fc000 r--p 00000000 00:00 0                          [vvar]
7fff193fc000-7fff193fe000 r-xp 00000000 00:00 0                          [vdso]
ffffffffff600000-ffffffffff601000 r-xp 00000000 00:00 0                  [vsyscall]

VM Arguments:
java_command: target/blockchaindb-1.0.jar --id 3
java_class_path (initial): target/blockchaindb-1.0.jar
Launcher Type: SUN_STANDARD

Environment Variables:
PATH=/home/nuz/bin:/home/nuz/.local/bin:/usr/local/sbin:/usr/local/bin:/usr/sbin:/usr/bin:/sbin:/bin:/usr/games:/usr/local/games:/snap/bin:/home/nuz/workspace/gopackages/bin:/usr/lib/go/bin
SHELL=/bin/bash
DISPLAY=:0

Signal Handlers:
SIGSEGV: [libjvm.so+0xa765a0], sa_mask[0]=11111111011111111101111111111110, sa_flags=SA_RESTART|SA_SIGINFO
SIGBUS: [libjvm.so+0xa765a0], sa_mask[0]=11111111011111111101111111111110, sa_flags=SA_RESTART|SA_SIGINFO
SIGFPE: [libjvm.so+0x8bd800], sa_mask[0]=11111111011111111101111111111110, sa_flags=SA_RESTART|SA_SIGINFO
SIGPIPE: [libjvm.so+0x8bd800], sa_mask[0]=11111111011111111101111111111110, sa_flags=SA_RESTART|SA_SIGINFO
SIGXFSZ: [libjvm.so+0x8bd800], sa_mask[0]=11111111011111111101111111111110, sa_flags=SA_RESTART|SA_SIGINFO
SIGILL: [libjvm.so+0x8bd800], sa_mask[0]=11111111011111111101111111111110, sa_flags=SA_RESTART|SA_SIGINFO
SIGUSR1: SIG_DFL, sa_mask[0]=00000000000000000000000000000000, sa_flags=none
SIGUSR2: [libjvm.so+0x8bd6b0], sa_mask[0]=00000000000000000000000000000000, sa_flags=SA_RESTART|SA_SIGINFO
SIGHUP: [libjvm.so+0x8bdd40], sa_mask[0]=11111111011111111101111111111110, sa_flags=SA_RESTART|SA_SIGINFO
SIGINT: SIG_IGN, sa_mask[0]=00000000000000000000000000000000, sa_flags=none
SIGTERM: [libjvm.so+0x8bdd40], sa_mask[0]=11111111011111111101111111111110, sa_flags=SA_RESTART|SA_SIGINFO
SIGQUIT: [libjvm.so+0x8bdd40], sa_mask[0]=11111111011111111101111111111110, sa_flags=SA_RESTART|SA_SIGINFO


---------------  S Y S T E M  ---------------

OS:DISTRIB_ID=Ubuntu
DISTRIB_RELEASE=16.04
DISTRIB_CODENAME=xenial
DISTRIB_DESCRIPTION="Ubuntu 16.04.2 LTS"

uname:Linux 4.8.0-36-generic #36~16.04.1-Ubuntu SMP Sun Feb 5 09:39:57 UTC 2017 x86_64
libc:glibc 2.23 NPTL 2.23 
rlimit: STACK 8192k, CORE 0k, NPROC 26494, NOFILE 1048576, AS infinity
load average:1.80 1.40 1.14

/proc/meminfo:
MemTotal:        6825212 kB
MemFree:         1755760 kB
MemAvailable:    2118956 kB
Buffers:           26648 kB
Cached:          1098916 kB
SwapCached:          152 kB
Active:          3836952 kB
Inactive:         941820 kB
Active(anon):    3508740 kB
Inactive(anon):   736044 kB
Active(file):     328212 kB
Inactive(file):   205776 kB
Unevictable:        8620 kB
Mlocked:            8620 kB
SwapTotal:       7017468 kB
SwapFree:        7005580 kB
Dirty:              8724 kB
Writeback:             0 kB
AnonPages:       3408628 kB
Mapped:           515656 kB
Shmem:            583596 kB
Slab:             148788 kB
SReclaimable:      97016 kB
SUnreclaim:        51772 kB
KernelStack:       17392 kB
PageTables:        52592 kB
NFS_Unstable:          0 kB
Bounce:                0 kB
WritebackTmp:          0 kB
CommitLimit:    10430072 kB
Committed_AS:    9593612 kB
VmallocTotal:   34359738367 kB
VmallocUsed:           0 kB
VmallocChunk:          0 kB
HardwareCorrupted:     0 kB
AnonHugePages:   1746944 kB
ShmemHugePages:        0 kB
ShmemPmdMapped:        0 kB
CmaTotal:              0 kB
CmaFree:               0 kB
HugePages_Total:       0
HugePages_Free:        0
HugePages_Rsvd:        0
HugePages_Surp:        0
Hugepagesize:       2048 kB
DirectMap4k:      119500 kB
DirectMap2M:     6899712 kB

container (cgroup) information:
container_type: cgroupv1
cpu_cpuset_cpus: 0-7
cpu_memory_nodes: 0
active_processor_count: 8
cpu_quota: -1
cpu_period: 100000
cpu_shares: -1
memory_limit_in_bytes: -1
memory_and_swap_limit_in_bytes: -2
memory_soft_limit_in_bytes: -1
memory_usage_in_bytes: 4903346176
memory_max_usage_in_bytes: 557150208


CPU:total 8 (initial active 8) (4 cores per cpu, 2 threads per core) family 6 model 58 stepping 9, cmov, cx8, fxsr, mmx, sse, sse2, sse3, ssse3, sse4.1, sse4.2, popcnt, avx, aes, clmul, erms, ht, tsc, tscinvbit, tscinv

/proc/cpuinfo:
processor	: 0
vendor_id	: GenuineIntel
cpu family	: 6
model		: 58
model name	: Intel(R) Core(TM) i7-3740QM CPU @ 2.70GHz
stepping	: 9
microcode	: 0x12
cpu MHz		: 3365.277
cache size	: 6144 KB
physical id	: 0
siblings	: 8
core id		: 0
cpu cores	: 4
apicid		: 0
initial apicid	: 0
fpu		: yes
fpu_exception	: yes
cpuid level	: 13
wp		: yes
flags		: fpu vme de pse tsc msr pae mce cx8 apic sep mtrr pge mca cmov pat pse36 clflush dts acpi mmx fxsr sse sse2 ss ht tm pbe syscall nx rdtscp lm constant_tsc arch_perfmon pebs bts rep_good nopl xtopology nonstop_tsc aperfmperf eagerfpu pni pclmulqdq dtes64 monitor ds_cpl vmx smx est tm2 ssse3 cx16 xtpr pdcm pcid sse4_1 sse4_2 x2apic popcnt tsc_deadline_timer aes xsave avx f16c rdrand lahf_lm epb tpr_shadow vnmi flexpriority ept vpid fsgsbase smep erms xsaveopt dtherm ida arat pln pts
bugs		:
bogomips	: 5387.92
clflush size	: 64
cache_alignment	: 64
address sizes	: 36 bits physical, 48 bits virtual
power management:

processor	: 1
vendor_id	: GenuineIntel
cpu family	: 6
model		: 58
model name	: Intel(R) Core(TM) i7-3740QM CPU @ 2.70GHz
stepping	: 9
microcode	: 0x12
cpu MHz		: 2851.611
cache size	: 6144 KB
physical id	: 0
siblings	: 8
core id		: 0
cpu cores	: 4
apicid		: 1
initial apicid	: 1
fpu		: yes
fpu_exception	: yes
cpuid level	: 13
wp		: yes
flags		: fpu vme de pse tsc msr pae mce cx8 apic sep mtrr pge mca cmov pat pse36 clflush dts acpi mmx fxsr sse sse2 ss ht tm pbe syscall nx rdtscp lm constant_tsc arch_perfmon pebs bts rep_good nopl xtopology nonstop_tsc aperfmperf eagerfpu pni pclmulqdq dtes64 monitor ds_cpl vmx smx est tm2 ssse3 cx16 xtpr pdcm pcid sse4_1 sse4_2 x2apic popcnt tsc_deadline_timer aes xsave avx f16c rdrand lahf_lm epb tpr_shadow vnmi flexpriority ept vpid fsgsbase smep erms xsaveopt dtherm ida arat pln pts
bugs		:
bogomips	: 5387.92
clflush size	: 64
cache_alignment	: 64
address sizes	: 36 bits physical, 48 bits virtual
power management:

processor	: 2
vendor_id	: GenuineIntel
cpu family	: 6
model		: 58
model name	: Intel(R) Core(TM) i7-3740QM CPU @ 2.70GHz
stepping	: 9
microcode	: 0x12
cpu MHz		: 3162.579
cache size	: 6144 KB
physical id	: 0
siblings	: 8
core id		: 1
cpu cores	: 4
apicid		: 2
initial apicid	: 2
fpu		: yes
fpu_exception	: yes
cpuid level	: 13
wp		: yes
flags		: fpu vme de pse tsc msr pae mce cx8 apic sep mtrr pge mca cmov pat pse36 clflush dts acpi mmx fxsr sse sse2 ss ht tm pbe syscall nx rdtscp lm constant_tsc arch_perfmon pebs bts rep_good nopl xtopology nonstop_tsc aperfmperf eagerfpu pni pclmulqdq dtes64 monitor ds_cpl vmx smx est tm2 ssse3 cx16 xtpr pdcm pcid sse4_1 sse4_2 x2apic popcnt tsc_deadline_timer aes xsave avx f16c rdrand lahf_lm epb tpr_shadow vnmi flexpriority ept vpid fsgsbase smep erms xsaveopt dtherm ida arat pln pts
bugs		:
bogomips	: 5387.92
clflush size	: 64
cache_alignment	: 64
address sizes	: 36 bits physical, 48 bits virtual
power management:

processor	: 3
vendor_id	: GenuineIntel
cpu family	: 6
model		: 58
model name	: Intel(R) Core(TM) i7-3740QM CPU @ 2.70GHz
stepping	: 9
microcode	: 0x12
cpu MHz		: 3183.013
cache size	: 6144 KB
physical id	: 0
siblings	: 8
core id		: 1
cpu cores	: 4
apicid		: 3
initial apicid	: 3
fpu		: yes
fpu_exception	: yes
cpuid level	: 13
wp		: yes
flags		: fpu vme de pse tsc msr pae mce cx8 apic sep mtrr pge mca cmov pat pse36 clflush dts acpi mmx fxsr sse sse2 ss ht tm pbe syscall nx rdtscp lm constant_tsc arch_perfmon pebs bts rep_good nopl xtopology nonstop_tsc aperfmperf eagerfpu pni pclmulqdq dtes64 monitor ds_cpl vmx smx est tm2 ssse3 cx16 xtpr pdcm pcid sse4_1 sse4_2 x2apic popcnt tsc_deadline_timer aes xsave avx f16c rdrand lahf_lm epb tpr_shadow vnmi flexpriority ept vpid fsgsbase smep erms xsaveopt dtherm ida arat pln pts
bugs		:
bogomips	: 5387.92
clflush size	: 64
cache_alignment	: 64
address sizes	: 36 bits physical, 48 bits virtual
power management:

processor	: 4
vendor_id	: GenuineIntel
cpu family	: 6
model		: 58
model name	: Intel(R) Core(TM) i7-3740QM CPU @ 2.70GHz
stepping	: 9
microcode	: 0x12
cpu MHz		: 3193.890
cache size	: 6144 KB
physical id	: 0
siblings	: 8
core id		: 2
cpu cores	: 4
apicid		: 4
initial apicid	: 4
fpu		: yes
fpu_exception	: yes
cpuid level	: 13
wp		: yes
flags		: fpu vme de pse tsc msr pae mce cx8 apic sep mtrr pge mca cmov pat pse36 clflush dts acpi mmx fxsr sse sse2 ss ht tm pbe syscall nx rdtscp lm constant_tsc arch_perfmon pebs bts rep_good nopl xtopology nonstop_tsc aperfmperf eagerfpu pni pclmulqdq dtes64 monitor ds_cpl vmx smx est tm2 ssse3 cx16 xtpr pdcm pcid sse4_1 sse4_2 x2apic popcnt tsc_deadline_timer aes xsave avx f16c rdrand lahf_lm epb tpr_shadow vnmi flexpriority ept vpid fsgsbase smep erms xsaveopt dtherm ida arat pln pts
bugs		:
bogomips	: 5387.92
clflush size	: 64
cache_alignment	: 64
address sizes	: 36 bits physical, 48 bits virtual
power management:

processor	: 5
vendor_id	: GenuineIntel
cpu family	: 6
model		: 58
model name	: Intel(R) Core(TM) i7-3740QM CPU @ 2.70GHz
stepping	: 9
microcode	: 0x12
cpu MHz		: 3191.748
cache size	: 6144 KB
physical id	: 0
siblings	: 8
core id		: 2
cpu cores	: 4
apicid		: 5
initial apicid	: 5
fpu		: yes
fpu_exception	: yes
cpuid level	: 13
wp		: yes
flags		: fpu vme de pse tsc msr pae mce cx8 apic sep mtrr pge mca cmov pat pse36 clflush dts acpi mmx fxsr sse sse2 ss ht tm pbe syscall nx rdtscp lm constant_tsc arch_perfmon pebs bts rep_good nopl xtopology nonstop_tsc aperfmperf eagerfpu pni pclmulqdq dtes64 monitor ds_cpl vmx smx est tm2 ssse3 cx16 xtpr pdcm pcid sse4_1 sse4_2 x2apic popcnt tsc_deadline_timer aes xsave avx f16c rdrand lahf_lm epb tpr_shadow vnmi flexpriority ept vpid fsgsbase smep erms xsaveopt dtherm ida arat pln pts
bugs		:
bogomips	: 5387.92
clflush size	: 64
cache_alignment	: 64
address sizes	: 36 bits physical, 48 bits virtual
power management:

processor	: 6
vendor_id	: GenuineIntel
cpu family	: 6
model		: 58
model name	: Intel(R) Core(TM) i7-3740QM CPU @ 2.70GHz
stepping	: 9
microcode	: 0x12
cpu MHz		: 3210.699
cache size	: 6144 KB
physical id	: 0
siblings	: 8
core id		: 3
cpu cores	: 4
apicid		: 6
initial apicid	: 6
fpu		: yes
fpu_exception	: yes
cpuid level	: 13
wp		: yes
flags		: fpu vme de pse tsc msr pae mce cx8 apic sep mtrr pge mca cmov pat pse36 clflush dts acpi mmx fxsr sse sse2 ss ht tm pbe syscall nx rdtscp lm constant_tsc arch_perfmon pebs bts rep_good nopl xtopology nonstop_tsc aperfmperf eagerfpu pni pclmulqdq dtes64 monitor ds_cpl vmx smx est tm2 ssse3 cx16 xtpr pdcm pcid sse4_1 sse4_2 x2apic popcnt tsc_deadline_timer aes xsave avx f16c rdrand lahf_lm epb tpr_shadow vnmi flexpriority ept vpid fsgsbase smep erms xsaveopt dtherm ida arat pln pts
bugs		:
bogomips	: 5387.92
clflush size	: 64
cache_alignment	: 64
address sizes	: 36 bits physical, 48 bits virtual
power management:

processor	: 7
vendor_id	: GenuineIntel
cpu family	: 6
model		: 58
model name	: Intel(R) Core(TM) i7-3740QM CPU @ 2.70GHz
stepping	: 9
microcode	: 0x12
cpu MHz		: 3318.475
cache size	: 6144 KB
physical id	: 0
siblings	: 8
core id		: 3
cpu cores	: 4
apicid		: 7
initial apicid	: 7
fpu		: yes
fpu_exception	: yes
cpuid level	: 13
wp		: yes
flags		: fpu vme de pse tsc msr pae mce cx8 apic sep mtrr pge mca cmov pat pse36 clflush dts acpi mmx fxsr sse sse2 ss ht tm pbe syscall nx rdtscp lm constant_tsc arch_perfmon pebs bts rep_good nopl xtopology nonstop_tsc aperfmperf eagerfpu pni pclmulqdq dtes64 monitor ds_cpl vmx smx est tm2 ssse3 cx16 xtpr pdcm pcid sse4_1 sse4_2 x2apic popcnt tsc_deadline_timer aes xsave avx f16c rdrand lahf_lm epb tpr_shadow vnmi flexpriority ept vpid fsgsbase smep erms xsaveopt dtherm ida arat pln pts
bugs		:
bogomips	: 5387.92
clflush size	: 64
cache_alignment	: 64
address sizes	: 36 bits physical, 48 bits virtual
power management:



Memory: 4k page, physical 6825212k(1755760k free), swap 7017468k(7005580k free)

vm_info: OpenJDK 64-Bit Server VM (25.212-b03) for linux-amd64 JRE (1.8.0_212-8u212-b03-0ubuntu1.16.04.1-b03), built on Apr 26 2019 02:02:50 by "buildd" with gcc 5.4.0 20160609

time: Tue Jun 25 01:29:15 2019
timezone: CST
elapsed time: 492 seconds (0d 0h 8m 12s)

